{"contracts/8/adapter/ApeAdapter.sol":{"l":{"15":0,"16":0,"17":0,"22":0,"23":0,"25":0,"26":0,"27":0,"28":0,"29":0,"38":0,"39":0,"40":0,"45":0,"46":0,"48":0,"49":0,"50":0,"51":0,"52":0},"path":"/Users/oker/solidty/sor_smartcontract_dev/contracts/8/adapter/ApeAdapter.sol","s":{"1":0,"2":0,"3":0,"4":0,"5":0,"6":0,"7":0,"8":0,"9":0,"10":0,"11":0,"12":0,"13":0,"14":0,"15":0,"16":0,"17":0,"18":0,"19":0,"20":0},"b":{"1":[0,0],"2":[0,0]},"f":{"1":0,"2":0},"fnMap":{"1":{"name":"sellBase","line":10,"loc":{"start":{"line":10,"column":4},"end":{"line":30,"column":4}}},"2":{"name":"sellQuote","line":33,"loc":{"start":{"line":33,"column":4},"end":{"line":53,"column":4}}}},"statementMap":{"1":{"start":{"line":15,"column":8},"end":{"line":15,"column":47}},"2":{"start":{"line":16,"column":8},"end":{"line":16,"column":76}},"3":{"start":{"line":17,"column":8},"end":{"line":17,"column":480}},"4":{"start":{"line":22,"column":8},"end":{"line":22,"column":60}},"5":{"start":{"line":23,"column":8},"end":{"line":23,"column":53}},"6":{"start":{"line":25,"column":8},"end":{"line":25,"column":60}},"7":{"start":{"line":26,"column":8},"end":{"line":26,"column":62}},"8":{"start":{"line":27,"column":8},"end":{"line":27,"column":70}},"9":{"start":{"line":28,"column":8},"end":{"line":28,"column":60}},"10":{"start":{"line":29,"column":8},"end":{"line":29,"column":63}},"11":{"start":{"line":38,"column":8},"end":{"line":38,"column":48}},"12":{"start":{"line":39,"column":8},"end":{"line":39,"column":76}},"13":{"start":{"line":40,"column":8},"end":{"line":40,"column":1322}},"14":{"start":{"line":45,"column":8},"end":{"line":45,"column":61}},"15":{"start":{"line":46,"column":8},"end":{"line":46,"column":54}},"16":{"start":{"line":48,"column":8},"end":{"line":48,"column":62}},"17":{"start":{"line":49,"column":8},"end":{"line":49,"column":63}},"18":{"start":{"line":50,"column":8},"end":{"line":50,"column":71}},"19":{"start":{"line":51,"column":8},"end":{"line":51,"column":59}},"20":{"start":{"line":52,"column":8},"end":{"line":52,"column":62}}},"branchMap":{"1":{"line":17,"type":"if","locations":[{"start":{"line":17,"column":8},"end":{"line":17,"column":8}},{"start":{"line":17,"column":8},"end":{"line":17,"column":8}}]},"2":{"line":40,"type":"if","locations":[{"start":{"line":40,"column":8},"end":{"line":40,"column":8}},{"start":{"line":40,"column":8},"end":{"line":40,"column":8}}]}}},"contracts/8/adapter/BakeryAdapter.sol":{"l":{"35":0,"36":0,"37":0,"42":0,"43":0,"45":0,"46":0,"47":0,"48":0,"49":0,"58":0,"59":0,"60":0,"65":0,"66":0,"68":0,"69":0,"70":0,"71":0,"72":0},"path":"/Users/oker/solidty/sor_smartcontract_dev/contracts/8/adapter/BakeryAdapter.sol","s":{"1":0,"2":0,"3":0,"4":0,"5":0,"6":0,"7":0,"8":0,"9":0,"10":0,"11":0,"12":0,"13":0,"14":0,"15":0,"16":0,"17":0,"18":0,"19":0,"20":0},"b":{"1":[0,0],"2":[0,0]},"f":{"1":0,"2":0},"fnMap":{"1":{"name":"sellBase","line":30,"loc":{"start":{"line":30,"column":4},"end":{"line":50,"column":4}}},"2":{"name":"sellQuote","line":53,"loc":{"start":{"line":53,"column":4},"end":{"line":73,"column":4}}}},"statementMap":{"1":{"start":{"line":35,"column":8},"end":{"line":35,"column":47}},"2":{"start":{"line":36,"column":8},"end":{"line":36,"column":76}},"3":{"start":{"line":37,"column":8},"end":{"line":37,"column":877}},"4":{"start":{"line":42,"column":8},"end":{"line":42,"column":60}},"5":{"start":{"line":43,"column":8},"end":{"line":43,"column":53}},"6":{"start":{"line":45,"column":8},"end":{"line":45,"column":60}},"7":{"start":{"line":46,"column":8},"end":{"line":46,"column":62}},"8":{"start":{"line":47,"column":8},"end":{"line":47,"column":70}},"9":{"start":{"line":48,"column":8},"end":{"line":48,"column":60}},"10":{"start":{"line":49,"column":8},"end":{"line":49,"column":49}},"11":{"start":{"line":58,"column":8},"end":{"line":58,"column":48}},"12":{"start":{"line":59,"column":8},"end":{"line":59,"column":76}},"13":{"start":{"line":60,"column":8},"end":{"line":60,"column":1708}},"14":{"start":{"line":65,"column":8},"end":{"line":65,"column":61}},"15":{"start":{"line":66,"column":8},"end":{"line":66,"column":54}},"16":{"start":{"line":68,"column":8},"end":{"line":68,"column":62}},"17":{"start":{"line":69,"column":8},"end":{"line":69,"column":63}},"18":{"start":{"line":70,"column":8},"end":{"line":70,"column":71}},"19":{"start":{"line":71,"column":8},"end":{"line":71,"column":59}},"20":{"start":{"line":72,"column":8},"end":{"line":72,"column":48}}},"branchMap":{"1":{"line":37,"type":"if","locations":[{"start":{"line":37,"column":8},"end":{"line":37,"column":8}},{"start":{"line":37,"column":8},"end":{"line":37,"column":8}}]},"2":{"line":60,"type":"if","locations":[{"start":{"line":60,"column":8},"end":{"line":60,"column":8}},{"start":{"line":60,"column":8},"end":{"line":60,"column":8}}]}}},"contracts/8/adapter/BalancerAdapter.sol":{"l":{"20":0,"24":0,"26":0,"27":0,"29":0,"30":0,"31":0,"33":0,"34":0,"37":0,"41":0,"46":0,"47":0,"49":0,"57":0,"58":0,"71":0,"79":0},"path":"/Users/oker/solidty/sor_smartcontract_dev/contracts/8/adapter/BalancerAdapter.sol","s":{"1":0,"2":0,"3":0,"4":0,"5":0,"6":0,"7":0,"8":0,"9":0,"10":0,"11":0,"12":0,"13":0,"14":0,"15":0,"16":0,"17":0,"18":0},"b":{"1":[0,0],"2":[0,0],"3":[0,0],"4":[0,0],"5":[0,0]},"f":{"1":0,"2":0,"3":0},"fnMap":{"1":{"name":"_balancerSwap","line":15,"loc":{"start":{"line":15,"column":4},"end":{"line":64,"column":4}}},"2":{"name":"sellBase","line":66,"loc":{"start":{"line":66,"column":4},"end":{"line":72,"column":4}}},"3":{"name":"sellQuote","line":74,"loc":{"start":{"line":74,"column":4},"end":{"line":80,"column":4}}}},"statementMap":{"1":{"start":{"line":20,"column":8},"end":{"line":20,"column":549}},"2":{"start":{"line":24,"column":8},"end":{"line":24,"column":74}},"3":{"start":{"line":26,"column":8},"end":{"line":26,"column":44}},"4":{"start":{"line":27,"column":8},"end":{"line":27,"column":45}},"5":{"start":{"line":29,"column":8},"end":{"line":29,"column":848}},"6":{"start":{"line":30,"column":12},"end":{"line":30,"column":916}},"7":{"start":{"line":31,"column":16},"end":{"line":31,"column":45}},"8":{"start":{"line":33,"column":12},"end":{"line":33,"column":1028}},"9":{"start":{"line":34,"column":16},"end":{"line":34,"column":46}},"10":{"start":{"line":37,"column":8},"end":{"line":37,"column":1143}},"11":{"start":{"line":41,"column":8},"end":{"line":41,"column":1263}},"12":{"start":{"line":46,"column":8},"end":{"line":46,"column":76}},"13":{"start":{"line":47,"column":8},"end":{"line":47,"column":70}},"14":{"start":{"line":49,"column":8},"end":{"line":49,"column":1535}},"15":{"start":{"line":57,"column":8},"end":{"line":57,"column":1712}},"16":{"start":{"line":58,"column":12},"end":{"line":58,"column":1755}},"17":{"start":{"line":71,"column":8},"end":{"line":71,"column":40}},"18":{"start":{"line":79,"column":8},"end":{"line":79,"column":40}}},"branchMap":{"1":{"line":30,"type":"if","locations":[{"start":{"line":30,"column":12},"end":{"line":30,"column":12}},{"start":{"line":30,"column":12},"end":{"line":30,"column":12}}]},"2":{"line":33,"type":"if","locations":[{"start":{"line":33,"column":12},"end":{"line":33,"column":12}},{"start":{"line":33,"column":12},"end":{"line":33,"column":12}}]},"3":{"line":37,"type":"if","locations":[{"start":{"line":37,"column":8},"end":{"line":37,"column":8}},{"start":{"line":37,"column":8},"end":{"line":37,"column":8}}]},"4":{"line":41,"type":"if","locations":[{"start":{"line":41,"column":8},"end":{"line":41,"column":8}},{"start":{"line":41,"column":8},"end":{"line":41,"column":8}}]},"5":{"line":57,"type":"if","locations":[{"start":{"line":57,"column":8},"end":{"line":57,"column":8}},{"start":{"line":57,"column":8},"end":{"line":57,"column":8}}]}}},"contracts/8/adapter/BalancerV2Adapter.sol":{"l":{"19":0,"20":0,"28":0,"36":0,"37":0,"38":0,"40":0,"43":0,"44":0,"45":0,"46":0,"49":0,"52":0,"54":0,"55":0,"56":0,"59":0,"65":0,"72":0,"77":0,"78":0,"79":0,"92":0,"100":0,"106":0,"107":0},"path":"/Users/oker/solidty/sor_smartcontract_dev/contracts/8/adapter/BalancerV2Adapter.sol","s":{"1":0,"2":0,"3":0,"4":0,"5":0,"6":0,"7":0,"8":0,"9":0,"10":0,"11":0,"12":0,"13":0,"14":0,"15":0,"16":0,"17":0,"18":0,"19":0,"20":0,"21":0,"22":0,"23":0,"24":0,"25":0},"b":{"1":[0,0],"2":[0,0],"3":[0,0],"4":[0,0]},"f":{"1":0,"2":0,"3":0,"4":0},"fnMap":{"1":{"name":"constructor","line":18,"loc":{"start":{"line":18,"column":4},"end":{"line":21,"column":4}}},"2":{"name":"_balancerV2Swap","line":23,"loc":{"start":{"line":23,"column":4},"end":{"line":85,"column":4}}},"3":{"name":"sellBase","line":87,"loc":{"start":{"line":87,"column":4},"end":{"line":93,"column":4}}},"4":{"name":"sellQuote","line":95,"loc":{"start":{"line":95,"column":4},"end":{"line":101,"column":4}}}},"statementMap":{"1":{"start":{"line":19,"column":8},"end":{"line":19,"column":37}},"2":{"start":{"line":20,"column":8},"end":{"line":20,"column":27}},"3":{"start":{"line":28,"column":8},"end":{"line":28,"column":779}},"4":{"start":{"line":36,"column":8},"end":{"line":36,"column":30}},"5":{"start":{"line":37,"column":8},"end":{"line":37,"column":1174}},"6":{"start":{"line":38,"column":12},"end":{"line":38,"column":68}},"7":{"start":{"line":40,"column":12},"end":{"line":40,"column":68}},"8":{"start":{"line":43,"column":8},"end":{"line":43,"column":53}},"9":{"start":{"line":44,"column":8},"end":{"line":44,"column":33}},"10":{"start":{"line":45,"column":8},"end":{"line":45,"column":59}},"11":{"start":{"line":46,"column":8},"end":{"line":46,"column":1555}},"12":{"start":{"line":49,"column":8},"end":{"line":49,"column":1665}},"13":{"start":{"line":52,"column":8},"end":{"line":52,"column":37}},"14":{"start":{"line":54,"column":8},"end":{"line":54,"column":51}},"15":{"start":{"line":55,"column":8},"end":{"line":55,"column":34}},"16":{"start":{"line":56,"column":8},"end":{"line":56,"column":26}},"17":{"start":{"line":59,"column":8},"end":{"line":59,"column":1940}},"18":{"start":{"line":65,"column":8},"end":{"line":65,"column":2231}},"19":{"start":{"line":72,"column":8},"end":{"line":72,"column":2394}},"20":{"start":{"line":77,"column":8},"end":{"line":77,"column":2554}},"21":{"start":{"line":78,"column":12},"end":{"line":78,"column":70}},"22":{"start":{"line":78,"column":44},"end":{"line":78,"column":69}},"23":{"start":{"line":79,"column":12},"end":{"line":79,"column":2669}},"24":{"start":{"line":92,"column":8},"end":{"line":92,"column":43}},"25":{"start":{"line":100,"column":8},"end":{"line":100,"column":43}}},"branchMap":{"1":{"line":37,"type":"if","locations":[{"start":{"line":37,"column":8},"end":{"line":37,"column":8}},{"start":{"line":37,"column":8},"end":{"line":37,"column":8}}]},"2":{"line":77,"type":"if","locations":[{"start":{"line":77,"column":8},"end":{"line":77,"column":8}},{"start":{"line":77,"column":8},"end":{"line":77,"column":8}}]},"3":{"line":78,"type":"if","locations":[{"start":{"line":78,"column":12},"end":{"line":78,"column":12}},{"start":{"line":78,"column":12},"end":{"line":78,"column":12}}]},"4":{"line":106,"type":"if","locations":[{"start":{"line":106,"column":8},"end":{"line":106,"column":8}},{"start":{"line":106,"column":8},"end":{"line":106,"column":8}}]}}},"contracts/8/adapter/BancorAdapter.sol":{"l":{"18":0,"19":0,"27":0,"28":0,"32":0,"37":0,"40":0,"41":0,"42":0,"43":0,"44":0,"45":0,"47":0,"49":0,"52":0,"55":0,"64":0,"69":0,"70":0,"71":0,"72":0,"74":0,"87":0,"95":0,"101":0,"102":0},"path":"/Users/oker/solidty/sor_smartcontract_dev/contracts/8/adapter/BancorAdapter.sol","s":{"1":0,"2":0,"3":0,"4":0,"5":0,"6":0,"7":0,"8":0,"9":0,"10":0,"11":0,"12":0,"13":0,"14":0,"15":0,"16":0,"17":0,"18":0,"19":0,"20":0,"21":0,"22":0,"23":0,"24":0},"b":{"1":[0,0],"2":[0,0],"3":[0,0],"4":[0,0],"5":[0,0]},"f":{"1":0,"2":0,"3":0,"4":0},"fnMap":{"1":{"name":"constructor","line":17,"loc":{"start":{"line":17,"column":4},"end":{"line":20,"column":4}}},"2":{"name":"_bancorTrade","line":22,"loc":{"start":{"line":22,"column":4},"end":{"line":80,"column":4}}},"3":{"name":"sellBase","line":82,"loc":{"start":{"line":82,"column":4},"end":{"line":88,"column":4}}},"4":{"name":"sellQuote","line":90,"loc":{"start":{"line":90,"column":4},"end":{"line":96,"column":4}}}},"statementMap":{"1":{"start":{"line":18,"column":8},"end":{"line":18,"column":39}},"2":{"start":{"line":19,"column":8},"end":{"line":19,"column":27}},"3":{"start":{"line":27,"column":8},"end":{"line":27,"column":69}},"4":{"start":{"line":28,"column":8},"end":{"line":28,"column":873}},"5":{"start":{"line":32,"column":8},"end":{"line":32,"column":1002}},"6":{"start":{"line":37,"column":8},"end":{"line":37,"column":65}},"7":{"start":{"line":40,"column":8},"end":{"line":40,"column":30}},"8":{"start":{"line":41,"column":8},"end":{"line":41,"column":29}},"9":{"start":{"line":42,"column":8},"end":{"line":42,"column":1326}},"10":{"start":{"line":43,"column":12},"end":{"line":43,"column":68}},"11":{"start":{"line":44,"column":12},"end":{"line":44,"column":51}},"12":{"start":{"line":45,"column":12},"end":{"line":45,"column":33}},"13":{"start":{"line":47,"column":12},"end":{"line":47,"column":68}},"14":{"start":{"line":49,"column":12},"end":{"line":49,"column":66}},"15":{"start":{"line":52,"column":8},"end":{"line":52,"column":70}},"16":{"start":{"line":55,"column":8},"end":{"line":55,"column":1811}},"17":{"start":{"line":64,"column":8},"end":{"line":64,"column":2047}},"18":{"start":{"line":69,"column":8},"end":{"line":69,"column":2208}},"19":{"start":{"line":70,"column":12},"end":{"line":70,"column":2251}},"20":{"start":{"line":71,"column":16},"end":{"line":71,"column":65}},"21":{"start":{"line":72,"column":16},"end":{"line":72,"column":41}},"22":{"start":{"line":74,"column":12},"end":{"line":74,"column":2423}},"23":{"start":{"line":87,"column":8},"end":{"line":87,"column":39}},"24":{"start":{"line":95,"column":8},"end":{"line":95,"column":39}}},"branchMap":{"1":{"line":37,"type":"if","locations":[{"start":{"line":37,"column":8},"end":{"line":37,"column":8}},{"start":{"line":37,"column":8},"end":{"line":37,"column":8}}]},"2":{"line":42,"type":"if","locations":[{"start":{"line":42,"column":8},"end":{"line":42,"column":8}},{"start":{"line":42,"column":8},"end":{"line":42,"column":8}}]},"3":{"line":69,"type":"if","locations":[{"start":{"line":69,"column":8},"end":{"line":69,"column":8}},{"start":{"line":69,"column":8},"end":{"line":69,"column":8}}]},"4":{"line":70,"type":"if","locations":[{"start":{"line":70,"column":12},"end":{"line":70,"column":12}},{"start":{"line":70,"column":12},"end":{"line":70,"column":12}}]},"5":{"line":101,"type":"if","locations":[{"start":{"line":101,"column":8},"end":{"line":101,"column":8}},{"start":{"line":101,"column":8},"end":{"line":101,"column":8}}]}}},"contracts/8/adapter/BiAdapter.sol":{"l":{"15":0,"16":0,"18":0,"23":0,"24":0,"26":0,"28":0,"29":0,"30":0,"31":0,"40":0,"41":0,"43":0,"48":0,"49":0,"51":0,"53":0,"54":0,"55":0,"56":0},"path":"/Users/oker/solidty/sor_smartcontract_dev/contracts/8/adapter/BiAdapter.sol","s":{"1":0,"2":0,"3":0,"4":0,"5":0,"6":0,"7":0,"8":0,"9":0,"10":0,"11":0,"12":0,"13":0,"14":0,"15":0,"16":0,"17":0,"18":0,"19":0,"20":0},"b":{"1":[0,0],"2":[0,0]},"f":{"1":0,"2":0},"fnMap":{"1":{"name":"sellBase","line":10,"loc":{"start":{"line":10,"column":4},"end":{"line":32,"column":4}}},"2":{"name":"sellQuote","line":35,"loc":{"start":{"line":35,"column":4},"end":{"line":57,"column":4}}}},"statementMap":{"1":{"start":{"line":15,"column":8},"end":{"line":15,"column":54}},"2":{"start":{"line":16,"column":8},"end":{"line":16,"column":433}},"3":{"start":{"line":18,"column":8},"end":{"line":18,"column":513}},"4":{"start":{"line":23,"column":8},"end":{"line":23,"column":60}},"5":{"start":{"line":24,"column":8},"end":{"line":24,"column":53}},"6":{"start":{"line":26,"column":8},"end":{"line":26,"column":797}},"7":{"start":{"line":28,"column":8},"end":{"line":28,"column":62}},"8":{"start":{"line":29,"column":8},"end":{"line":29,"column":70}},"9":{"start":{"line":30,"column":8},"end":{"line":30,"column":60}},"10":{"start":{"line":31,"column":8},"end":{"line":31,"column":70}},"11":{"start":{"line":40,"column":8},"end":{"line":40,"column":55}},"12":{"start":{"line":41,"column":8},"end":{"line":41,"column":1357}},"13":{"start":{"line":43,"column":8},"end":{"line":43,"column":1437}},"14":{"start":{"line":48,"column":8},"end":{"line":48,"column":61}},"15":{"start":{"line":49,"column":8},"end":{"line":49,"column":54}},"16":{"start":{"line":51,"column":8},"end":{"line":51,"column":1723}},"17":{"start":{"line":53,"column":8},"end":{"line":53,"column":63}},"18":{"start":{"line":54,"column":8},"end":{"line":54,"column":71}},"19":{"start":{"line":55,"column":8},"end":{"line":55,"column":59}},"20":{"start":{"line":56,"column":8},"end":{"line":56,"column":69}}},"branchMap":{"1":{"line":18,"type":"if","locations":[{"start":{"line":18,"column":8},"end":{"line":18,"column":8}},{"start":{"line":18,"column":8},"end":{"line":18,"column":8}}]},"2":{"line":43,"type":"if","locations":[{"start":{"line":43,"column":8},"end":{"line":43,"column":8}},{"start":{"line":43,"column":8},"end":{"line":43,"column":8}}]}}},"contracts/8/adapter/CurveAdapter.sol":{"l":{"16":0,"23":0,"25":0,"28":0,"29":0,"31":0,"34":0,"35":0,"48":0,"56":0,"62":0,"63":0},"path":"/Users/oker/solidty/sor_smartcontract_dev/contracts/8/adapter/CurveAdapter.sol","s":{"1":0,"2":0,"3":0,"4":0,"5":0,"6":0,"7":0,"8":0,"9":0,"10":0},"b":{"1":[0,0],"2":[0,0],"3":[0,0]},"f":{"1":0,"2":0,"3":0},"fnMap":{"1":{"name":"_curveSwap","line":11,"loc":{"start":{"line":11,"column":4},"end":{"line":41,"column":4}}},"2":{"name":"sellBase","line":43,"loc":{"start":{"line":43,"column":4},"end":{"line":49,"column":4}}},"3":{"name":"sellQuote","line":51,"loc":{"start":{"line":51,"column":4},"end":{"line":57,"column":4}}}},"statementMap":{"1":{"start":{"line":16,"column":8},"end":{"line":16,"column":477}},"2":{"start":{"line":23,"column":8},"end":{"line":23,"column":71}},"3":{"start":{"line":25,"column":8},"end":{"line":25,"column":65}},"4":{"start":{"line":28,"column":8},"end":{"line":28,"column":809}},"5":{"start":{"line":29,"column":12},"end":{"line":29,"column":64}},"6":{"start":{"line":31,"column":12},"end":{"line":31,"column":53}},"7":{"start":{"line":34,"column":8},"end":{"line":34,"column":989}},"8":{"start":{"line":35,"column":12},"end":{"line":35,"column":1032}},"9":{"start":{"line":48,"column":8},"end":{"line":48,"column":37}},"10":{"start":{"line":56,"column":8},"end":{"line":56,"column":37}}},"branchMap":{"1":{"line":28,"type":"if","locations":[{"start":{"line":28,"column":8},"end":{"line":28,"column":8}},{"start":{"line":28,"column":8},"end":{"line":28,"column":8}}]},"2":{"line":34,"type":"if","locations":[{"start":{"line":34,"column":8},"end":{"line":34,"column":8}},{"start":{"line":34,"column":8},"end":{"line":34,"column":8}}]},"3":{"line":62,"type":"if","locations":[{"start":{"line":62,"column":8},"end":{"line":62,"column":8}},{"start":{"line":62,"column":8},"end":{"line":62,"column":8}}]}}},"contracts/8/adapter/CurveV2Adapter.sol":{"l":{"16":0,"24":0,"29":0,"30":0,"31":0,"32":0,"33":0,"34":0,"41":0,"42":0,"43":0,"52":0,"57":0,"58":0,"59":0,"60":0,"62":0,"75":0,"83":0,"89":0,"90":0},"path":"/Users/oker/solidty/sor_smartcontract_dev/contracts/8/adapter/CurveV2Adapter.sol","s":{"1":0,"2":0,"3":0,"4":0,"5":0,"6":0,"7":0,"8":0,"9":0,"10":0,"11":0,"12":0,"13":0,"14":0,"15":0,"16":0,"17":0,"18":0,"19":0},"b":{"1":[0,0],"2":[0,0],"3":[0,0],"4":[0,0]},"f":{"1":0,"2":0,"3":0,"4":0},"fnMap":{"1":{"name":"constructor","line":15,"loc":{"start":{"line":15,"column":4},"end":{"line":17,"column":4}}},"2":{"name":"_curveSwap","line":19,"loc":{"start":{"line":19,"column":4},"end":{"line":68,"column":4}}},"3":{"name":"sellBase","line":70,"loc":{"start":{"line":70,"column":4},"end":{"line":76,"column":4}}},"4":{"name":"sellQuote","line":78,"loc":{"start":{"line":78,"column":4},"end":{"line":84,"column":4}}}},"statementMap":{"1":{"start":{"line":16,"column":8},"end":{"line":16,"column":27}},"2":{"start":{"line":24,"column":8},"end":{"line":24,"column":643}},"3":{"start":{"line":29,"column":8},"end":{"line":29,"column":30}},"4":{"start":{"line":30,"column":8},"end":{"line":30,"column":32}},"5":{"start":{"line":31,"column":8},"end":{"line":31,"column":868}},"6":{"start":{"line":32,"column":12},"end":{"line":32,"column":68}},"7":{"start":{"line":33,"column":12},"end":{"line":33,"column":51}},"8":{"start":{"line":34,"column":12},"end":{"line":34,"column":1041}},"9":{"start":{"line":41,"column":12},"end":{"line":41,"column":66}},"10":{"start":{"line":42,"column":12},"end":{"line":42,"column":69}},"11":{"start":{"line":43,"column":12},"end":{"line":43,"column":1369}},"12":{"start":{"line":52,"column":8},"end":{"line":52,"column":1563}},"13":{"start":{"line":57,"column":8},"end":{"line":57,"column":1710}},"14":{"start":{"line":58,"column":12},"end":{"line":58,"column":1753}},"15":{"start":{"line":59,"column":16},"end":{"line":59,"column":65}},"16":{"start":{"line":60,"column":16},"end":{"line":60,"column":37}},"17":{"start":{"line":62,"column":12},"end":{"line":62,"column":1917}},"18":{"start":{"line":75,"column":8},"end":{"line":75,"column":37}},"19":{"start":{"line":83,"column":8},"end":{"line":83,"column":37}}},"branchMap":{"1":{"line":31,"type":"if","locations":[{"start":{"line":31,"column":8},"end":{"line":31,"column":8}},{"start":{"line":31,"column":8},"end":{"line":31,"column":8}}]},"2":{"line":57,"type":"if","locations":[{"start":{"line":57,"column":8},"end":{"line":57,"column":8}},{"start":{"line":57,"column":8},"end":{"line":57,"column":8}}]},"3":{"line":58,"type":"if","locations":[{"start":{"line":58,"column":12},"end":{"line":58,"column":12}},{"start":{"line":58,"column":12},"end":{"line":58,"column":12}}]},"4":{"line":89,"type":"if","locations":[{"start":{"line":89,"column":8},"end":{"line":89,"column":8}},{"start":{"line":89,"column":8},"end":{"line":89,"column":8}}]}}},"contracts/8/adapter/DODOV2Adapter.sol":{"l":{"13":0,"21":0},"path":"/Users/oker/solidty/sor_smartcontract_dev/contracts/8/adapter/DODOV2Adapter.sol","s":{"1":0,"2":0},"b":{},"f":{"1":0,"2":0},"fnMap":{"1":{"name":"sellBase","line":8,"loc":{"start":{"line":8,"column":4},"end":{"line":14,"column":4}}},"2":{"name":"sellQuote","line":16,"loc":{"start":{"line":16,"column":4},"end":{"line":22,"column":4}}}},"statementMap":{"1":{"start":{"line":13,"column":8},"end":{"line":13,"column":33}},"2":{"start":{"line":21,"column":8},"end":{"line":21,"column":34}}},"branchMap":{}},"contracts/8/adapter/KyberAdapter.sol":{"l":{"20":0,"21":0,"28":0,"35":0,"37":0,"39":0,"42":0,"51":0,"52":0,"59":0,"64":0,"66":0,"68":0,"71":0},"path":"/Users/oker/solidty/sor_smartcontract_dev/contracts/8/adapter/KyberAdapter.sol","s":{"1":0,"2":0,"3":0,"4":0,"5":0,"6":0,"7":0,"8":0,"9":0,"10":0,"11":0,"12":0,"13":0,"14":0},"b":{"1":[0,0],"2":[0,0]},"f":{"1":0,"2":0},"fnMap":{"1":{"name":"sellBase","line":15,"loc":{"start":{"line":15,"column":4},"end":{"line":43,"column":4}}},"2":{"name":"sellQuote","line":46,"loc":{"start":{"line":46,"column":4},"end":{"line":72,"column":4}}}},"statementMap":{"1":{"start":{"line":20,"column":8},"end":{"line":20,"column":48}},"2":{"start":{"line":21,"column":8},"end":{"line":21,"column":628}},"3":{"start":{"line":28,"column":8},"end":{"line":28,"column":811}},"4":{"start":{"line":35,"column":8},"end":{"line":35,"column":52}},"5":{"start":{"line":37,"column":8},"end":{"line":37,"column":1113}},"6":{"start":{"line":39,"column":8},"end":{"line":39,"column":1229}},"7":{"start":{"line":42,"column":8},"end":{"line":42,"column":65}},"8":{"start":{"line":51,"column":8},"end":{"line":51,"column":49}},"9":{"start":{"line":52,"column":8},"end":{"line":52,"column":1614}},"10":{"start":{"line":59,"column":8},"end":{"line":59,"column":1797}},"11":{"start":{"line":64,"column":8},"end":{"line":64,"column":53}},"12":{"start":{"line":66,"column":8},"end":{"line":66,"column":2023}},"13":{"start":{"line":68,"column":8},"end":{"line":68,"column":2141}},"14":{"start":{"line":71,"column":8},"end":{"line":71,"column":64}}},"branchMap":{"1":{"line":28,"type":"if","locations":[{"start":{"line":28,"column":8},"end":{"line":28,"column":8}},{"start":{"line":28,"column":8},"end":{"line":28,"column":8}}]},"2":{"line":59,"type":"if","locations":[{"start":{"line":59,"column":8},"end":{"line":59,"column":8}},{"start":{"line":59,"column":8},"end":{"line":59,"column":8}}]}}},"contracts/8/adapter/PancakeAdapter.sol":{"l":{"15":0,"16":0,"17":0,"22":0,"23":0,"25":0,"26":0,"27":0,"28":0,"29":0,"38":0,"39":0,"40":0,"45":0,"46":0,"48":0,"49":0,"50":0,"51":0,"52":0},"path":"/Users/oker/solidty/sor_smartcontract_dev/contracts/8/adapter/PancakeAdapter.sol","s":{"1":0,"2":0,"3":0,"4":0,"5":0,"6":0,"7":0,"8":0,"9":0,"10":0,"11":0,"12":0,"13":0,"14":0,"15":0,"16":0,"17":0,"18":0,"19":0,"20":0},"b":{"1":[0,0],"2":[0,0]},"f":{"1":0,"2":0},"fnMap":{"1":{"name":"sellBase","line":10,"loc":{"start":{"line":10,"column":4},"end":{"line":30,"column":4}}},"2":{"name":"sellQuote","line":33,"loc":{"start":{"line":33,"column":4},"end":{"line":53,"column":4}}}},"statementMap":{"1":{"start":{"line":15,"column":8},"end":{"line":15,"column":47}},"2":{"start":{"line":16,"column":8},"end":{"line":16,"column":76}},"3":{"start":{"line":17,"column":8},"end":{"line":17,"column":484}},"4":{"start":{"line":22,"column":8},"end":{"line":22,"column":60}},"5":{"start":{"line":23,"column":8},"end":{"line":23,"column":53}},"6":{"start":{"line":25,"column":8},"end":{"line":25,"column":61}},"7":{"start":{"line":26,"column":8},"end":{"line":26,"column":62}},"8":{"start":{"line":27,"column":8},"end":{"line":27,"column":71}},"9":{"start":{"line":28,"column":8},"end":{"line":28,"column":60}},"10":{"start":{"line":29,"column":8},"end":{"line":29,"column":63}},"11":{"start":{"line":38,"column":8},"end":{"line":38,"column":48}},"12":{"start":{"line":39,"column":8},"end":{"line":39,"column":76}},"13":{"start":{"line":40,"column":8},"end":{"line":40,"column":1332}},"14":{"start":{"line":45,"column":8},"end":{"line":45,"column":61}},"15":{"start":{"line":46,"column":8},"end":{"line":46,"column":54}},"16":{"start":{"line":48,"column":8},"end":{"line":48,"column":63}},"17":{"start":{"line":49,"column":8},"end":{"line":49,"column":63}},"18":{"start":{"line":50,"column":8},"end":{"line":50,"column":72}},"19":{"start":{"line":51,"column":8},"end":{"line":51,"column":59}},"20":{"start":{"line":52,"column":8},"end":{"line":52,"column":62}}},"branchMap":{"1":{"line":17,"type":"if","locations":[{"start":{"line":17,"column":8},"end":{"line":17,"column":8}},{"start":{"line":17,"column":8},"end":{"line":17,"column":8}}]},"2":{"line":40,"type":"if","locations":[{"start":{"line":40,"column":8},"end":{"line":40,"column":8}},{"start":{"line":40,"column":8},"end":{"line":40,"column":8}}]}}},"contracts/8/adapter/PMMAdapter.sol":{"l":{"16":36,"17":36,"25":15,"30":15,"33":15,"34":15,"35":15,"41":15,"44":15,"45":15,"46":3,"52":15,"53":15,"54":12,"61":15,"69":15,"73":15,"81":0,"85":0},"path":"/Users/oker/solidty/sor_smartcontract_dev/contracts/8/adapter/PMMAdapter.sol","s":{"1":36,"2":36,"3":15,"4":15,"5":15,"6":15,"7":15,"8":15,"9":15,"10":15,"11":3,"12":15,"13":15,"14":12,"15":15,"16":15,"17":15,"18":0,"19":0},"b":{"1":[3,12],"2":[12,3],"3":[15,0],"4":[0,0]},"f":{"1":36,"2":15,"3":15,"4":0},"fnMap":{"1":{"name":"constructor","line":15,"loc":{"start":{"line":15,"column":4},"end":{"line":18,"column":4}}},"2":{"name":"_pmmSwap","line":20,"loc":{"start":{"line":20,"column":4},"end":{"line":62,"column":4}}},"3":{"name":"sellBase","line":64,"loc":{"start":{"line":64,"column":4},"end":{"line":74,"column":4}}},"4":{"name":"sellQuote","line":76,"loc":{"start":{"line":76,"column":4},"end":{"line":86,"column":4}}}},"statementMap":{"1":{"start":{"line":16,"column":8},"end":{"line":16,"column":33}},"2":{"start":{"line":17,"column":8},"end":{"line":17,"column":29}},"3":{"start":{"line":25,"column":8},"end":{"line":25,"column":716}},"4":{"start":{"line":30,"column":8},"end":{"line":30,"column":79}},"5":{"start":{"line":33,"column":8},"end":{"line":33,"column":71}},"6":{"start":{"line":34,"column":8},"end":{"line":34,"column":73}},"7":{"start":{"line":35,"column":8},"end":{"line":35,"column":1105}},"8":{"start":{"line":41,"column":8},"end":{"line":41,"column":76}},"9":{"start":{"line":44,"column":8},"end":{"line":44,"column":76}},"10":{"start":{"line":45,"column":8},"end":{"line":45,"column":1411}},"11":{"start":{"line":46,"column":12},"end":{"line":46,"column":1446}},"12":{"start":{"line":52,"column":8},"end":{"line":52,"column":72}},"13":{"start":{"line":53,"column":8},"end":{"line":53,"column":1703}},"14":{"start":{"line":54,"column":12},"end":{"line":54,"column":1736}},"15":{"start":{"line":61,"column":8},"end":{"line":61,"column":21}},"16":{"start":{"line":69,"column":8},"end":{"line":69,"column":2085}},"17":{"start":{"line":73,"column":8},"end":{"line":73,"column":43}},"18":{"start":{"line":81,"column":8},"end":{"line":81,"column":2394}},"19":{"start":{"line":85,"column":8},"end":{"line":85,"column":43}}},"branchMap":{"1":{"line":45,"type":"if","locations":[{"start":{"line":45,"column":8},"end":{"line":45,"column":8}},{"start":{"line":45,"column":8},"end":{"line":45,"column":8}}]},"2":{"line":53,"type":"if","locations":[{"start":{"line":53,"column":8},"end":{"line":53,"column":8}},{"start":{"line":53,"column":8},"end":{"line":53,"column":8}}]},"3":{"line":69,"type":"if","locations":[{"start":{"line":69,"column":8},"end":{"line":69,"column":8}},{"start":{"line":69,"column":8},"end":{"line":69,"column":8}}]},"4":{"line":81,"type":"if","locations":[{"start":{"line":81,"column":8},"end":{"line":81,"column":8}},{"start":{"line":81,"column":8},"end":{"line":81,"column":8}}]}}},"contracts/8/adapter/UniAdapter.sol":{"l":{"18":26,"19":26,"20":26,"25":26,"26":26,"28":26,"29":26,"30":26,"31":26,"32":26,"41":19,"42":19,"43":19,"48":19,"49":19,"51":19,"52":19,"53":19,"54":19,"55":19},"path":"/Users/oker/solidty/sor_smartcontract_dev/contracts/8/adapter/UniAdapter.sol","s":{"1":26,"2":26,"3":26,"4":26,"5":26,"6":26,"7":26,"8":26,"9":26,"10":26,"11":19,"12":19,"13":19,"14":19,"15":19,"16":19,"17":19,"18":19,"19":19,"20":19},"b":{"1":[26,0],"2":[19,0]},"f":{"1":26,"2":19},"fnMap":{"1":{"name":"sellBase","line":13,"loc":{"start":{"line":13,"column":4},"end":{"line":33,"column":4}}},"2":{"name":"sellQuote","line":36,"loc":{"start":{"line":36,"column":4},"end":{"line":56,"column":4}}}},"statementMap":{"1":{"start":{"line":18,"column":8},"end":{"line":18,"column":47}},"2":{"start":{"line":19,"column":8},"end":{"line":19,"column":76}},"3":{"start":{"line":20,"column":8},"end":{"line":20,"column":602}},"4":{"start":{"line":25,"column":8},"end":{"line":25,"column":60}},"5":{"start":{"line":26,"column":8},"end":{"line":26,"column":53}},"6":{"start":{"line":28,"column":8},"end":{"line":28,"column":60}},"7":{"start":{"line":29,"column":8},"end":{"line":29,"column":62}},"8":{"start":{"line":30,"column":8},"end":{"line":30,"column":70}},"9":{"start":{"line":31,"column":8},"end":{"line":31,"column":60}},"10":{"start":{"line":32,"column":8},"end":{"line":32,"column":63}},"11":{"start":{"line":41,"column":8},"end":{"line":41,"column":48}},"12":{"start":{"line":42,"column":8},"end":{"line":42,"column":76}},"13":{"start":{"line":43,"column":8},"end":{"line":43,"column":1444}},"14":{"start":{"line":48,"column":8},"end":{"line":48,"column":61}},"15":{"start":{"line":49,"column":8},"end":{"line":49,"column":54}},"16":{"start":{"line":51,"column":8},"end":{"line":51,"column":62}},"17":{"start":{"line":52,"column":8},"end":{"line":52,"column":63}},"18":{"start":{"line":53,"column":8},"end":{"line":53,"column":71}},"19":{"start":{"line":54,"column":8},"end":{"line":54,"column":59}},"20":{"start":{"line":55,"column":8},"end":{"line":55,"column":62}}},"branchMap":{"1":{"line":20,"type":"if","locations":[{"start":{"line":20,"column":8},"end":{"line":20,"column":8}},{"start":{"line":20,"column":8},"end":{"line":20,"column":8}}]},"2":{"line":43,"type":"if","locations":[{"start":{"line":43,"column":8},"end":{"line":43,"column":8}},{"start":{"line":43,"column":8},"end":{"line":43,"column":8}}]}}},"contracts/8/adapter/UniV3Adapter.sol":{"l":{"22":0,"31":0,"36":0,"37":0,"39":0,"59":0,"63":0,"71":0,"75":0,"84":0,"85":0,"90":0,"93":0,"94":0,"96":0,"97":0,"111":0,"113":0,"114":0,"117":0,"120":0},"path":"/Users/oker/solidty/sor_smartcontract_dev/contracts/8/adapter/UniV3Adapter.sol","s":{"1":0,"2":0,"3":0,"4":0,"5":0,"6":0,"7":0,"8":0,"9":0,"10":0,"11":0,"12":0,"13":0,"14":0,"15":0,"16":0,"17":0,"18":0,"19":0,"20":0,"21":0,"22":0},"b":{"1":[0,0],"2":[0,0],"3":[0,0],"4":[0,0]},"f":{"1":0,"2":0,"3":0,"4":0,"5":0,"6":0},"fnMap":{"1":{"name":"constructor","line":21,"loc":{"start":{"line":21,"column":4},"end":{"line":23,"column":4}}},"2":{"name":"_uniV3Swap","line":25,"loc":{"start":{"line":25,"column":4},"end":{"line":52,"column":4}}},"3":{"name":"sellBase","line":54,"loc":{"start":{"line":54,"column":4},"end":{"line":64,"column":4}}},"4":{"name":"sellQuote","line":66,"loc":{"start":{"line":66,"column":4},"end":{"line":76,"column":4}}},"5":{"name":"uniswapV3SwapCallback","line":79,"loc":{"start":{"line":79,"column":4},"end":{"line":99,"column":4}}},"6":{"name":"pay","line":105,"loc":{"start":{"line":105,"column":4},"end":{"line":122,"column":4}}}},"statementMap":{"1":{"start":{"line":22,"column":8},"end":{"line":22,"column":18}},"2":{"start":{"line":31,"column":8},"end":{"line":31,"column":905}},"3":{"start":{"line":36,"column":8},"end":{"line":36,"column":71}},"4":{"start":{"line":37,"column":8},"end":{"line":37,"column":45}},"5":{"start":{"line":39,"column":8},"end":{"line":39,"column":1155}},"6":{"start":{"line":59,"column":8},"end":{"line":59,"column":1640}},"7":{"start":{"line":63,"column":8},"end":{"line":63,"column":42}},"8":{"start":{"line":71,"column":8},"end":{"line":71,"column":1935}},"9":{"start":{"line":75,"column":8},"end":{"line":75,"column":42}},"10":{"start":{"line":84,"column":8},"end":{"line":84,"column":52}},"11":{"start":{"line":85,"column":8},"end":{"line":85,"column":2401}},"12":{"start":{"line":90,"column":8},"end":{"line":90,"column":2579}},"13":{"start":{"line":93,"column":8},"end":{"line":93,"column":2715}},"14":{"start":{"line":94,"column":12},"end":{"line":94,"column":63}},"15":{"start":{"line":96,"column":12},"end":{"line":96,"column":29}},"16":{"start":{"line":97,"column":12},"end":{"line":97,"column":63}},"17":{"start":{"line":111,"column":8},"end":{"line":111,"column":3311}},"18":{"start":{"line":113,"column":12},"end":{"line":113,"column":46}},"19":{"start":{"line":114,"column":12},"end":{"line":114,"column":49}},"20":{"start":{"line":115,"column":15},"end":{"line":115,"column":3547}},"21":{"start":{"line":117,"column":12},"end":{"line":117,"column":66}},"22":{"start":{"line":120,"column":12},"end":{"line":120,"column":77}}},"branchMap":{"1":{"line":84,"type":"if","locations":[{"start":{"line":84,"column":8},"end":{"line":84,"column":8}},{"start":{"line":84,"column":8},"end":{"line":84,"column":8}}]},"2":{"line":93,"type":"if","locations":[{"start":{"line":93,"column":8},"end":{"line":93,"column":8}},{"start":{"line":93,"column":8},"end":{"line":93,"column":8}}]},"3":{"line":111,"type":"if","locations":[{"start":{"line":111,"column":8},"end":{"line":111,"column":8}},{"start":{"line":111,"column":8},"end":{"line":111,"column":8}}]},"4":{"line":115,"type":"if","locations":[{"start":{"line":115,"column":15},"end":{"line":115,"column":15}},{"start":{"line":115,"column":15},"end":{"line":115,"column":15}}]}}},"contracts/8/DexRouter.sol":{"l":{"51":23,"52":23,"78":8,"79":8,"87":16,"90":16,"91":20,"92":20,"93":20,"94":20,"95":20,"100":20,"101":20,"102":20,"103":20,"105":20,"106":20,"107":8,"109":12,"111":20,"120":9,"121":9,"124":9,"125":0,"126":0,"127":0,"128":0,"133":9,"134":16,"135":7,"136":7,"140":16,"141":0,"142":0,"143":0,"144":0,"149":16,"159":30,"160":1,"161":1,"162":1,"163":0,"167":29,"172":14,"173":2,"174":2,"175":1,"176":1,"178":2,"179":2,"180":1,"183":12,"184":12,"185":7,"195":2,"196":2,"197":2,"198":2,"200":0,"202":2,"207":2,"208":0,"209":0,"219":0,"222":2,"223":0,"224":0,"234":0,"237":2,"238":2,"240":2,"241":2,"242":2,"243":2,"244":2,"245":2,"246":2,"256":2,"260":31,"266":17,"272":16,"278":2,"284":0,"294":9,"296":9,"300":6,"302":6,"306":8,"308":8,"322":8,"323":8,"324":8,"325":8,"326":8,"329":8,"331":8,"332":8,"333":11,"335":8,"342":8,"343":2,"344":2,"345":2,"346":2,"347":2,"348":2,"349":2,"354":6,"356":9,"360":6,"361":6,"364":6,"365":6,"367":6,"377":0,"378":0},"path":"/Users/oker/solidty/sor_smartcontract_dev/contracts/8/DexRouter.sol","s":{"1":23,"2":23,"3":8,"4":16,"5":16,"6":20,"7":20,"8":20,"9":20,"10":20,"11":20,"12":20,"13":20,"14":20,"15":20,"16":8,"17":12,"18":20,"19":9,"20":9,"21":9,"22":0,"23":0,"24":0,"25":0,"26":9,"27":16,"28":7,"29":7,"30":16,"31":0,"32":0,"33":0,"34":16,"35":30,"36":1,"37":1,"38":1,"39":0,"40":29,"41":14,"42":2,"43":2,"44":1,"45":1,"46":2,"47":2,"48":1,"49":12,"50":12,"51":7,"52":2,"53":2,"54":2,"55":2,"56":0,"57":2,"58":0,"59":0,"60":0,"61":2,"62":0,"63":0,"64":0,"65":2,"66":2,"67":2,"68":2,"69":2,"70":2,"71":2,"72":2,"73":2,"74":2,"75":9,"76":9,"77":6,"78":6,"79":8,"80":8,"81":8,"82":8,"83":8,"84":8,"85":8,"86":8,"87":8,"88":11,"89":8,"90":8,"91":2,"92":2,"93":2,"94":2,"95":2,"96":2,"97":2,"98":6,"99":9,"100":6,"101":6,"102":6,"103":6,"104":6,"105":0,"106":0},"b":{"1":[8,0],"2":[20,0],"3":[8,12],"4":[0,9],"5":[0,0],"6":[7,9],"7":[0,16],"8":[0,0],"9":[1,29],"10":[1,0],"11":[0,1],"12":[2,12],"13":[1,1],"14":[1,1],"15":[7,5],"16":[0,2],"17":[0,2],"18":[0,2],"19":[8,0],"20":[8,0],"21":[2,6],"22":[2,0],"23":[2,0],"24":[6,0]},"f":{"1":23,"2":8,"3":16,"4":9,"5":30,"6":14,"7":2,"8":31,"9":17,"10":16,"11":2,"12":0,"13":9,"14":6,"15":8,"16":8,"17":0},"fnMap":{"1":{"name":"initialize","line":50,"loc":{"start":{"line":50,"column":2},"end":{"line":53,"column":2}}},"2":{"name":"isExpired","line":77,"loc":{"start":{"line":77,"column":2},"end":{"line":80,"column":2}}},"3":{"name":"_exeForks","line":86,"loc":{"start":{"line":86,"column":2},"end":{"line":113,"column":2}}},"4":{"name":"_exeHop","line":115,"loc":{"start":{"line":115,"column":2},"end":{"line":151,"column":2}}},"5":{"name":"_deposit","line":153,"loc":{"start":{"line":153,"column":2},"end":{"line":169,"column":2}}},"6":{"name":"_transferTokenToUser","line":171,"loc":{"start":{"line":171,"column":2},"end":{"line":188,"column":2}}},"7":{"name":"_tryPmmSwap","line":190,"loc":{"start":{"line":190,"column":2},"end":{"line":257,"column":2}}},"8":{"name":"bytes32ToAddress","line":259,"loc":{"start":{"line":259,"column":2},"end":{"line":263,"column":2}}},"9":{"name":"isReplace","line":265,"loc":{"start":{"line":265,"column":2},"end":{"line":269,"column":2}}},"10":{"name":"isHopReplace","line":271,"loc":{"start":{"line":271,"column":2},"end":{"line":275,"column":2}}},"11":{"name":"getPmmIIndex","line":277,"loc":{"start":{"line":277,"column":2},"end":{"line":281,"column":2}}},"12":{"name":"getPmmJIndex","line":283,"loc":{"start":{"line":283,"column":2},"end":{"line":287,"column":2}}},"13":{"name":"setApproveProxy","line":293,"loc":{"start":{"line":293,"column":2},"end":{"line":297,"column":2}}},"14":{"name":"setWNativeRelayer","line":299,"loc":{"start":{"line":299,"column":2},"end":{"line":303,"column":2}}},"15":{"name":"setWETH","line":305,"loc":{"start":{"line":305,"column":2},"end":{"line":309,"column":2}}},"16":{"name":"smartSwap","line":320,"loc":{"start":{"line":315,"column":2},"end":{"line":368,"column":2}}},"17":{"name":"smartSwapWithPermit","line":376,"loc":{"start":{"line":370,"column":2},"end":{"line":379,"column":2}}}},"statementMap":{"1":{"start":{"line":51,"column":4},"end":{"line":51,"column":19}},"2":{"start":{"line":52,"column":4},"end":{"line":52,"column":27}},"3":{"start":{"line":78,"column":4},"end":{"line":78,"column":57}},"4":{"start":{"line":87,"column":4},"end":{"line":87,"column":56}},"5":{"start":{"line":90,"column":4},"end":{"line":90,"column":2825}},"6":{"start":{"line":91,"column":6},"end":{"line":91,"column":48}},"7":{"start":{"line":92,"column":6},"end":{"line":92,"column":25}},"8":{"start":{"line":93,"column":6},"end":{"line":93,"column":19}},"9":{"start":{"line":94,"column":6},"end":{"line":94,"column":20}},"10":{"start":{"line":100,"column":6},"end":{"line":100,"column":67}},"11":{"start":{"line":101,"column":6},"end":{"line":101,"column":63}},"12":{"start":{"line":102,"column":6},"end":{"line":102,"column":71}},"13":{"start":{"line":103,"column":6},"end":{"line":103,"column":77}},"14":{"start":{"line":105,"column":6},"end":{"line":105,"column":74}},"15":{"start":{"line":106,"column":6},"end":{"line":106,"column":3592}},"16":{"start":{"line":107,"column":8},"end":{"line":107,"column":93}},"17":{"start":{"line":109,"column":8},"end":{"line":109,"column":92}},"18":{"start":{"line":111,"column":6},"end":{"line":111,"column":62}},"19":{"start":{"line":120,"column":4},"end":{"line":120,"column":21}},"20":{"start":{"line":121,"column":4},"end":{"line":121,"column":18}},"21":{"start":{"line":124,"column":4},"end":{"line":124,"column":4127}},"22":{"start":{"line":125,"column":6},"end":{"line":125,"column":52}},"23":{"start":{"line":126,"column":6},"end":{"line":126,"column":47}},"24":{"start":{"line":127,"column":6},"end":{"line":127,"column":4276}},"25":{"start":{"line":128,"column":8},"end":{"line":128,"column":14}},"26":{"start":{"line":133,"column":4},"end":{"line":133,"column":4396}},"27":{"start":{"line":134,"column":6},"end":{"line":134,"column":4448}},"28":{"start":{"line":135,"column":8},"end":{"line":135,"column":54}},"29":{"start":{"line":136,"column":8},"end":{"line":136,"column":72}},"30":{"start":{"line":140,"column":6},"end":{"line":140,"column":4652}},"31":{"start":{"line":141,"column":8},"end":{"line":141,"column":54}},"32":{"start":{"line":142,"column":8},"end":{"line":142,"column":49}},"33":{"start":{"line":143,"column":8},"end":{"line":143,"column":4810}},"34":{"start":{"line":149,"column":6},"end":{"line":149,"column":36}},"35":{"start":{"line":159,"column":4},"end":{"line":159,"column":5103}},"36":{"start":{"line":160,"column":6},"end":{"line":160,"column":5154}},"37":{"start":{"line":161,"column":8},"end":{"line":161,"column":63}},"38":{"start":{"line":162,"column":8},"end":{"line":162,"column":5248}},"39":{"start":{"line":163,"column":10},"end":{"line":163,"column":75}},"40":{"start":{"line":167,"column":6},"end":{"line":167,"column":69}},"41":{"start":{"line":172,"column":4},"end":{"line":172,"column":5525}},"42":{"start":{"line":173,"column":6},"end":{"line":173,"column":79}},"43":{"start":{"line":174,"column":6},"end":{"line":174,"column":5645}},"44":{"start":{"line":175,"column":8},"end":{"line":175,"column":70}},"45":{"start":{"line":176,"column":8},"end":{"line":176,"column":56}},"46":{"start":{"line":178,"column":6},"end":{"line":178,"column":44}},"47":{"start":{"line":179,"column":6},"end":{"line":179,"column":5856}},"48":{"start":{"line":180,"column":8},"end":{"line":180,"column":43}},"49":{"start":{"line":183,"column":6},"end":{"line":183,"column":58}},"50":{"start":{"line":184,"column":6},"end":{"line":184,"column":6007}},"51":{"start":{"line":185,"column":8},"end":{"line":185,"column":61}},"52":{"start":{"line":195,"column":4},"end":{"line":195,"column":22}},"53":{"start":{"line":196,"column":4},"end":{"line":196,"column":20}},"54":{"start":{"line":197,"column":4},"end":{"line":197,"column":49}},"55":{"start":{"line":198,"column":4},"end":{"line":198,"column":6371}},"56":{"start":{"line":200,"column":6},"end":{"line":200,"column":21}},"57":{"start":{"line":207,"column":4},"end":{"line":207,"column":6626}},"58":{"start":{"line":208,"column":6},"end":{"line":208,"column":65}},"59":{"start":{"line":209,"column":6},"end":{"line":209,"column":6744}},"60":{"start":{"line":219,"column":6},"end":{"line":219,"column":22}},"61":{"start":{"line":222,"column":4},"end":{"line":222,"column":6979}},"62":{"start":{"line":223,"column":6},"end":{"line":223,"column":65}},"63":{"start":{"line":224,"column":6},"end":{"line":224,"column":7109}},"64":{"start":{"line":234,"column":6},"end":{"line":234,"column":22}},"65":{"start":{"line":237,"column":4},"end":{"line":237,"column":69}},"66":{"start":{"line":238,"column":4},"end":{"line":238,"column":72}},"67":{"start":{"line":240,"column":4},"end":{"line":240,"column":64}},"68":{"start":{"line":241,"column":4},"end":{"line":241,"column":50}},"69":{"start":{"line":242,"column":4},"end":{"line":242,"column":79}},"70":{"start":{"line":243,"column":4},"end":{"line":243,"column":91}},"71":{"start":{"line":244,"column":4},"end":{"line":244,"column":86}},"72":{"start":{"line":245,"column":4},"end":{"line":245,"column":60}},"73":{"start":{"line":246,"column":4},"end":{"line":246,"column":7999}},"74":{"start":{"line":256,"column":4},"end":{"line":256,"column":20}},"75":{"start":{"line":294,"column":4},"end":{"line":294,"column":33}},"76":{"start":{"line":296,"column":4},"end":{"line":296,"column":42}},"77":{"start":{"line":300,"column":4},"end":{"line":300,"column":27}},"78":{"start":{"line":302,"column":4},"end":{"line":302,"column":39}},"79":{"start":{"line":306,"column":4},"end":{"line":306,"column":14}},"80":{"start":{"line":308,"column":4},"end":{"line":308,"column":26}},"81":{"start":{"line":322,"column":4},"end":{"line":322,"column":53}},"82":{"start":{"line":323,"column":4},"end":{"line":323,"column":86}},"83":{"start":{"line":324,"column":4},"end":{"line":324,"column":79}},"84":{"start":{"line":325,"column":4},"end":{"line":325,"column":81}},"85":{"start":{"line":326,"column":4},"end":{"line":326,"column":94}},"86":{"start":{"line":331,"column":6},"end":{"line":331,"column":30}},"87":{"start":{"line":332,"column":6},"end":{"line":332,"column":10449}},"88":{"start":{"line":333,"column":8},"end":{"line":333,"column":43}},"89":{"start":{"line":335,"column":6},"end":{"line":335,"column":10562}},"90":{"start":{"line":342,"column":4},"end":{"line":342,"column":10762}},"91":{"start":{"line":343,"column":6},"end":{"line":343,"column":63}},"92":{"start":{"line":344,"column":6},"end":{"line":344,"column":10880}},"93":{"start":{"line":345,"column":8},"end":{"line":345,"column":53}},"94":{"start":{"line":346,"column":8},"end":{"line":346,"column":100}},"95":{"start":{"line":347,"column":8},"end":{"line":347,"column":102}},"96":{"start":{"line":348,"column":8},"end":{"line":348,"column":132}},"97":{"start":{"line":349,"column":8},"end":{"line":349,"column":27}},"98":{"start":{"line":354,"column":4},"end":{"line":354,"column":11449}},"99":{"start":{"line":356,"column":6},"end":{"line":356,"column":53}},"100":{"start":{"line":360,"column":4},"end":{"line":360,"column":45}},"101":{"start":{"line":361,"column":4},"end":{"line":361,"column":49}},"102":{"start":{"line":364,"column":4},"end":{"line":364,"column":96}},"103":{"start":{"line":365,"column":4},"end":{"line":365,"column":98}},"104":{"start":{"line":367,"column":4},"end":{"line":367,"column":128}},"105":{"start":{"line":377,"column":4},"end":{"line":377,"column":59}},"106":{"start":{"line":378,"column":4},"end":{"line":378,"column":68}}},"branchMap":{"1":{"line":78,"type":"if","locations":[{"start":{"line":78,"column":4},"end":{"line":78,"column":4}},{"start":{"line":78,"column":4},"end":{"line":78,"column":4}}]},"2":{"line":100,"type":"if","locations":[{"start":{"line":100,"column":6},"end":{"line":100,"column":6}},{"start":{"line":100,"column":6},"end":{"line":100,"column":6}}]},"3":{"line":106,"type":"if","locations":[{"start":{"line":106,"column":6},"end":{"line":106,"column":6}},{"start":{"line":106,"column":6},"end":{"line":106,"column":6}}]},"4":{"line":124,"type":"if","locations":[{"start":{"line":124,"column":4},"end":{"line":124,"column":4}},{"start":{"line":124,"column":4},"end":{"line":124,"column":4}}]},"5":{"line":127,"type":"if","locations":[{"start":{"line":127,"column":6},"end":{"line":127,"column":6}},{"start":{"line":127,"column":6},"end":{"line":127,"column":6}}]},"6":{"line":134,"type":"if","locations":[{"start":{"line":134,"column":6},"end":{"line":134,"column":6}},{"start":{"line":134,"column":6},"end":{"line":134,"column":6}}]},"7":{"line":140,"type":"if","locations":[{"start":{"line":140,"column":6},"end":{"line":140,"column":6}},{"start":{"line":140,"column":6},"end":{"line":140,"column":6}}]},"8":{"line":143,"type":"if","locations":[{"start":{"line":143,"column":8},"end":{"line":143,"column":8}},{"start":{"line":143,"column":8},"end":{"line":143,"column":8}}]},"9":{"line":159,"type":"if","locations":[{"start":{"line":159,"column":4},"end":{"line":159,"column":4}},{"start":{"line":159,"column":4},"end":{"line":159,"column":4}}]},"10":{"line":160,"type":"if","locations":[{"start":{"line":160,"column":6},"end":{"line":160,"column":6}},{"start":{"line":160,"column":6},"end":{"line":160,"column":6}}]},"11":{"line":162,"type":"if","locations":[{"start":{"line":162,"column":8},"end":{"line":162,"column":8}},{"start":{"line":162,"column":8},"end":{"line":162,"column":8}}]},"12":{"line":172,"type":"if","locations":[{"start":{"line":172,"column":4},"end":{"line":172,"column":4}},{"start":{"line":172,"column":4},"end":{"line":172,"column":4}}]},"13":{"line":174,"type":"if","locations":[{"start":{"line":174,"column":6},"end":{"line":174,"column":6}},{"start":{"line":174,"column":6},"end":{"line":174,"column":6}}]},"14":{"line":179,"type":"if","locations":[{"start":{"line":179,"column":6},"end":{"line":179,"column":6}},{"start":{"line":179,"column":6},"end":{"line":179,"column":6}}]},"15":{"line":184,"type":"if","locations":[{"start":{"line":184,"column":6},"end":{"line":184,"column":6}},{"start":{"line":184,"column":6},"end":{"line":184,"column":6}}]},"16":{"line":198,"type":"if","locations":[{"start":{"line":198,"column":4},"end":{"line":198,"column":4}},{"start":{"line":198,"column":4},"end":{"line":198,"column":4}}]},"17":{"line":207,"type":"if","locations":[{"start":{"line":207,"column":4},"end":{"line":207,"column":4}},{"start":{"line":207,"column":4},"end":{"line":207,"column":4}}]},"18":{"line":222,"type":"if","locations":[{"start":{"line":222,"column":4},"end":{"line":222,"column":4}},{"start":{"line":222,"column":4},"end":{"line":222,"column":4}}]},"19":{"line":323,"type":"if","locations":[{"start":{"line":323,"column":4},"end":{"line":323,"column":4}},{"start":{"line":323,"column":4},"end":{"line":323,"column":4}}]},"20":{"line":335,"type":"if","locations":[{"start":{"line":335,"column":6},"end":{"line":335,"column":6}},{"start":{"line":335,"column":6},"end":{"line":335,"column":6}}]},"21":{"line":342,"type":"if","locations":[{"start":{"line":342,"column":4},"end":{"line":342,"column":4}},{"start":{"line":342,"column":4},"end":{"line":342,"column":4}}]},"22":{"line":344,"type":"if","locations":[{"start":{"line":344,"column":6},"end":{"line":344,"column":6}},{"start":{"line":344,"column":6},"end":{"line":344,"column":6}}]},"23":{"line":347,"type":"if","locations":[{"start":{"line":347,"column":8},"end":{"line":347,"column":8}},{"start":{"line":347,"column":8},"end":{"line":347,"column":8}}]},"24":{"line":365,"type":"if","locations":[{"start":{"line":365,"column":4},"end":{"line":365,"column":4}},{"start":{"line":365,"column":4},"end":{"line":365,"column":4}}]}}},"contracts/8/interfaces/IAdapter.sol":{"l":{},"path":"/Users/oker/solidty/sor_smartcontract_dev/contracts/8/interfaces/IAdapter.sol","s":{},"b":{},"f":{},"fnMap":{},"statementMap":{},"branchMap":{}},"contracts/8/interfaces/IAdapterWithResult.sol":{"l":{},"path":"/Users/oker/solidty/sor_smartcontract_dev/contracts/8/interfaces/IAdapterWithResult.sol","s":{},"b":{},"f":{},"fnMap":{},"statementMap":{},"branchMap":{}},"contracts/8/interfaces/IApprove.sol":{"l":{},"path":"/Users/oker/solidty/sor_smartcontract_dev/contracts/8/interfaces/IApprove.sol","s":{},"b":{},"f":{},"fnMap":{},"statementMap":{},"branchMap":{}},"contracts/8/interfaces/IApproveProxy.sol":{"l":{},"path":"/Users/oker/solidty/sor_smartcontract_dev/contracts/8/interfaces/IApproveProxy.sol","s":{},"b":{},"f":{},"fnMap":{},"statementMap":{},"branchMap":{}},"contracts/8/interfaces/IBalancer.sol":{"l":{},"path":"/Users/oker/solidty/sor_smartcontract_dev/contracts/8/interfaces/IBalancer.sol","s":{},"b":{},"f":{},"fnMap":{},"statementMap":{},"branchMap":{}},"contracts/8/interfaces/IBalancerV2Vault.sol":{"l":{},"path":"/Users/oker/solidty/sor_smartcontract_dev/contracts/8/interfaces/IBalancerV2Vault.sol","s":{},"b":{},"f":{},"fnMap":{},"statementMap":{},"branchMap":{}},"contracts/8/interfaces/IBancorNetwork.sol":{"l":{},"path":"/Users/oker/solidty/sor_smartcontract_dev/contracts/8/interfaces/IBancorNetwork.sol","s":{},"b":{},"f":{},"fnMap":{},"statementMap":{},"branchMap":{}},"contracts/8/interfaces/IBiswapPair.sol":{"l":{},"path":"/Users/oker/solidty/sor_smartcontract_dev/contracts/8/interfaces/IBiswapPair.sol","s":{},"b":{},"f":{},"fnMap":{},"statementMap":{},"branchMap":{}},"contracts/8/interfaces/ICurve.sol":{"l":{},"path":"/Users/oker/solidty/sor_smartcontract_dev/contracts/8/interfaces/ICurve.sol","s":{},"b":{},"f":{},"fnMap":{},"statementMap":{},"branchMap":{}},"contracts/8/interfaces/ICurveV2.sol":{"l":{},"path":"/Users/oker/solidty/sor_smartcontract_dev/contracts/8/interfaces/ICurveV2.sol","s":{},"b":{},"f":{},"fnMap":{},"statementMap":{},"branchMap":{}},"contracts/8/interfaces/IDaiLikePermit.sol":{"l":{},"path":"/Users/oker/solidty/sor_smartcontract_dev/contracts/8/interfaces/IDaiLikePermit.sol","s":{},"b":{},"f":{},"fnMap":{},"statementMap":{},"branchMap":{}},"contracts/8/interfaces/IDexAggProxy.sol":{"l":{},"path":"/Users/oker/solidty/sor_smartcontract_dev/contracts/8/interfaces/IDexAggProxy.sol","s":{},"b":{},"f":{},"fnMap":{},"statementMap":{},"branchMap":{}},"contracts/8/interfaces/IDODOV2.sol":{"l":{},"path":"/Users/oker/solidty/sor_smartcontract_dev/contracts/8/interfaces/IDODOV2.sol","s":{},"b":{},"f":{},"fnMap":{},"statementMap":{},"branchMap":{}},"contracts/8/interfaces/IERC20.sol":{"l":{},"path":"/Users/oker/solidty/sor_smartcontract_dev/contracts/8/interfaces/IERC20.sol","s":{},"b":{},"f":{},"fnMap":{},"statementMap":{},"branchMap":{}},"contracts/8/interfaces/IERC20Permit.sol":{"l":{},"path":"/Users/oker/solidty/sor_smartcontract_dev/contracts/8/interfaces/IERC20Permit.sol","s":{},"b":{},"f":{},"fnMap":{},"statementMap":{},"branchMap":{}},"contracts/8/interfaces/IKyber.sol":{"l":{},"path":"/Users/oker/solidty/sor_smartcontract_dev/contracts/8/interfaces/IKyber.sol","s":{},"b":{},"f":{},"fnMap":{},"statementMap":{},"branchMap":{}},"contracts/8/interfaces/IMarketMaker.sol":{"l":{},"path":"/Users/oker/solidty/sor_smartcontract_dev/contracts/8/interfaces/IMarketMaker.sol","s":{},"b":{},"f":{},"fnMap":{},"statementMap":{},"branchMap":{}},"contracts/8/interfaces/IUni.sol":{"l":{},"path":"/Users/oker/solidty/sor_smartcontract_dev/contracts/8/interfaces/IUni.sol","s":{},"b":{},"f":{},"fnMap":{},"statementMap":{},"branchMap":{}},"contracts/8/interfaces/IUniswapV2Callee.sol":{"l":{},"path":"/Users/oker/solidty/sor_smartcontract_dev/contracts/8/interfaces/IUniswapV2Callee.sol","s":{},"b":{},"f":{},"fnMap":{},"statementMap":{},"branchMap":{}},"contracts/8/interfaces/IUniswapV2ERC20.sol":{"l":{},"path":"/Users/oker/solidty/sor_smartcontract_dev/contracts/8/interfaces/IUniswapV2ERC20.sol","s":{},"b":{},"f":{},"fnMap":{},"statementMap":{},"branchMap":{}},"contracts/8/interfaces/IUniswapV2Factory.sol":{"l":{},"path":"/Users/oker/solidty/sor_smartcontract_dev/contracts/8/interfaces/IUniswapV2Factory.sol","s":{},"b":{},"f":{},"fnMap":{},"statementMap":{},"branchMap":{}},"contracts/8/interfaces/IUniswapV2Pair.sol":{"l":{},"path":"/Users/oker/solidty/sor_smartcontract_dev/contracts/8/interfaces/IUniswapV2Pair.sol","s":{},"b":{},"f":{},"fnMap":{},"statementMap":{},"branchMap":{}},"contracts/8/interfaces/IUniswapV3SwapCallback.sol":{"l":{},"path":"/Users/oker/solidty/sor_smartcontract_dev/contracts/8/interfaces/IUniswapV3SwapCallback.sol","s":{},"b":{},"f":{},"fnMap":{},"statementMap":{},"branchMap":{}},"contracts/8/interfaces/IUniV3.sol":{"l":{},"path":"/Users/oker/solidty/sor_smartcontract_dev/contracts/8/interfaces/IUniV3.sol","s":{},"b":{},"f":{},"fnMap":{},"statementMap":{},"branchMap":{}},"contracts/8/interfaces/IUnswapRouter02.sol":{"l":{},"path":"/Users/oker/solidty/sor_smartcontract_dev/contracts/8/interfaces/IUnswapRouter02.sol","s":{},"b":{},"f":{},"fnMap":{},"statementMap":{},"branchMap":{}},"contracts/8/interfaces/IWETH.sol":{"l":{},"path":"/Users/oker/solidty/sor_smartcontract_dev/contracts/8/interfaces/IWETH.sol","s":{},"b":{},"f":{},"fnMap":{},"statementMap":{},"branchMap":{}},"contracts/8/interfaces/IWNativeRelayer.sol":{"l":{},"path":"/Users/oker/solidty/sor_smartcontract_dev/contracts/8/interfaces/IWNativeRelayer.sol","s":{},"b":{},"f":{},"fnMap":{},"statementMap":{},"branchMap":{}},"contracts/8/interfaces/pancake/IPancakePair.sol":{"l":{},"path":"/Users/oker/solidty/sor_smartcontract_dev/contracts/8/interfaces/pancake/IPancakePair.sol","s":{},"b":{},"f":{},"fnMap":{},"statementMap":{},"branchMap":{}},"contracts/8/libraries/Address.sol":{"l":{"29":134,"30":134,"32":296,"35":296,"49":162,"71":162,"77":0,"78":0},"path":"/Users/oker/solidty/sor_smartcontract_dev/contracts/8/libraries/Address.sol","s":{"1":134,"2":134,"3":296,"4":162,"5":0,"6":0,"7":0},"b":{"1":[0,0],"2":[0,0]},"f":{"1":134,"2":162,"3":162},"fnMap":{"1":{"name":"isContract","line":25,"loc":{"start":{"line":25,"column":4},"end":{"line":36,"column":4}}},"2":{"name":"toPayable","line":44,"loc":{"start":{"line":44,"column":4},"end":{"line":50,"column":4}}},"3":{"name":"sendValue","line":70,"loc":{"start":{"line":70,"column":4},"end":{"line":82,"column":4}}}},"statementMap":{"1":{"start":{"line":29,"column":8},"end":{"line":29,"column":24}},"2":{"start":{"line":30,"column":8},"end":{"line":30,"column":96}},"3":{"start":{"line":35,"column":8},"end":{"line":35,"column":59}},"4":{"start":{"line":49,"column":8},"end":{"line":49,"column":31}},"5":{"start":{"line":71,"column":8},"end":{"line":71,"column":2740}},"6":{"start":{"line":77,"column":8},"end":{"line":77,"column":60}},"7":{"start":{"line":78,"column":8},"end":{"line":78,"column":2974}}},"branchMap":{"1":{"line":71,"type":"if","locations":[{"start":{"line":71,"column":8},"end":{"line":71,"column":8}},{"start":{"line":71,"column":8},"end":{"line":71,"column":8}}]},"2":{"line":78,"type":"if","locations":[{"start":{"line":78,"column":8},"end":{"line":78,"column":8}},{"start":{"line":78,"column":8},"end":{"line":78,"column":8}}]}}},"contracts/8/libraries/AddressSetLib.sol":{"l":{"15":0,"16":0,"18":0,"19":0,"28":0,"31":0,"32":0,"34":0,"35":0,"38":0,"39":0,"40":0,"41":0,"43":0,"48":0,"49":0,"50":0,"55":0,"56":0,"57":0,"58":0,"59":0,"60":0,"61":0,"63":0,"64":0},"path":"/Users/oker/solidty/sor_smartcontract_dev/contracts/8/libraries/AddressSetLib.sol","s":{"1":0,"2":0,"3":0,"4":0,"5":0,"6":0,"7":0,"8":0,"9":0,"10":0,"11":0,"12":0,"13":0,"14":0,"15":0,"16":0,"17":0,"18":0,"19":0,"20":0,"21":0,"22":0,"23":0,"24":0,"25":0},"b":{"1":[0,0],"2":[0,0],"3":[0,0],"4":[0,0],"5":[0,0],"6":[0,0]},"f":{"1":0,"2":0,"3":0,"4":0},"fnMap":{"1":{"name":"contains","line":10,"loc":{"start":{"line":10,"column":4},"end":{"line":20,"column":4}}},"2":{"name":"getPage","line":22,"loc":{"start":{"line":22,"column":4},"end":{"line":44,"column":4}}},"3":{"name":"add","line":46,"loc":{"start":{"line":46,"column":4},"end":{"line":52,"column":4}}},"4":{"name":"remove","line":54,"loc":{"start":{"line":54,"column":4},"end":{"line":65,"column":4}}}},"statementMap":{"1":{"start":{"line":15,"column":8},"end":{"line":15,"column":326}},"2":{"start":{"line":16,"column":12},"end":{"line":16,"column":24}},"3":{"start":{"line":18,"column":8},"end":{"line":18,"column":46}},"4":{"start":{"line":19,"column":8},"end":{"line":19,"column":57}},"5":{"start":{"line":28,"column":8},"end":{"line":28,"column":43}},"6":{"start":{"line":31,"column":8},"end":{"line":31,"column":957}},"7":{"start":{"line":32,"column":12},"end":{"line":32,"column":41}},"8":{"start":{"line":34,"column":8},"end":{"line":34,"column":1057}},"9":{"start":{"line":35,"column":12},"end":{"line":35,"column":35}},"10":{"start":{"line":38,"column":8},"end":{"line":38,"column":36}},"11":{"start":{"line":39,"column":8},"end":{"line":39,"column":48}},"12":{"start":{"line":40,"column":8},"end":{"line":40,"column":1271}},"13":{"start":{"line":41,"column":12},"end":{"line":41,"column":44}},"14":{"start":{"line":43,"column":8},"end":{"line":43,"column":19}},"15":{"start":{"line":48,"column":8},"end":{"line":48,"column":1518}},"16":{"start":{"line":49,"column":12},"end":{"line":49,"column":53}},"17":{"start":{"line":50,"column":12},"end":{"line":50,"column":37}},"18":{"start":{"line":55,"column":8},"end":{"line":55,"column":61}},"19":{"start":{"line":56,"column":8},"end":{"line":56,"column":44}},"20":{"start":{"line":57,"column":8},"end":{"line":57,"column":51}},"21":{"start":{"line":58,"column":8},"end":{"line":58,"column":1905}},"22":{"start":{"line":59,"column":12},"end":{"line":59,"column":60}},"23":{"start":{"line":60,"column":12},"end":{"line":60,"column":47}},"24":{"start":{"line":61,"column":12},"end":{"line":61,"column":46}},"25":{"start":{"line":63,"column":8},"end":{"line":63,"column":25}}},"branchMap":{"1":{"line":15,"type":"if","locations":[{"start":{"line":15,"column":8},"end":{"line":15,"column":8}},{"start":{"line":15,"column":8},"end":{"line":15,"column":8}}]},"2":{"line":31,"type":"if","locations":[{"start":{"line":31,"column":8},"end":{"line":31,"column":8}},{"start":{"line":31,"column":8},"end":{"line":31,"column":8}}]},"3":{"line":34,"type":"if","locations":[{"start":{"line":34,"column":8},"end":{"line":34,"column":8}},{"start":{"line":34,"column":8},"end":{"line":34,"column":8}}]},"4":{"line":48,"type":"if","locations":[{"start":{"line":48,"column":8},"end":{"line":48,"column":8}},{"start":{"line":48,"column":8},"end":{"line":48,"column":8}}]},"5":{"line":55,"type":"if","locations":[{"start":{"line":55,"column":8},"end":{"line":55,"column":8}},{"start":{"line":55,"column":8},"end":{"line":55,"column":8}}]},"6":{"line":58,"type":"if","locations":[{"start":{"line":58,"column":8},"end":{"line":58,"column":8}},{"start":{"line":58,"column":8},"end":{"line":58,"column":8}}]}}},"contracts/8/libraries/DecimalMath.sol":{"l":{"19":0,"27":0,"35":0,"43":0,"47":0,"51":0},"path":"/Users/oker/solidty/sor_smartcontract_dev/contracts/8/libraries/DecimalMath.sol","s":{"1":0,"2":0,"3":0,"4":0,"5":0,"6":0},"b":{},"f":{"1":0,"2":0,"3":0,"4":0,"5":0,"6":0},"fnMap":{"1":{"name":"mulFloor","line":14,"loc":{"start":{"line":14,"column":4},"end":{"line":20,"column":4}}},"2":{"name":"mulCeil","line":22,"loc":{"start":{"line":22,"column":4},"end":{"line":28,"column":4}}},"3":{"name":"divFloor","line":30,"loc":{"start":{"line":30,"column":4},"end":{"line":36,"column":4}}},"4":{"name":"divCeil","line":38,"loc":{"start":{"line":38,"column":4},"end":{"line":44,"column":4}}},"5":{"name":"reciprocalFloor","line":46,"loc":{"start":{"line":46,"column":4},"end":{"line":48,"column":4}}},"6":{"name":"reciprocalCeil","line":50,"loc":{"start":{"line":50,"column":4},"end":{"line":52,"column":4}}}},"statementMap":{"1":{"start":{"line":19,"column":8},"end":{"line":19,"column":38}},"2":{"start":{"line":27,"column":8},"end":{"line":27,"column":44}},"3":{"start":{"line":35,"column":8},"end":{"line":35,"column":36}},"4":{"start":{"line":43,"column":8},"end":{"line":43,"column":44}},"5":{"start":{"line":47,"column":8},"end":{"line":47,"column":39}},"6":{"start":{"line":51,"column":8},"end":{"line":51,"column":46}}},"branchMap":{}},"contracts/8/libraries/Math.sol":{"l":{"7":0,"12":0,"13":0,"14":144,"15":144,"16":144,"17":144,"20":11063},"path":"/Users/oker/solidty/sor_smartcontract_dev/contracts/8/libraries/Math.sol","s":{"1":0,"2":0,"3":144,"4":144,"5":144,"6":144,"7":144,"8":144,"9":11063},"b":{"1":[0,11063],"2":[11063,0]},"f":{"1":0,"2":0},"fnMap":{"1":{"name":"min","line":6,"loc":{"start":{"line":6,"column":4},"end":{"line":8,"column":4}}},"2":{"name":"sqrt","line":11,"loc":{"start":{"line":11,"column":4},"end":{"line":22,"column":4}}}},"statementMap":{"1":{"start":{"line":7,"column":8},"end":{"line":7,"column":24}},"2":{"start":{"line":12,"column":8},"end":{"line":12,"column":394}},"3":{"start":{"line":13,"column":12},"end":{"line":13,"column":16}},"4":{"start":{"line":14,"column":12},"end":{"line":14,"column":33}},"5":{"start":{"line":15,"column":12},"end":{"line":15,"column":477}},"6":{"start":{"line":16,"column":16},"end":{"line":16,"column":20}},"7":{"start":{"line":17,"column":16},"end":{"line":17,"column":34}},"8":{"start":{"line":19,"column":15},"end":{"line":19,"column":578}},"9":{"start":{"line":20,"column":12},"end":{"line":20,"column":16}}},"branchMap":{"1":{"line":12,"type":"if","locations":[{"start":{"line":12,"column":8},"end":{"line":12,"column":8}},{"start":{"line":12,"column":8},"end":{"line":12,"column":8}}]},"2":{"line":19,"type":"if","locations":[{"start":{"line":19,"column":15},"end":{"line":19,"column":15}},{"start":{"line":19,"column":15},"end":{"line":19,"column":15}}]}}},"contracts/8/libraries/RevertReasonParser.sol":{"l":{"21":0,"22":0,"23":0,"29":0,"30":0,"31":0,"33":0,"45":0,"49":0,"53":0,"55":0,"59":0,"66":0,"70":0,"74":0,"75":0,"76":0,"77":0,"78":0,"79":0,"80":0,"82":0},"path":"/Users/oker/solidty/sor_smartcontract_dev/contracts/8/libraries/RevertReasonParser.sol","s":{"1":0,"2":0,"3":0,"4":0,"5":0,"6":0,"7":0,"8":0,"9":0,"10":0,"11":0,"12":0,"13":0,"14":0,"15":0,"16":0,"17":0,"18":0,"19":0,"20":0},"b":{"1":[0,0],"2":[0,0],"3":[0,0],"4":[0,0]},"f":{"1":0,"2":0,"3":0},"fnMap":{"1":{"name":"parse","line":16,"loc":{"start":{"line":16,"column":4},"end":{"line":67,"column":4}}},"2":{"name":"_toHex","line":69,"loc":{"start":{"line":69,"column":4},"end":{"line":71,"column":4}}},"3":{"name":"_toHex","line":73,"loc":{"start":{"line":73,"column":4},"end":{"line":83,"column":4}}}},"statementMap":{"1":{"start":{"line":21,"column":8},"end":{"line":21,"column":814}},"2":{"start":{"line":22,"column":12},"end":{"line":22,"column":27}},"3":{"start":{"line":29,"column":12},"end":{"line":29,"column":1103}},"4":{"start":{"line":30,"column":16},"end":{"line":30,"column":30}},"5":{"start":{"line":31,"column":16},"end":{"line":31,"column":35}},"6":{"start":{"line":45,"column":16},"end":{"line":45,"column":1988}},"7":{"start":{"line":49,"column":16},"end":{"line":49,"column":78}},"8":{"start":{"line":52,"column":17},"end":{"line":52,"column":2286}},"9":{"start":{"line":53,"column":16},"end":{"line":53,"column":28}},"10":{"start":{"line":59,"column":16},"end":{"line":59,"column":2612}},"11":{"start":{"line":66,"column":8},"end":{"line":66,"column":78}},"12":{"start":{"line":70,"column":8},"end":{"line":70,"column":46}},"13":{"start":{"line":74,"column":8},"end":{"line":74,"column":61}},"14":{"start":{"line":75,"column":8},"end":{"line":75,"column":57}},"15":{"start":{"line":76,"column":8},"end":{"line":76,"column":19}},"16":{"start":{"line":77,"column":8},"end":{"line":77,"column":19}},"17":{"start":{"line":78,"column":8},"end":{"line":78,"column":3228}},"18":{"start":{"line":79,"column":12},"end":{"line":79,"column":57}},"19":{"start":{"line":80,"column":12},"end":{"line":80,"column":59}},"20":{"start":{"line":82,"column":8},"end":{"line":82,"column":26}}},"branchMap":{"1":{"line":21,"type":"if","locations":[{"start":{"line":21,"column":8},"end":{"line":21,"column":8}},{"start":{"line":21,"column":8},"end":{"line":21,"column":8}}]},"2":{"line":29,"type":"if","locations":[{"start":{"line":29,"column":12},"end":{"line":29,"column":12}},{"start":{"line":29,"column":12},"end":{"line":29,"column":12}}]},"3":{"line":45,"type":"if","locations":[{"start":{"line":45,"column":16},"end":{"line":45,"column":16}},{"start":{"line":45,"column":16},"end":{"line":45,"column":16}}]},"4":{"line":52,"type":"if","locations":[{"start":{"line":52,"column":17},"end":{"line":52,"column":17}},{"start":{"line":52,"column":17},"end":{"line":52,"column":17}}]}}},"contracts/8/libraries/SafeERC20.sol":{"l":{"26":16,"38":0,"53":150,"57":133,"68":15,"71":15,"86":0,"90":0,"115":134,"118":296,"119":296,"121":296,"124":296},"path":"/Users/oker/solidty/sor_smartcontract_dev/contracts/8/libraries/SafeERC20.sol","s":{"1":16,"2":32,"3":233,"4":133,"5":15,"6":15,"7":0,"8":0,"9":134,"10":296,"11":296,"12":296,"13":295},"b":{"1":[233,0],"2":[134,0],"3":[296,0],"4":[296,161],"5":[295,0]},"f":{"1":16,"2":0,"3":150,"4":15,"5":0,"6":134},"fnMap":{"1":{"name":"safeTransfer","line":21,"loc":{"start":{"line":21,"column":4},"end":{"line":30,"column":4}}},"2":{"name":"safeTransferFrom","line":32,"loc":{"start":{"line":32,"column":4},"end":{"line":42,"column":4}}},"3":{"name":"safeApprove","line":44,"loc":{"start":{"line":44,"column":4},"end":{"line":61,"column":4}}},"4":{"name":"safeIncreaseAllowance","line":63,"loc":{"start":{"line":63,"column":4},"end":{"line":79,"column":4}}},"5":{"name":"safeDecreaseAllowance","line":81,"loc":{"start":{"line":81,"column":4},"end":{"line":98,"column":4}}},"6":{"name":"callOptionalReturn","line":106,"loc":{"start":{"line":106,"column":4},"end":{"line":129,"column":4}}}},"statementMap":{"1":{"start":{"line":26,"column":8},"end":{"line":26,"column":809}},"2":{"start":{"line":38,"column":8},"end":{"line":38,"column":1079}},"3":{"start":{"line":53,"column":8},"end":{"line":53,"column":1607}},"4":{"start":{"line":57,"column":8},"end":{"line":57,"column":1780}},"5":{"start":{"line":68,"column":8},"end":{"line":68,"column":2043}},"6":{"start":{"line":71,"column":8},"end":{"line":71,"column":2147}},"7":{"start":{"line":86,"column":8},"end":{"line":86,"column":2479}},"8":{"start":{"line":90,"column":8},"end":{"line":90,"column":2640}},"9":{"start":{"line":115,"column":8},"end":{"line":115,"column":78}},"10":{"start":{"line":118,"column":8},"end":{"line":118,"column":75}},"11":{"start":{"line":119,"column":8},"end":{"line":119,"column":59}},"12":{"start":{"line":121,"column":8},"end":{"line":121,"column":4090}},"13":{"start":{"line":124,"column":12},"end":{"line":124,"column":4231}}},"branchMap":{"1":{"line":53,"type":"if","locations":[{"start":{"line":53,"column":8},"end":{"line":53,"column":8}},{"start":{"line":53,"column":8},"end":{"line":53,"column":8}}]},"2":{"line":115,"type":"if","locations":[{"start":{"line":115,"column":8},"end":{"line":115,"column":8}},{"start":{"line":115,"column":8},"end":{"line":115,"column":8}}]},"3":{"line":119,"type":"if","locations":[{"start":{"line":119,"column":8},"end":{"line":119,"column":8}},{"start":{"line":119,"column":8},"end":{"line":119,"column":8}}]},"4":{"line":121,"type":"if","locations":[{"start":{"line":121,"column":8},"end":{"line":121,"column":8}},{"start":{"line":121,"column":8},"end":{"line":121,"column":8}}]},"5":{"line":124,"type":"if","locations":[{"start":{"line":124,"column":12},"end":{"line":124,"column":12}},{"start":{"line":124,"column":12},"end":{"line":124,"column":12}}]}}},"contracts/8/libraries/SafeMath.sol":{"l":{"9":0,"13":0,"17":0,"18":0,"20":0,"24":0,"32":0,"33":0,"35":0,"42":0,"43":0,"46":0,"47":0,"49":0,"53":0,"62":0,"63":0,"66":0,"70":0,"78":0,"79":0,"83":0,"87":0,"91":0,"92":0,"93":0,"94":0,"95":0,"96":0,"99":0,"104":0,"108":0,"112":0,"116":0,"120":0,"124":0,"128":0,"132":0,"136":0,"137":0,"138":0,"139":0,"141":0,"142":0,"144":0,"148":0,"149":0,"150":0,"151":0,"153":0,"154":0,"156":0,"160":0,"161":0,"162":0,"163":0,"165":0},"path":"/Users/oker/solidty/sor_smartcontract_dev/contracts/8/libraries/SafeMath.sol","s":{"1":0,"2":0,"3":0,"4":0,"5":0,"6":0,"7":0,"8":0,"9":0,"10":0,"11":0,"12":0,"13":0,"14":0,"15":0,"16":0,"17":0,"18":0,"19":0,"20":0,"21":0,"22":0,"23":0,"24":0,"25":0,"26":0,"27":0,"28":0,"29":0,"30":0,"31":0,"32":0,"33":0,"34":0,"35":0,"36":0,"37":0,"38":0,"39":0,"40":0,"41":0,"42":0,"43":0,"44":0,"45":0,"46":0,"47":0,"48":0,"49":0,"50":0,"51":0,"52":0,"53":0,"54":0,"55":0,"56":0,"57":0,"58":0},"b":{"1":[0,0],"2":[0,0],"3":[0,0],"4":[0,0],"5":[0,0],"6":[0,0],"7":[0,0],"8":[0,0],"9":[0,0],"10":[0,0],"11":[0,0]},"f":{"1":0,"2":0,"3":0,"4":0,"5":0,"6":0,"7":0,"8":0,"9":0,"10":0,"11":0,"12":0,"13":0,"14":0,"15":0,"16":0,"17":0,"18":0,"19":0,"20":0,"21":0,"22":0,"23":0,"24":0},"fnMap":{"1":{"name":"wad","line":8,"loc":{"start":{"line":8,"column":4},"end":{"line":10,"column":4}}},"2":{"name":"ray","line":12,"loc":{"start":{"line":12,"column":4},"end":{"line":14,"column":4}}},"3":{"name":"add","line":16,"loc":{"start":{"line":16,"column":4},"end":{"line":21,"column":4}}},"4":{"name":"sub","line":23,"loc":{"start":{"line":23,"column":4},"end":{"line":25,"column":4}}},"5":{"name":"sub","line":27,"loc":{"start":{"line":27,"column":4},"end":{"line":36,"column":4}}},"6":{"name":"mul","line":38,"loc":{"start":{"line":38,"column":4},"end":{"line":50,"column":4}}},"7":{"name":"div","line":52,"loc":{"start":{"line":52,"column":4},"end":{"line":54,"column":4}}},"8":{"name":"div","line":56,"loc":{"start":{"line":56,"column":4},"end":{"line":67,"column":4}}},"9":{"name":"mod","line":69,"loc":{"start":{"line":69,"column":4},"end":{"line":71,"column":4}}},"10":{"name":"mod","line":73,"loc":{"start":{"line":73,"column":4},"end":{"line":80,"column":4}}},"11":{"name":"min","line":82,"loc":{"start":{"line":82,"column":4},"end":{"line":84,"column":4}}},"12":{"name":"max","line":86,"loc":{"start":{"line":86,"column":4},"end":{"line":88,"column":4}}},"13":{"name":"sqrt","line":90,"loc":{"start":{"line":90,"column":4},"end":{"line":101,"column":4}}},"14":{"name":"wmul","line":103,"loc":{"start":{"line":103,"column":4},"end":{"line":105,"column":4}}},"15":{"name":"wmulRound","line":107,"loc":{"start":{"line":107,"column":4},"end":{"line":109,"column":4}}},"16":{"name":"rmul","line":111,"loc":{"start":{"line":111,"column":4},"end":{"line":113,"column":4}}},"17":{"name":"rmulRound","line":115,"loc":{"start":{"line":115,"column":4},"end":{"line":117,"column":4}}},"18":{"name":"wdiv","line":119,"loc":{"start":{"line":119,"column":4},"end":{"line":121,"column":4}}},"19":{"name":"wdivRound","line":123,"loc":{"start":{"line":123,"column":4},"end":{"line":125,"column":4}}},"20":{"name":"rdiv","line":127,"loc":{"start":{"line":127,"column":4},"end":{"line":129,"column":4}}},"21":{"name":"rdivRound","line":131,"loc":{"start":{"line":131,"column":4},"end":{"line":133,"column":4}}},"22":{"name":"wpow","line":135,"loc":{"start":{"line":135,"column":4},"end":{"line":145,"column":4}}},"23":{"name":"rpow","line":147,"loc":{"start":{"line":147,"column":4},"end":{"line":157,"column":4}}},"24":{"name":"divCeil","line":159,"loc":{"start":{"line":159,"column":4},"end":{"line":167,"column":4}}}},"statementMap":{"1":{"start":{"line":9,"column":8},"end":{"line":9,"column":18}},"2":{"start":{"line":13,"column":8},"end":{"line":13,"column":18}},"3":{"start":{"line":17,"column":8},"end":{"line":17,"column":25}},"4":{"start":{"line":18,"column":8},"end":{"line":18,"column":53}},"5":{"start":{"line":20,"column":8},"end":{"line":20,"column":16}},"6":{"start":{"line":24,"column":8},"end":{"line":24,"column":58}},"7":{"start":{"line":32,"column":8},"end":{"line":32,"column":36}},"8":{"start":{"line":33,"column":8},"end":{"line":33,"column":25}},"9":{"start":{"line":35,"column":8},"end":{"line":35,"column":16}},"10":{"start":{"line":42,"column":8},"end":{"line":42,"column":1156}},"11":{"start":{"line":43,"column":12},"end":{"line":43,"column":20}},"12":{"start":{"line":46,"column":8},"end":{"line":46,"column":25}},"13":{"start":{"line":47,"column":8},"end":{"line":47,"column":63}},"14":{"start":{"line":49,"column":8},"end":{"line":49,"column":16}},"15":{"start":{"line":53,"column":8},"end":{"line":53,"column":54}},"16":{"start":{"line":62,"column":8},"end":{"line":62,"column":35}},"17":{"start":{"line":63,"column":8},"end":{"line":63,"column":25}},"18":{"start":{"line":66,"column":8},"end":{"line":66,"column":16}},"19":{"start":{"line":70,"column":8},"end":{"line":70,"column":52}},"20":{"start":{"line":78,"column":8},"end":{"line":78,"column":36}},"21":{"start":{"line":79,"column":8},"end":{"line":79,"column":20}},"22":{"start":{"line":83,"column":8},"end":{"line":83,"column":29}},"23":{"start":{"line":87,"column":8},"end":{"line":87,"column":29}},"24":{"start":{"line":91,"column":8},"end":{"line":91,"column":2460}},"25":{"start":{"line":92,"column":12},"end":{"line":92,"column":16}},"26":{"start":{"line":93,"column":12},"end":{"line":93,"column":33}},"27":{"start":{"line":94,"column":12},"end":{"line":94,"column":2543}},"28":{"start":{"line":95,"column":16},"end":{"line":95,"column":20}},"29":{"start":{"line":96,"column":16},"end":{"line":96,"column":34}},"30":{"start":{"line":98,"column":15},"end":{"line":98,"column":2644}},"31":{"start":{"line":99,"column":12},"end":{"line":99,"column":16}},"32":{"start":{"line":104,"column":8},"end":{"line":104,"column":30}},"33":{"start":{"line":108,"column":8},"end":{"line":108,"column":44}},"34":{"start":{"line":112,"column":8},"end":{"line":112,"column":30}},"35":{"start":{"line":116,"column":8},"end":{"line":116,"column":44}},"36":{"start":{"line":120,"column":8},"end":{"line":120,"column":34}},"37":{"start":{"line":124,"column":8},"end":{"line":124,"column":42}},"38":{"start":{"line":128,"column":8},"end":{"line":128,"column":34}},"39":{"start":{"line":132,"column":8},"end":{"line":132,"column":42}},"40":{"start":{"line":136,"column":8},"end":{"line":136,"column":28}},"41":{"start":{"line":137,"column":8},"end":{"line":137,"column":3790}},"42":{"start":{"line":138,"column":12},"end":{"line":138,"column":3822}},"43":{"start":{"line":139,"column":16},"end":{"line":139,"column":39}},"44":{"start":{"line":141,"column":12},"end":{"line":141,"column":25}},"45":{"start":{"line":142,"column":12},"end":{"line":142,"column":17}},"46":{"start":{"line":144,"column":8},"end":{"line":144,"column":21}},"47":{"start":{"line":148,"column":8},"end":{"line":148,"column":28}},"48":{"start":{"line":149,"column":8},"end":{"line":149,"column":4092}},"49":{"start":{"line":150,"column":12},"end":{"line":150,"column":4124}},"50":{"start":{"line":151,"column":16},"end":{"line":151,"column":39}},"51":{"start":{"line":153,"column":12},"end":{"line":153,"column":25}},"52":{"start":{"line":154,"column":12},"end":{"line":154,"column":17}},"53":{"start":{"line":156,"column":8},"end":{"line":156,"column":21}},"54":{"start":{"line":160,"column":8},"end":{"line":160,"column":36}},"55":{"start":{"line":161,"column":8},"end":{"line":161,"column":44}},"56":{"start":{"line":162,"column":8},"end":{"line":162,"column":4451}},"57":{"start":{"line":163,"column":12},"end":{"line":163,"column":31}},"58":{"start":{"line":165,"column":12},"end":{"line":165,"column":27}}},"branchMap":{"1":{"line":18,"type":"if","locations":[{"start":{"line":18,"column":8},"end":{"line":18,"column":8}},{"start":{"line":18,"column":8},"end":{"line":18,"column":8}}]},"2":{"line":32,"type":"if","locations":[{"start":{"line":32,"column":8},"end":{"line":32,"column":8}},{"start":{"line":32,"column":8},"end":{"line":32,"column":8}}]},"3":{"line":42,"type":"if","locations":[{"start":{"line":42,"column":8},"end":{"line":42,"column":8}},{"start":{"line":42,"column":8},"end":{"line":42,"column":8}}]},"4":{"line":47,"type":"if","locations":[{"start":{"line":47,"column":8},"end":{"line":47,"column":8}},{"start":{"line":47,"column":8},"end":{"line":47,"column":8}}]},"5":{"line":62,"type":"if","locations":[{"start":{"line":62,"column":8},"end":{"line":62,"column":8}},{"start":{"line":62,"column":8},"end":{"line":62,"column":8}}]},"6":{"line":78,"type":"if","locations":[{"start":{"line":78,"column":8},"end":{"line":78,"column":8}},{"start":{"line":78,"column":8},"end":{"line":78,"column":8}}]},"7":{"line":91,"type":"if","locations":[{"start":{"line":91,"column":8},"end":{"line":91,"column":8}},{"start":{"line":91,"column":8},"end":{"line":91,"column":8}}]},"8":{"line":98,"type":"if","locations":[{"start":{"line":98,"column":15},"end":{"line":98,"column":15}},{"start":{"line":98,"column":15},"end":{"line":98,"column":15}}]},"9":{"line":138,"type":"if","locations":[{"start":{"line":138,"column":12},"end":{"line":138,"column":12}},{"start":{"line":138,"column":12},"end":{"line":138,"column":12}}]},"10":{"line":150,"
[...]
osit","line":39,"loc":{"start":{"line":39,"column":4},"end":{"line":42,"column":4}}},"2":{"name":"withdraw","line":44,"loc":{"start":{"line":44,"column":4},"end":{"line":49,"column":4}}},"3":{"name":"mint","line":52,"loc":{"start":{"line":52,"column":4},"end":{"line":54,"column":4}}},"4":{"name":"totalSupply","line":56,"loc":{"start":{"line":56,"column":4},"end":{"line":58,"column":4}}},"5":{"name":"approve","line":60,"loc":{"start":{"line":60,"column":4},"end":{"line":64,"column":4}}},"6":{"name":"transfer","line":66,"loc":{"start":{"line":66,"column":4},"end":{"line":68,"column":4}}},"7":{"name":"transferFrom","line":70,"loc":{"start":{"line":70,"column":4},"end":{"line":90,"column":4}}}},"statementMap":{"1":{"start":{"line":40,"column":8},"end":{"line":40,"column":41}},"2":{"start":{"line":41,"column":8},"end":{"line":41,"column":43}},"3":{"start":{"line":45,"column":8},"end":{"line":45,"column":44}},"4":{"start":{"line":46,"column":8},"end":{"line":46,"column":35}},"5":{"start":{"line":47,"column":8},"end":{"line":47,"column":40}},"6":{"start":{"line":48,"column":8},"end":{"line":48,"column":40}},"7":{"start":{"line":53,"column":8},"end":{"line":53,"column":28}},"8":{"start":{"line":57,"column":8},"end":{"line":57,"column":36}},"9":{"start":{"line":61,"column":8},"end":{"line":61,"column":39}},"10":{"start":{"line":62,"column":8},"end":{"line":62,"column":43}},"11":{"start":{"line":63,"column":8},"end":{"line":63,"column":19}},"12":{"start":{"line":67,"column":8},"end":{"line":67,"column":49}},"13":{"start":{"line":75,"column":8},"end":{"line":75,"column":37}},"14":{"start":{"line":77,"column":8},"end":{"line":77,"column":2531}},"15":{"start":{"line":80,"column":12},"end":{"line":80,"column":53}},"16":{"start":{"line":81,"column":12},"end":{"line":81,"column":44}},"17":{"start":{"line":84,"column":8},"end":{"line":84,"column":28}},"18":{"start":{"line":85,"column":8},"end":{"line":85,"column":28}},"19":{"start":{"line":87,"column":8},"end":{"line":87,"column":36}},"20":{"start":{"line":89,"column":8},"end":{"line":89,"column":19}}},"branchMap":{"1":{"line":45,"type":"if","locations":[{"start":{"line":45,"column":8},"end":{"line":45,"column":8}},{"start":{"line":45,"column":8},"end":{"line":45,"column":8}}]},"2":{"line":75,"type":"if","locations":[{"start":{"line":75,"column":8},"end":{"line":75,"column":8}},{"start":{"line":75,"column":8},"end":{"line":75,"column":8}}]},"3":{"line":77,"type":"if","locations":[{"start":{"line":77,"column":8},"end":{"line":77,"column":8}},{"start":{"line":77,"column":8},"end":{"line":77,"column":8}}]},"4":{"line":80,"type":"if","locations":[{"start":{"line":80,"column":12},"end":{"line":80,"column":12}},{"start":{"line":80,"column":12},"end":{"line":80,"column":12}}]}}},"contracts/8/TemplateCode.sol":{"l":{"12":0,"13":0},"path":"/Users/oker/solidty/sor_smartcontract_dev/contracts/8/TemplateCode.sol","s":{"1":0,"2":0},"b":{},"f":{"1":0},"fnMap":{"1":{"name":"initialize","line":11,"loc":{"start":{"line":11,"column":2},"end":{"line":14,"column":2}}}},"statementMap":{"1":{"start":{"line":12,"column":4},"end":{"line":12,"column":27}},"2":{"start":{"line":13,"column":4},"end":{"line":13,"column":19}}},"branchMap":{}},"contracts/8/test/SerializeTest.sol":{"l":{"20":0,"21":0,"36":0,"37":0,"41":0,"57":0,"62":0,"84":0,"85":0,"101":0,"123":0,"136":0,"151":0,"153":0,"155":0,"214":0,"228":0,"229":0,"230":0,"231":0,"232":0,"233":0,"237":0,"249":0,"250":0,"251":0,"252":0,"254":0,"256":0,"279":0,"280":0,"282":0,"285":0,"295":0,"327":0,"328":0,"329":0,"330":0,"335":0,"347":0,"348":0,"349":0,"350":0,"351":0,"352":0,"353":0,"354":0,"356":0,"366":0,"369":0,"372":0,"386":0,"396":0,"404":0,"418":0,"419":0,"420":0,"421":0,"422":0,"423":0,"424":0,"425":0,"426":0,"427":0,"428":0,"429":0},"path":"/Users/oker/solidty/sor_smartcontract_dev/contracts/8/test/SerializeTest.sol","s":{"1":0,"2":0,"3":0,"4":0,"5":0,"6":0,"7":0,"8":0,"9":0,"10":0,"11":0,"12":0,"13":0,"14":0,"15":0,"16":0,"17":0,"18":0,"19":0,"20":0,"21":0,"22":0,"23":0,"24":0,"25":0,"26":0,"27":0,"28":0,"29":0,"30":0,"31":0,"32":0,"33":0,"34":0,"35":0,"36":0,"37":0,"38":0,"39":0,"40":0,"41":0,"42":0,"43":0,"44":0,"45":0,"46":0,"47":0,"48":0,"49":0,"50":0,"51":0,"52":0,"53":0,"54":0,"55":0,"56":0,"57":0},"b":{"1":[0,0],"2":[0,0],"3":[0,0],"4":[0,0],"5":[0,0],"6":[0,0],"7":[0,0],"8":[0,0],"9":[0,0]},"f":{"1":0,"2":0,"3":0,"4":0,"5":0,"6":0,"7":0,"8":0,"9":0,"10":0,"11":0,"12":0,"13":0,"14":0,"15":0,"16":0,"17":0},"fnMap":{"1":{"name":"bytesToBytes32","line":15,"loc":{"start":{"line":15,"column":4},"end":{"line":25,"column":4}}},"2":{"name":"bytesToUint256","line":31,"loc":{"start":{"line":31,"column":4},"end":{"line":46,"column":4}}},"3":{"name":"uint256ToBytes","line":52,"loc":{"start":{"line":52,"column":4},"end":{"line":73,"column":4}}},"4":{"name":"bytesToAddress","line":79,"loc":{"start":{"line":79,"column":4},"end":{"line":90,"column":4}}},"5":{"name":"addressToBytes","line":96,"loc":{"start":{"line":96,"column":4},"end":{"line":112,"column":4}}},"6":{"name":"hashLeaf","line":118,"loc":{"start":{"line":118,"column":4},"end":{"line":124,"column":4}}},"7":{"name":"hashChildren","line":131,"loc":{"start":{"line":131,"column":4},"end":{"line":137,"column":4}}},"8":{"name":"slice","line":146,"loc":{"start":{"line":146,"column":4},"end":{"line":215,"column":4}}},"9":{"name":"containMAddresses","line":223,"loc":{"start":{"line":223,"column":4},"end":{"line":238,"column":4}}},"10":{"name":"compressMCPubKey","line":244,"loc":{"start":{"line":244,"column":4},"end":{"line":257,"column":4}}},"11":{"name":"isContract","line":271,"loc":{"start":{"line":271,"column":4},"end":{"line":286,"column":4}}},"12":{"name":"initialize","line":294,"loc":{"start":{"line":294,"column":4},"end":{"line":296,"column":4}}},"13":{"name":"serializeAddress","line":322,"loc":{"start":{"line":322,"column":4},"end":{"line":336,"column":4}}},"14":{"name":"deserializeAddress","line":342,"loc":{"start":{"line":342,"column":4},"end":{"line":357,"column":4}}},"15":{"name":"crossChain","line":359,"loc":{"start":{"line":359,"column":4},"end":{"line":387,"column":4}}},"16":{"name":"serializeBaseParam","line":389,"loc":{"start":{"line":389,"column":4},"end":{"line":405,"column":4}}},"17":{"name":"deserializeBaseParam","line":407,"loc":{"start":{"line":407,"column":4},"end":{"line":430,"column":4}}}},"statementMap":{"1":{"start":{"line":20,"column":8},"end":{"line":20,"column":59}},"2":{"start":{"line":36,"column":8},"end":{"line":36,"column":59}},"3":{"start":{"line":41,"column":8},"end":{"line":41,"column":1346}},"4":{"start":{"line":57,"column":8},"end":{"line":57,"column":1775}},"5":{"start":{"line":84,"column":8},"end":{"line":84,"column":71}},"6":{"start":{"line":123,"column":8},"end":{"line":123,"column":60}},"7":{"start":{"line":136,"column":8},"end":{"line":136,"column":62}},"8":{"start":{"line":151,"column":8},"end":{"line":151,"column":51}},"9":{"start":{"line":153,"column":8},"end":{"line":153,"column":30}},"10":{"start":{"line":214,"column":8},"end":{"line":214,"column":24}},"11":{"start":{"line":228,"column":8},"end":{"line":228,"column":21}},"12":{"start":{"line":229,"column":8},"end":{"line":229,"column":8609}},"13":{"start":{"line":230,"column":12},"end":{"line":230,"column":8673}},"14":{"start":{"line":231,"column":16},"end":{"line":231,"column":8741}},"15":{"start":{"line":237,"column":8},"end":{"line":237,"column":22}},"16":{"start":{"line":249,"column":8},"end":{"line":249,"column":59}},"17":{"start":{"line":250,"column":8},"end":{"line":250,"column":33}},"18":{"start":{"line":251,"column":8},"end":{"line":251,"column":9192}},"19":{"start":{"line":252,"column":12},"end":{"line":252,"column":35}},"20":{"start":{"line":254,"column":12},"end":{"line":254,"column":35}},"21":{"start":{"line":256,"column":8},"end":{"line":256,"column":21}},"22":{"start":{"line":279,"column":8},"end":{"line":279,"column":24}},"23":{"start":{"line":280,"column":8},"end":{"line":280,"column":96}},"24":{"start":{"line":285,"column":8},"end":{"line":285,"column":59}},"25":{"start":{"line":295,"column":8},"end":{"line":295,"column":23}},"26":{"start":{"line":327,"column":8},"end":{"line":327,"column":42}},"27":{"start":{"line":328,"column":8},"end":{"line":328,"column":79}},"28":{"start":{"line":329,"column":8},"end":{"line":329,"column":12075}},"29":{"start":{"line":330,"column":12},"end":{"line":330,"column":12133}},"30":{"start":{"line":335,"column":8},"end":{"line":335,"column":27}},"31":{"start":{"line":347,"column":8},"end":{"line":347,"column":23}},"32":{"start":{"line":348,"column":8},"end":{"line":348,"column":24}},"33":{"start":{"line":349,"column":8},"end":{"line":349,"column":70}},"34":{"start":{"line":350,"column":8},"end":{"line":350,"column":59}},"35":{"start":{"line":351,"column":8},"end":{"line":351,"column":32}},"36":{"start":{"line":352,"column":8},"end":{"line":352,"column":12914}},"37":{"start":{"line":353,"column":12},"end":{"line":353,"column":78}},"38":{"start":{"line":354,"column":12},"end":{"line":354,"column":57}},"39":{"start":{"line":356,"column":8},"end":{"line":356,"column":22}},"40":{"start":{"line":366,"column":8},"end":{"line":366,"column":31}},"41":{"start":{"line":369,"column":8},"end":{"line":369,"column":68}},"42":{"start":{"line":372,"column":8},"end":{"line":372,"column":13682}},"43":{"start":{"line":386,"column":8},"end":{"line":386,"column":23}},"44":{"start":{"line":396,"column":8},"end":{"line":396,"column":14500}},"45":{"start":{"line":404,"column":8},"end":{"line":404,"column":23}},"46":{"start":{"line":418,"column":8},"end":{"line":418,"column":23}},"47":{"start":{"line":419,"column":8},"end":{"line":419,"column":31}},"48":{"start":{"line":420,"column":8},"end":{"line":420,"column":72}},"49":{"start":{"line":421,"column":8},"end":{"line":421,"column":51}},"50":{"start":{"line":422,"column":8},"end":{"line":422,"column":72}},"51":{"start":{"line":423,"column":8},"end":{"line":423,"column":49}},"52":{"start":{"line":424,"column":8},"end":{"line":424,"column":72}},"53":{"start":{"line":425,"column":8},"end":{"line":425,"column":48}},"54":{"start":{"line":426,"column":8},"end":{"line":426,"column":72}},"55":{"start":{"line":427,"column":8},"end":{"line":427,"column":51}},"56":{"start":{"line":428,"column":8},"end":{"line":428,"column":72}},"57":{"start":{"line":429,"column":8},"end":{"line":429,"column":50}}},"branchMap":{"1":{"line":20,"type":"if","locations":[{"start":{"line":20,"column":8},"end":{"line":20,"column":8}},{"start":{"line":20,"column":8},"end":{"line":20,"column":8}}]},"2":{"line":36,"type":"if","locations":[{"start":{"line":36,"column":8},"end":{"line":36,"column":8}},{"start":{"line":36,"column":8},"end":{"line":36,"column":8}}]},"3":{"line":41,"type":"if","locations":[{"start":{"line":41,"column":8},"end":{"line":41,"column":8}},{"start":{"line":41,"column":8},"end":{"line":41,"column":8}}]},"4":{"line":57,"type":"if","locations":[{"start":{"line":57,"column":8},"end":{"line":57,"column":8}},{"start":{"line":57,"column":8},"end":{"line":57,"column":8}}]},"5":{"line":84,"type":"if","locations":[{"start":{"line":84,"column":8},"end":{"line":84,"column":8}},{"start":{"line":84,"column":8},"end":{"line":84,"column":8}}]},"6":{"line":151,"type":"if","locations":[{"start":{"line":151,"column":8},"end":{"line":151,"column":8}},{"start":{"line":151,"column":8},"end":{"line":151,"column":8}}]},"7":{"line":231,"type":"if","locations":[{"start":{"line":231,"column":16},"end":{"line":231,"column":16}},{"start":{"line":231,"column":16},"end":{"line":231,"column":16}}]},"8":{"line":249,"type":"if","locations":[{"start":{"line":249,"column":8},"end":{"line":249,"column":8}},{"start":{"line":249,"column":8},"end":{"line":249,"column":8}}]},"9":{"line":251,"type":"if","locations":[{"start":{"line":251,"column":8},"end":{"line":251,"column":8}},{"start":{"line":251,"column":8},"end":{"line":251,"column":8}}]}}},"contracts/8/TokenApprove.sol":{"l":{"18":0,"19":0,"41":26,"42":26,"55":19,"56":115,"57":115},"path":"/Users/oker/solidty/sor_smartcontract_dev/contracts/8/TokenApprove.sol","s":{"1":0,"2":0,"3":26,"4":26,"5":19,"6":115,"7":115},"b":{"1":[19,0],"2":[115,115]},"f":{"1":0,"2":26,"3":19},"fnMap":{"1":{"name":"initialize","line":17,"loc":{"start":{"line":17,"column":2},"end":{"line":20,"column":2}}},"2":{"name":"setApproveProxy","line":40,"loc":{"start":{"line":40,"column":2},"end":{"line":43,"column":2}}},"3":{"name":"claimTokens","line":49,"loc":{"start":{"line":49,"column":2},"end":{"line":59,"column":2}}}},"statementMap":{"1":{"start":{"line":18,"column":4},"end":{"line":18,"column":19}},"2":{"start":{"line":19,"column":4},"end":{"line":19,"column":41}},"3":{"start":{"line":41,"column":4},"end":{"line":41,"column":62}},"4":{"start":{"line":42,"column":4},"end":{"line":42,"column":44}},"5":{"start":{"line":55,"column":4},"end":{"line":55,"column":78}},"6":{"start":{"line":56,"column":4},"end":{"line":56,"column":1645}},"7":{"start":{"line":57,"column":6},"end":{"line":57,"column":58}}},"branchMap":{"1":{"line":55,"type":"if","locations":[{"start":{"line":55,"column":4},"end":{"line":55,"column":4}},{"start":{"line":55,"column":4},"end":{"line":55,"column":4}}]},"2":{"line":56,"type":"if","locations":[{"start":{"line":56,"column":4},"end":{"line":56,"column":4}},{"start":{"line":56,"column":4},"end":{"line":56,"column":4}}]}}},"contracts/8/TokenApproveProxy.sol":{"l":{"17":0,"37":0,"38":26,"42":37,"43":37,"47":0,"48":0,"61":26,"62":115,"66":115},"path":"/Users/oker/solidty/sor_smartcontract_dev/contracts/8/TokenApproveProxy.sol","s":{"1":0,"2":26,"3":26,"4":37,"5":37,"6":0,"7":0,"8":26,"9":115,"10":115},"b":{"1":[26,0]},"f":{"1":0,"2":0,"3":37,"4":0,"5":26,"6":115},"fnMap":{"1":{"name":"initialize","line":16,"loc":{"start":{"line":16,"column":2},"end":{"line":18,"column":2}}},"2":{"name":"addProxy","line":36,"loc":{"start":{"line":36,"column":2},"end":{"line":39,"column":2}}},"3":{"name":"removeProxy","line":41,"loc":{"start":{"line":41,"column":2},"end":{"line":44,"column":2}}},"4":{"name":"setTokenApprove","line":46,"loc":{"start":{"line":46,"column":2},"end":{"line":49,"column":2}}},"5":{"name":"claimTokens","line":55,"loc":{"start":{"line":55,"column":2},"end":{"line":63,"column":2}}},"6":{"name":"isAllowedProxy","line":65,"loc":{"start":{"line":65,"column":2},"end":{"line":67,"column":2}}}},"statementMap":{"1":{"start":{"line":17,"column":4},"end":{"line":17,"column":19}},"2":{"start":{"line":37,"column":4},"end":{"line":37,"column":35}},"3":{"start":{"line":38,"column":4},"end":{"line":38,"column":31}},"4":{"start":{"line":42,"column":4},"end":{"line":42,"column":36}},"5":{"start":{"line":43,"column":4},"end":{"line":43,"column":34}},"6":{"start":{"line":47,"column":4},"end":{"line":47,"column":31}},"7":{"start":{"line":48,"column":4},"end":{"line":48,"column":43}},"8":{"start":{"line":61,"column":4},"end":{"line":61,"column":73}},"9":{"start":{"line":62,"column":4},"end":{"line":62,"column":67}},"10":{"start":{"line":66,"column":4},"end":{"line":66,"column":33}}},"branchMap":{"1":{"line":61,"type":"if","locations":[{"start":{"line":61,"column":4},"end":{"line":61,"column":4}},{"start":{"line":61,"column":4},"end":{"line":61,"column":4}}]}}},"contracts/8/UnxswapRouter.sol":{"l":{"20":3,"27":1,"28":1,"29":1,"30":1,"32":1,"35":0,"37":0,"39":1,"40":0,"110":1,"111":1,"127":6,"285":6,"286":6,"287":6,"288":6,"292":6,"293":6},"path":"/Users/oker/solidty/sor_smartcontract_dev/contracts/8/UnxswapRouter.sol","s":{"1":1,"2":1,"3":1,"4":1,"5":1,"6":0,"7":0,"8":0,"9":1,"10":0,"11":1,"12":1,"13":6,"14":6,"15":6,"16":6,"17":6},"b":{"1":[3,0],"2":[1,0],"3":[1,0],"4":[0,0],"5":[0,1]},"f":{"1":1,"2":1,"3":6},"fnMap":{"1":{"name":"_permit","line":26,"loc":{"start":{"line":26,"column":2},"end":{"line":43,"column":2}}},"2":{"name":"unxswapWithPermit","line":103,"loc":{"start":{"line":103,"column":2},"end":{"line":112,"column":2}}},"3":{"name":"unxswap","line":120,"loc":{"start":{"line":120,"column":2},"end":{"line":294,"column":2}}}},"statementMap":{"1":{"start":{"line":27,"column":4},"end":{"line":27,"column":746}},"2":{"start":{"line":28,"column":6},"end":{"line":28,"column":18}},"3":{"start":{"line":29,"column":6},"end":{"line":29,"column":25}},"4":{"start":{"line":30,"column":6},"end":{"line":30,"column":826}},"5":{"start":{"line":32,"column":8},"end":{"line":32,"column":93}},"6":{"start":{"line":33,"column":13},"end":{"line":33,"column":1025}},"7":{"start":{"line":35,"column":8},"end":{"line":35,"column":95}},"8":{"start":{"line":37,"column":8},"end":{"line":37,"column":36}},"9":{"start":{"line":39,"column":6},"end":{"line":39,"column":1281}},"10":{"start":{"line":40,"column":8},"end":{"line":40,"column":66}},"11":{"start":{"line":110,"column":4},"end":{"line":110,"column":37}},"12":{"start":{"line":111,"column":4},"end":{"line":111,"column":54}},"13":{"start":{"line":285,"column":4},"end":{"line":285,"column":45}},"14":{"start":{"line":286,"column":4},"end":{"line":286,"column":16}},"15":{"start":{"line":287,"column":4},"end":{"line":287,"column":16}},"16":{"start":{"line":292,"column":4},"end":{"line":292,"column":81}},"17":{"start":{"line":293,"column":4},"end":{"line":293,"column":76}}},"branchMap":{"1":{"line":20,"type":"if","locations":[{"start":{"line":20,"column":4},"end":{"line":20,"column":4}},{"start":{"line":20,"column":4},"end":{"line":20,"column":4}}]},"2":{"line":27,"type":"if","locations":[{"start":{"line":27,"column":4},"end":{"line":27,"column":4}},{"start":{"line":27,"column":4},"end":{"line":27,"column":4}}]},"3":{"line":30,"type":"if","locations":[{"start":{"line":30,"column":6},"end":{"line":30,"column":6}},{"start":{"line":30,"column":6},"end":{"line":30,"column":6}}]},"4":{"line":33,"type":"if","locations":[{"start":{"line":33,"column":13},"end":{"line":33,"column":13}},{"start":{"line":33,"column":13},"end":{"line":33,"column":13}}]},"5":{"line":39,"type":"if","locations":[{"start":{"line":39,"column":6},"end":{"line":39,"column":6}},{"start":{"line":39,"column":6},"end":{"line":39,"column":6}}]}}},"contracts/8/WNativeRelayer.sol":{"l":{"18":0,"19":0,"20":11,"22":11,"26":11,"27":3,"31":3,"32":3,"33":15,"35":15,"40":15,"41":15,"42":3},"path":"/Users/oker/solidty/sor_smartcontract_dev/contracts/8/WNativeRelayer.sol","s":{"1":0,"2":0,"3":11,"4":11,"5":11,"6":3,"7":3,"8":15,"9":15,"10":15,"11":15,"12":3},"b":{"1":[11,0],"2":[3,0]},"f":{"1":0,"2":11,"3":3,"4":15},"fnMap":{"1":{"name":"initialize","line":17,"loc":{"start":{"line":17,"column":2},"end":{"line":23,"column":2}}},"2":{"name":"onlyWhitelistCaller","line":25,"loc":{"start":{"line":25,"column":2},"end":{"line":28,"column":2}}},"3":{"name":"setCallerOk","line":30,"loc":{"start":{"line":30,"column":2},"end":{"line":37,"column":2}}},"4":{"name":"withdraw","line":39,"loc":{"start":{"line":39,"column":2},"end":{"line":43,"column":2}}}},"statementMap":{"1":{"start":{"line":18,"column":4},"end":{"line":18,"column":19}},"2":{"start":{"line":19,"column":4},"end":{"line":19,"column":27}},"3":{"start":{"line":20,"column":4},"end":{"line":20,"column":21}},"4":{"start":{"line":22,"column":4},"end":{"line":22,"column":29}},"5":{"start":{"line":26,"column":4},"end":{"line":26,"column":94}},"6":{"start":{"line":31,"column":4},"end":{"line":31,"column":43}},"7":{"start":{"line":32,"column":4},"end":{"line":32,"column":971}},"8":{"start":{"line":33,"column":6},"end":{"line":33,"column":46}},"9":{"start":{"line":35,"column":6},"end":{"line":35,"column":51}},"10":{"start":{"line":40,"column":4},"end":{"line":40,"column":35}},"11":{"start":{"line":41,"column":4},"end":{"line":41,"column":60}},"12":{"start":{"line":42,"column":4},"end":{"line":42,"column":77}}},"branchMap":{"1":{"line":26,"type":"if","locations":[{"start":{"line":26,"column":4},"end":{"line":26,"column":4}},{"start":{"line":26,"column":4},"end":{"line":26,"column":4}}]},"2":{"line":42,"type":"if","locations":[{"start":{"line":42,"column":4},"end":{"line":42,"column":4}},{"start":{"line":42,"column":4},"end":{"line":42,"column":4}}]}}}}