{"contracts/8/adapter/ApeAdapter.sol":{"l":{"15":0,"16":0,"17":0,"22":0,"23":0,"25":0,"26":0,"27":0,"28":0,"29":0,"38":0,"39":0,"40":0,"45":0,"46":0,"48":0,"49":0,"50":0,"51":0,"52":0},"path":"/Users/oker/Desktop/Projects/OKX/sor_smartcontract_dev/contracts/8/adapter/ApeAdapter.sol","s":{"1":0,"2":0,"3":0,"4":0,"5":0,"6":0,"7":0,"8":0,"9":0,"10":0,"11":0,"12":0,"13":0,"14":0,"15":0,"16":0,"17":0,"18":0,"19":0,"20":0},"b":{"1":[0,0],"2":[0,0]},"f":{"1":0,"2":0},"fnMap":{"1":{"name":"sellBase","line":10,"loc":{"start":{"line":10,"column":4},"end":{"line":30,"column":4}}},"2":{"name":"sellQuote","line":33,"loc":{"start":{"line":33,"column":4},"end":{"line":53,"column":4}}}},"statementMap":{"1":{"start":{"line":15,"column":8},"end":{"line":15,"column":47}},"2":{"start":{"line":16,"column":8},"end":{"line":16,"column":76}},"3":{"start":{"line":17,"column":8},"end":{"line":17,"column":480}},"4":{"start":{"line":22,"column":8},"end":{"line":22,"column":60}},"5":{"start":{"line":23,"column":8},"end":{"line":23,"column":53}},"6":{"start":{"line":25,"column":8},"end":{"line":25,"column":60}},"7":{"start":{"line":26,"column":8},"end":{"line":26,"column":62}},"8":{"start":{"line":27,"column":8},"end":{"line":27,"column":70}},"9":{"start":{"line":28,"column":8},"end":{"line":28,"column":60}},"10":{"start":{"line":29,"column":8},"end":{"line":29,"column":63}},"11":{"start":{"line":38,"column":8},"end":{"line":38,"column":48}},"12":{"start":{"line":39,"column":8},"end":{"line":39,"column":76}},"13":{"start":{"line":40,"column":8},"end":{"line":40,"column":1322}},"14":{"start":{"line":45,"column":8},"end":{"line":45,"column":61}},"15":{"start":{"line":46,"column":8},"end":{"line":46,"column":54}},"16":{"start":{"line":48,"column":8},"end":{"line":48,"column":62}},"17":{"start":{"line":49,"column":8},"end":{"line":49,"column":63}},"18":{"start":{"line":50,"column":8},"end":{"line":50,"column":71}},"19":{"start":{"line":51,"column":8},"end":{"line":51,"column":59}},"20":{"start":{"line":52,"column":8},"end":{"line":52,"column":62}}},"branchMap":{"1":{"line":17,"type":"if","locations":[{"start":{"line":17,"column":8},"end":{"line":17,"column":8}},{"start":{"line":17,"column":8},"end":{"line":17,"column":8}}]},"2":{"line":40,"type":"if","locations":[{"start":{"line":40,"column":8},"end":{"line":40,"column":8}},{"start":{"line":40,"column":8},"end":{"line":40,"column":8}}]}}},"contracts/8/adapter/BakeryAdapter.sol":{"l":{"35":0,"36":0,"37":0,"42":0,"43":0,"45":0,"46":0,"47":0,"48":0,"49":0,"58":0,"59":0,"60":0,"65":0,"66":0,"68":0,"69":0,"70":0,"71":0,"72":0},"path":"/Users/oker/Desktop/Projects/OKX/sor_smartcontract_dev/contracts/8/adapter/BakeryAdapter.sol","s":{"1":0,"2":0,"3":0,"4":0,"5":0,"6":0,"7":0,"8":0,"9":0,"10":0,"11":0,"12":0,"13":0,"14":0,"15":0,"16":0,"17":0,"18":0,"19":0,"20":0},"b":{"1":[0,0],"2":[0,0]},"f":{"1":0,"2":0},"fnMap":{"1":{"name":"sellBase","line":30,"loc":{"start":{"line":30,"column":4},"end":{"line":50,"column":4}}},"2":{"name":"sellQuote","line":53,"loc":{"start":{"line":53,"column":4},"end":{"line":73,"column":4}}}},"statementMap":{"1":{"start":{"line":35,"column":8},"end":{"line":35,"column":47}},"2":{"start":{"line":36,"column":8},"end":{"line":36,"column":76}},"3":{"start":{"line":37,"column":8},"end":{"line":37,"column":877}},"4":{"start":{"line":42,"column":8},"end":{"line":42,"column":60}},"5":{"start":{"line":43,"column":8},"end":{"line":43,"column":53}},"6":{"start":{"line":45,"column":8},"end":{"line":45,"column":60}},"7":{"start":{"line":46,"column":8},"end":{"line":46,"column":62}},"8":{"start":{"line":47,"column":8},"end":{"line":47,"column":70}},"9":{"start":{"line":48,"column":8},"end":{"line":48,"column":60}},"10":{"start":{"line":49,"column":8},"end":{"line":49,"column":49}},"11":{"start":{"line":58,"column":8},"end":{"line":58,"column":48}},"12":{"start":{"line":59,"column":8},"end":{"line":59,"column":76}},"13":{"start":{"line":60,"column":8},"end":{"line":60,"column":1708}},"14":{"start":{"line":65,"column":8},"end":{"line":65,"column":61}},"15":{"start":{"line":66,"column":8},"end":{"line":66,"column":54}},"16":{"start":{"line":68,"column":8},"end":{"line":68,"column":62}},"17":{"start":{"line":69,"column":8},"end":{"line":69,"column":63}},"18":{"start":{"line":70,"column":8},"end":{"line":70,"column":71}},"19":{"start":{"line":71,"column":8},"end":{"line":71,"column":59}},"20":{"start":{"line":72,"column":8},"end":{"line":72,"column":48}}},"branchMap":{"1":{"line":37,"type":"if","locations":[{"start":{"line":37,"column":8},"end":{"line":37,"column":8}},{"start":{"line":37,"column":8},"end":{"line":37,"column":8}}]},"2":{"line":60,"type":"if","locations":[{"start":{"line":60,"column":8},"end":{"line":60,"column":8}},{"start":{"line":60,"column":8},"end":{"line":60,"column":8}}]}}},"contracts/8/adapter/BalancerAdapter.sol":{"l":{"20":0,"24":0,"26":0,"27":0,"29":0,"30":0,"31":0,"33":0,"34":0,"37":0,"41":0,"46":0,"47":0,"49":0,"57":0,"58":0,"71":0,"79":0},"path":"/Users/oker/Desktop/Projects/OKX/sor_smartcontract_dev/contracts/8/adapter/BalancerAdapter.sol","s":{"1":0,"2":0,"3":0,"4":0,"5":0,"6":0,"7":0,"8":0,"9":0,"10":0,"11":0,"12":0,"13":0,"14":0,"15":0,"16":0,"17":0,"18":0},"b":{"1":[0,0],"2":[0,0],"3":[0,0],"4":[0,0],"5":[0,0]},"f":{"1":0,"2":0,"3":0},"fnMap":{"1":{"name":"_balancerSwap","line":15,"loc":{"start":{"line":15,"column":4},"end":{"line":64,"column":4}}},"2":{"name":"sellBase","line":66,"loc":{"start":{"line":66,"column":4},"end":{"line":72,"column":4}}},"3":{"name":"sellQuote","line":74,"loc":{"start":{"line":74,"column":4},"end":{"line":80,"column":4}}}},"statementMap":{"1":{"start":{"line":20,"column":8},"end":{"line":20,"column":549}},"2":{"start":{"line":24,"column":8},"end":{"line":24,"column":74}},"3":{"start":{"line":26,"column":8},"end":{"line":26,"column":44}},"4":{"start":{"line":27,"column":8},"end":{"line":27,"column":45}},"5":{"start":{"line":29,"column":8},"end":{"line":29,"column":848}},"6":{"start":{"line":30,"column":12},"end":{"line":30,"column":916}},"7":{"start":{"line":31,"column":16},"end":{"line":31,"column":45}},"8":{"start":{"line":33,"column":12},"end":{"line":33,"column":1028}},"9":{"start":{"line":34,"column":16},"end":{"line":34,"column":46}},"10":{"start":{"line":37,"column":8},"end":{"line":37,"column":1143}},"11":{"start":{"line":41,"column":8},"end":{"line":41,"column":1263}},"12":{"start":{"line":46,"column":8},"end":{"line":46,"column":76}},"13":{"start":{"line":47,"column":8},"end":{"line":47,"column":70}},"14":{"start":{"line":49,"column":8},"end":{"line":49,"column":1535}},"15":{"start":{"line":57,"column":8},"end":{"line":57,"column":1712}},"16":{"start":{"line":58,"column":12},"end":{"line":58,"column":1755}},"17":{"start":{"line":71,"column":8},"end":{"line":71,"column":40}},"18":{"start":{"line":79,"column":8},"end":{"line":79,"column":40}}},"branchMap":{"1":{"line":30,"type":"if","locations":[{"start":{"line":30,"column":12},"end":{"line":30,"column":12}},{"start":{"line":30,"column":12},"end":{"line":30,"column":12}}]},"2":{"line":33,"type":"if","locations":[{"start":{"line":33,"column":12},"end":{"line":33,"column":12}},{"start":{"line":33,"column":12},"end":{"line":33,"column":12}}]},"3":{"line":37,"type":"if","locations":[{"start":{"line":37,"column":8},"end":{"line":37,"column":8}},{"start":{"line":37,"column":8},"end":{"line":37,"column":8}}]},"4":{"line":41,"type":"if","locations":[{"start":{"line":41,"column":8},"end":{"line":41,"column":8}},{"start":{"line":41,"column":8},"end":{"line":41,"column":8}}]},"5":{"line":57,"type":"if","locations":[{"start":{"line":57,"column":8},"end":{"line":57,"column":8}},{"start":{"line":57,"column":8},"end":{"line":57,"column":8}}]}}},"contracts/8/adapter/BalancerV2Adapter.sol":{"l":{"19":0,"20":0,"28":0,"36":0,"37":0,"38":0,"40":0,"43":0,"44":0,"45":0,"46":0,"49":0,"52":0,"54":0,"55":0,"56":0,"59":0,"65":0,"72":0,"77":0,"78":0,"79":0,"92":0,"100":0,"106":0,"107":0},"path":"/Users/oker/Desktop/Projects/OKX/sor_smartcontract_dev/contracts/8/adapter/BalancerV2Adapter.sol","s":{"1":0,"2":0,"3":0,"4":0,"5":0,"6":0,"7":0,"8":0,"9":0,"10":0,"11":0,"12":0,"13":0,"14":0,"15":0,"16":0,"17":0,"18":0,"19":0,"20":0,"21":0,"22":0,"23":0,"24":0,"25":0},"b":{"1":[0,0],"2":[0,0],"3":[0,0],"4":[0,0]},"f":{"1":0,"2":0,"3":0,"4":0},"fnMap":{"1":{"name":"constructor","line":18,"loc":{"start":{"line":18,"column":4},"end":{"line":21,"column":4}}},"2":{"name":"_balancerV2Swap","line":23,"loc":{"start":{"line":23,"column":4},"end":{"line":85,"column":4}}},"3":{"name":"sellBase","line":87,"loc":{"start":{"line":87,"column":4},"end":{"line":93,"column":4}}},"4":{"name":"sellQuote","line":95,"loc":{"start":{"line":95,"column":4},"end":{"line":101,"column":4}}}},"statementMap":{"1":{"start":{"line":19,"column":8},"end":{"line":19,"column":37}},"2":{"start":{"line":20,"column":8},"end":{"line":20,"column":27}},"3":{"start":{"line":28,"column":8},"end":{"line":28,"column":779}},"4":{"start":{"line":36,"column":8},"end":{"line":36,"column":30}},"5":{"start":{"line":37,"column":8},"end":{"line":37,"column":1174}},"6":{"start":{"line":38,"column":12},"end":{"line":38,"column":68}},"7":{"start":{"line":40,"column":12},"end":{"line":40,"column":68}},"8":{"start":{"line":43,"column":8},"end":{"line":43,"column":53}},"9":{"start":{"line":44,"column":8},"end":{"line":44,"column":33}},"10":{"start":{"line":45,"column":8},"end":{"line":45,"column":59}},"11":{"start":{"line":46,"column":8},"end":{"line":46,"column":1555}},"12":{"start":{"line":49,"column":8},"end":{"line":49,"column":1665}},"13":{"start":{"line":52,"column":8},"end":{"line":52,"column":37}},"14":{"start":{"line":54,"column":8},"end":{"line":54,"column":51}},"15":{"start":{"line":55,"column":8},"end":{"line":55,"column":34}},"16":{"start":{"line":56,"column":8},"end":{"line":56,"column":26}},"17":{"start":{"line":59,"column":8},"end":{"line":59,"column":1940}},"18":{"start":{"line":65,"column":8},"end":{"line":65,"column":2231}},"19":{"start":{"line":72,"column":8},"end":{"line":72,"column":2394}},"20":{"start":{"line":77,"column":8},"end":{"line":77,"column":2554}},"21":{"start":{"line":78,"column":12},"end":{"line":78,"column":70}},"22":{"start":{"line":78,"column":44},"end":{"line":78,"column":69}},"23":{"start":{"line":79,"column":12},"end":{"line":79,"column":2669}},"24":{"start":{"line":92,"column":8},"end":{"line":92,"column":43}},"25":{"start":{"line":100,"column":8},"end":{"line":100,"column":43}}},"branchMap":{"1":{"line":37,"type":"if","locations":[{"start":{"line":37,"column":8},"end":{"line":37,"column":8}},{"start":{"line":37,"column":8},"end":{"line":37,"column":8}}]},"2":{"line":77,"type":"if","locations":[{"start":{"line":77,"column":8},"end":{"line":77,"column":8}},{"start":{"line":77,"column":8},"end":{"line":77,"column":8}}]},"3":{"line":78,"type":"if","locations":[{"start":{"line":78,"column":12},"end":{"line":78,"column":12}},{"start":{"line":78,"column":12},"end":{"line":78,"column":12}}]},"4":{"line":106,"type":"if","locations":[{"start":{"line":106,"column":8},"end":{"line":106,"column":8}},{"start":{"line":106,"column":8},"end":{"line":106,"column":8}}]}}},"contracts/8/adapter/BancorAdapter.sol":{"l":{"18":0,"19":0,"27":0,"28":0,"32":0,"37":0,"40":0,"41":0,"42":0,"43":0,"44":0,"45":0,"47":0,"49":0,"52":0,"55":0,"64":0,"69":0,"70":0,"71":0,"72":0,"74":0,"87":0,"95":0,"101":0,"102":0},"path":"/Users/oker/Desktop/Projects/OKX/sor_smartcontract_dev/contracts/8/adapter/BancorAdapter.sol","s":{"1":0,"2":0,"3":0,"4":0,"5":0,"6":0,"7":0,"8":0,"9":0,"10":0,"11":0,"12":0,"13":0,"14":0,"15":0,"16":0,"17":0,"18":0,"19":0,"20":0,"21":0,"22":0,"23":0,"24":0},"b":{"1":[0,0],"2":[0,0],"3":[0,0],"4":[0,0],"5":[0,0]},"f":{"1":0,"2":0,"3":0,"4":0},"fnMap":{"1":{"name":"constructor","line":17,"loc":{"start":{"line":17,"column":4},"end":{"line":20,"column":4}}},"2":{"name":"_bancorTrade","line":22,"loc":{"start":{"line":22,"column":4},"end":{"line":80,"column":4}}},"3":{"name":"sellBase","line":82,"loc":{"start":{"line":82,"column":4},"end":{"line":88,"column":4}}},"4":{"name":"sellQuote","line":90,"loc":{"start":{"line":90,"column":4},"end":{"line":96,"column":4}}}},"statementMap":{"1":{"start":{"line":18,"column":8},"end":{"line":18,"column":39}},"2":{"start":{"line":19,"column":8},"end":{"line":19,"column":27}},"3":{"start":{"line":27,"column":8},"end":{"line":27,"column":69}},"4":{"start":{"line":28,"column":8},"end":{"line":28,"column":873}},"5":{"start":{"line":32,"column":8},"end":{"line":32,"column":1002}},"6":{"start":{"line":37,"column":8},"end":{"line":37,"column":65}},"7":{"start":{"line":40,"column":8},"end":{"line":40,"column":30}},"8":{"start":{"line":41,"column":8},"end":{"line":41,"column":29}},"9":{"start":{"line":42,"column":8},"end":{"line":42,"column":1326}},"10":{"start":{"line":43,"column":12},"end":{"line":43,"column":68}},"11":{"start":{"line":44,"column":12},"end":{"line":44,"column":51}},"12":{"start":{"line":45,"column":12},"end":{"line":45,"column":33}},"13":{"start":{"line":47,"column":12},"end":{"line":47,"column":68}},"14":{"start":{"line":49,"column":12},"end":{"line":49,"column":66}},"15":{"start":{"line":52,"column":8},"end":{"line":52,"column":70}},"16":{"start":{"line":55,"column":8},"end":{"line":55,"column":1811}},"17":{"start":{"line":64,"column":8},"end":{"line":64,"column":2047}},"18":{"start":{"line":69,"column":8},"end":{"line":69,"column":2208}},"19":{"start":{"line":70,"column":12},"end":{"line":70,"column":2251}},"20":{"start":{"line":71,"column":16},"end":{"line":71,"column":65}},"21":{"start":{"line":72,"column":16},"end":{"line":72,"column":41}},"22":{"start":{"line":74,"column":12},"end":{"line":74,"column":2423}},"23":{"start":{"line":87,"column":8},"end":{"line":87,"column":39}},"24":{"start":{"line":95,"column":8},"end":{"line":95,"column":39}}},"branchMap":{"1":{"line":37,"type":"if","locations":[{"start":{"line":37,"column":8},"end":{"line":37,"column":8}},{"start":{"line":37,"column":8},"end":{"line":37,"column":8}}]},"2":{"line":42,"type":"if","locations":[{"start":{"line":42,"column":8},"end":{"line":42,"column":8}},{"start":{"line":42,"column":8},"end":{"line":42,"column":8}}]},"3":{"line":69,"type":"if","locations":[{"start":{"line":69,"column":8},"end":{"line":69,"column":8}},{"start":{"line":69,"column":8},"end":{"line":69,"column":8}}]},"4":{"line":70,"type":"if","locations":[{"start":{"line":70,"column":12},"end":{"line":70,"column":12}},{"start":{"line":70,"column":12},"end":{"line":70,"column":12}}]},"5":{"line":101,"type":"if","locations":[{"start":{"line":101,"column":8},"end":{"line":101,"column":8}},{"start":{"line":101,"column":8},"end":{"line":101,"column":8}}]}}},"contracts/8/adapter/BiAdapter.sol":{"l":{"15":0,"16":0,"18":0,"23":0,"24":0,"26":0,"28":0,"29":0,"30":0,"31":0,"40":0,"41":0,"43":0,"48":0,"49":0,"51":0,"53":0,"54":0,"55":0,"56":0},"path":"/Users/oker/Desktop/Projects/OKX/sor_smartcontract_dev/contracts/8/adapter/BiAdapter.sol","s":{"1":0,"2":0,"3":0,"4":0,"5":0,"6":0,"7":0,"8":0,"9":0,"10":0,"11":0,"12":0,"13":0,"14":0,"15":0,"16":0,"17":0,"18":0,"19":0,"20":0},"b":{"1":[0,0],"2":[0,0]},"f":{"1":0,"2":0},"fnMap":{"1":{"name":"sellBase","line":10,"loc":{"start":{"line":10,"column":4},"end":{"line":32,"column":4}}},"2":{"name":"sellQuote","line":35,"loc":{"start":{"line":35,"column":4},"end":{"line":57,"column":4}}}},"statementMap":{"1":{"start":{"line":15,"column":8},"end":{"line":15,"column":54}},"2":{"start":{"line":16,"column":8},"end":{"line":16,"column":433}},"3":{"start":{"line":18,"column":8},"end":{"line":18,"column":513}},"4":{"start":{"line":23,"column":8},"end":{"line":23,"column":60}},"5":{"start":{"line":24,"column":8},"end":{"line":24,"column":53}},"6":{"start":{"line":26,"column":8},"end":{"line":26,"column":797}},"7":{"start":{"line":28,"column":8},"end":{"line":28,"column":62}},"8":{"start":{"line":29,"column":8},"end":{"line":29,"column":70}},"9":{"start":{"line":30,"column":8},"end":{"line":30,"column":60}},"10":{"start":{"line":31,"column":8},"end":{"line":31,"column":70}},"11":{"start":{"line":40,"column":8},"end":{"line":40,"column":55}},"12":{"start":{"line":41,"column":8},"end":{"line":41,"column":1357}},"13":{"start":{"line":43,"column":8},"end":{"line":43,"column":1437}},"14":{"start":{"line":48,"column":8},"end":{"line":48,"column":61}},"15":{"start":{"line":49,"column":8},"end":{"line":49,"column":54}},"16":{"start":{"line":51,"column":8},"end":{"line":51,"column":1723}},"17":{"start":{"line":53,"column":8},"end":{"line":53,"column":63}},"18":{"start":{"line":54,"column":8},"end":{"line":54,"column":71}},"19":{"start":{"line":55,"column":8},"end":{"line":55,"column":59}},"20":{"start":{"line":56,"column":8},"end":{"line":56,"column":69}}},"branchMap":{"1":{"line":18,"type":"if","locations":[{"start":{"line":18,"column":8},"end":{"line":18,"column":8}},{"start":{"line":18,"column":8},"end":{"line":18,"column":8}}]},"2":{"line":43,"type":"if","locations":[{"start":{"line":43,"column":8},"end":{"line":43,"column":8}},{"start":{"line":43,"column":8},"end":{"line":43,"column":8}}]}}},"contracts/8/adapter/CurveAdapter.sol":{"l":{"16":0,"23":0,"25":0,"28":0,"29":0,"31":0,"34":0,"35":0,"48":0,"56":0,"62":0,"63":0},"path":"/Users/oker/Desktop/Projects/OKX/sor_smartcontract_dev/contracts/8/adapter/CurveAdapter.sol","s":{"1":0,"2":0,"3":0,"4":0,"5":0,"6":0,"7":0,"8":0,"9":0,"10":0},"b":{"1":[0,0],"2":[0,0],"3":[0,0]},"f":{"1":0,"2":0,"3":0},"fnMap":{"1":{"name":"_curveSwap","line":11,"loc":{"start":{"line":11,"column":4},"end":{"line":41,"column":4}}},"2":{"name":"sellBase","line":43,"loc":{"start":{"line":43,"column":4},"end":{"line":49,"column":4}}},"3":{"name":"sellQuote","line":51,"loc":{"start":{"line":51,"column":4},"end":{"line":57,"column":4}}}},"statementMap":{"1":{"start":{"line":16,"column":8},"end":{"line":16,"column":477}},"2":{"start":{"line":23,"column":8},"end":{"line":23,"column":71}},"3":{"start":{"line":25,"column":8},"end":{"line":25,"column":65}},"4":{"start":{"line":28,"column":8},"end":{"line":28,"column":809}},"5":{"start":{"line":29,"column":12},"end":{"line":29,"column":64}},"6":{"start":{"line":31,"column":12},"end":{"line":31,"column":53}},"7":{"start":{"line":34,"column":8},"end":{"line":34,"column":989}},"8":{"start":{"line":35,"column":12},"end":{"line":35,"column":1032}},"9":{"start":{"line":48,"column":8},"end":{"line":48,"column":37}},"10":{"start":{"line":56,"column":8},"end":{"line":56,"column":37}}},"branchMap":{"1":{"line":28,"type":"if","locations":[{"start":{"line":28,"column":8},"end":{"line":28,"column":8}},{"start":{"line":28,"column":8},"end":{"line":28,"column":8}}]},"2":{"line":34,"type":"if","locations":[{"start":{"line":34,"column":8},"end":{"line":34,"column":8}},{"start":{"line":34,"column":8},"end":{"line":34,"column":8}}]},"3":{"line":62,"type":"if","locations":[{"start":{"line":62,"column":8},"end":{"line":62,"column":8}},{"start":{"line":62,"column":8},"end":{"line":62,"column":8}}]}}},"contracts/8/adapter/CurveV2Adapter.sol":{"l":{"16":0,"24":0,"29":0,"30":0,"31":0,"32":0,"33":0,"34":0,"41":0,"42":0,"43":0,"52":0,"57":0,"58":0,"59":0,"60":0,"62":0,"75":0,"83":0,"89":0,"90":0},"path":"/Users/oker/Desktop/Projects/OKX/sor_smartcontract_dev/contracts/8/adapter/CurveV2Adapter.sol","s":{"1":0,"2":0,"3":0,"4":0,"5":0,"6":0,"7":0,"8":0,"9":0,"10":0,"11":0,"12":0,"13":0,"14":0,"15":0,"16":0,"17":0,"18":0,"19":0},"b":{"1":[0,0],"2":[0,0],"3":[0,0],"4":[0,0]},"f":{"1":0,"2":0,"3":0,"4":0},"fnMap":{"1":{"name":"constructor","line":15,"loc":{"start":{"line":15,"column":4},"end":{"line":17,"column":4}}},"2":{"name":"_curveSwap","line":19,"loc":{"start":{"line":19,"column":4},"end":{"line":68,"column":4}}},"3":{"name":"sellBase","line":70,"loc":{"start":{"line":70,"column":4},"end":{"line":76,"column":4}}},"4":{"name":"sellQuote","line":78,"loc":{"start":{"line":78,"column":4},"end":{"line":84,"column":4}}}},"statementMap":{"1":{"start":{"line":16,"column":8},"end":{"line":16,"column":27}},"2":{"start":{"line":24,"column":8},"end":{"line":24,"column":643}},"3":{"start":{"line":29,"column":8},"end":{"line":29,"column":30}},"4":{"start":{"line":30,"column":8},"end":{"line":30,"column":32}},"5":{"start":{"line":31,"column":8},"end":{"line":31,"column":868}},"6":{"start":{"line":32,"column":12},"end":{"line":32,"column":68}},"7":{"start":{"line":33,"column":12},"end":{"line":33,"column":51}},"8":{"start":{"line":34,"column":12},"end":{"line":34,"column":1041}},"9":{"start":{"line":41,"column":12},"end":{"line":41,"column":66}},"10":{"start":{"line":42,"column":12},"end":{"line":42,"column":69}},"11":{"start":{"line":43,"column":12},"end":{"line":43,"column":1369}},"12":{"start":{"line":52,"column":8},"end":{"line":52,"column":1563}},"13":{"start":{"line":57,"column":8},"end":{"line":57,"column":1710}},"14":{"start":{"line":58,"column":12},"end":{"line":58,"column":1753}},"15":{"start":{"line":59,"column":16},"end":{"line":59,"column":65}},"16":{"start":{"line":60,"column":16},"end":{"line":60,"column":37}},"17":{"start":{"line":62,"column":12},"end":{"line":62,"column":1917}},"18":{"start":{"line":75,"column":8},"end":{"line":75,"column":37}},"19":{"start":{"line":83,"column":8},"end":{"line":83,"column":37}}},"branchMap":{"1":{"line":31,"type":"if","locations":[{"start":{"line":31,"column":8},"end":{"line":31,"column":8}},{"start":{"line":31,"column":8},"end":{"line":31,"column":8}}]},"2":{"line":57,"type":"if","locations":[{"start":{"line":57,"column":8},"end":{"line":57,"column":8}},{"start":{"line":57,"column":8},"end":{"line":57,"column":8}}]},"3":{"line":58,"type":"if","locations":[{"start":{"line":58,"column":12},"end":{"line":58,"column":12}},{"start":{"line":58,"column":12},"end":{"line":58,"column":12}}]},"4":{"line":89,"type":"if","locations":[{"start":{"line":89,"column":8},"end":{"line":89,"column":8}},{"start":{"line":89,"column":8},"end":{"line":89,"column":8}}]}}},"contracts/8/adapter/DODOV2Adapter.sol":{"l":{"13":0,"21":0},"path":"/Users/oker/Desktop/Projects/OKX/sor_smartcontract_dev/contracts/8/adapter/DODOV2Adapter.sol","s":{"1":0,"2":0},"b":{},"f":{"1":0,"2":0},"fnMap":{"1":{"name":"sellBase","line":8,"loc":{"start":{"line":8,"column":4},"end":{"line":14,"column":4}}},"2":{"name":"sellQuote","line":16,"loc":{"start":{"line":16,"column":4},"end":{"line":22,"column":4}}}},"statementMap":{"1":{"start":{"line":13,"column":8},"end":{"line":13,"column":33}},"2":{"start":{"line":21,"column":8},"end":{"line":21,"column":34}}},"branchMap":{}},"contracts/8/adapter/KyberAdapter.sol":{"l":{"20":0,"21":0,"28":0,"35":0,"37":0,"39":0,"42":0,"51":0,"52":0,"59":0,"64":0,"66":0,"68":0,"71":0},"path":"/Users/oker/Desktop/Projects/OKX/sor_smartcontract_dev/contracts/8/adapter/KyberAdapter.sol","s":{"1":0,"2":0,"3":0,"4":0,"5":0,"6":0,"7":0,"8":0,"9":0,"10":0,"11":0,"12":0,"13":0,"14":0},"b":{"1":[0,0],"2":[0,0]},"f":{"1":0,"2":0},"fnMap":{"1":{"name":"sellBase","line":15,"loc":{"start":{"line":15,"column":4},"end":{"line":43,"column":4}}},"2":{"name":"sellQuote","line":46,"loc":{"start":{"line":46,"column":4},"end":{"line":72,"column":4}}}},"statementMap":{"1":{"start":{"line":20,"column":8},"end":{"line":20,"column":48}},"2":{"start":{"line":21,"column":8},"end":{"line":21,"column":628}},"3":{"start":{"line":28,"column":8},"end":{"line":28,"column":811}},"4":{"start":{"line":35,"column":8},"end":{"line":35,"column":52}},"5":{"start":{"line":37,"column":8},"end":{"line":37,"column":1113}},"6":{"start":{"line":39,"column":8},"end":{"line":39,"column":1229}},"7":{"start":{"line":42,"column":8},"end":{"line":42,"column":65}},"8":{"start":{"line":51,"column":8},"end":{"line":51,"column":49}},"9":{"start":{"line":52,"column":8},"end":{"line":52,"column":1614}},"10":{"start":{"line":59,"column":8},"end":{"line":59,"column":1797}},"11":{"start":{"line":64,"column":8},"end":{"line":64,"column":53}},"12":{"start":{"line":66,"column":8},"end":{"line":66,"column":2023}},"13":{"start":{"line":68,"column":8},"end":{"line":68,"column":2141}},"14":{"start":{"line":71,"column":8},"end":{"line":71,"column":64}}},"branchMap":{"1":{"line":28,"type":"if","locations":[{"start":{"line":28,"column":8},"end":{"line":28,"column":8}},{"start":{"line":28,"column":8},"end":{"line":28,"column":8}}]},"2":{"line":59,"type":"if","locations":[{"start":{"line":59,"column":8},"end":{"line":59,"column":8}},{"start":{"line":59,"column":8},"end":{"line":59,"column":8}}]}}},"contracts/8/adapter/PancakeAdapter.sol":{"l":{"15":0,"16":0,"17":0,"22":0,"23":0,"25":0,"26":0,"27":0,"28":0,"29":0,"38":0,"39":0,"40":0,"45":0,"46":0,"48":0,"49":0,"50":0,"51":0,"52":0},"path":"/Users/oker/Desktop/Projects/OKX/sor_smartcontract_dev/contracts/8/adapter/PancakeAdapter.sol","s":{"1":0,"2":0,"3":0,"4":0,"5":0,"6":0,"7":0,"8":0,"9":0,"10":0,"11":0,"12":0,"13":0,"14":0,"15":0,"16":0,"17":0,"18":0,"19":0,"20":0},"b":{"1":[0,0],"2":[0,0]},"f":{"1":0,"2":0},"fnMap":{"1":{"name":"sellBase","line":10,"loc":{"start":{"line":10,"column":4},"end":{"line":30,"column":4}}},"2":{"name":"sellQuote","line":33,"loc":{"start":{"line":33,"column":4},"end":{"line":53,"column":4}}}},"statementMap":{"1":{"start":{"line":15,"column":8},"end":{"line":15,"column":47}},"2":{"start":{"line":16,"column":8},"end":{"line":16,"column":76}},"3":{"start":{"line":17,"column":8},"end":{"line":17,"column":484}},"4":{"start":{"line":22,"column":8},"end":{"line":22,"column":60}},"5":{"start":{"line":23,"column":8},"end":{"line":23,"column":53}},"6":{"start":{"line":25,"column":8},"end":{"line":25,"column":61}},"7":{"start":{"line":26,"column":8},"end":{"line":26,"column":62}},"8":{"start":{"line":27,"column":8},"end":{"line":27,"column":71}},"9":{"start":{"line":28,"column":8},"end":{"line":28,"column":60}},"10":{"start":{"line":29,"column":8},"end":{"line":29,"column":63}},"11":{"start":{"line":38,"column":8},"end":{"line":38,"column":48}},"12":{"start":{"line":39,"column":8},"end":{"line":39,"column":76}},"13":{"start":{"line":40,"column":8},"end":{"line":40,"column":1332}},"14":{"start":{"line":45,"column":8},"end":{"line":45,"column":61}},"15":{"start":{"line":46,"column":8},"end":{"line":46,"column":54}},"16":{"start":{"line":48,"column":8},"end":{"line":48,"column":63}},"17":{"start":{"line":49,"column":8},"end":{"line":49,"column":63}},"18":{"start":{"line":50,"column":8},"end":{"line":50,"column":72}},"19":{"start":{"line":51,"column":8},"end":{"line":51,"column":59}},"20":{"start":{"line":52,"column":8},"end":{"line":52,"column":62}}},"branchMap":{"1":{"line":17,"type":"if","locations":[{"start":{"line":17,"column":8},"end":{"line":17,"column":8}},{"start":{"line":17,"column":8},"end":{"line":17,"column":8}}]},"2":{"line":40,"type":"if","locations":[{"start":{"line":40,"column":8},"end":{"line":40,"column":8}},{"start":{"line":40,"column":8},"end":{"line":40,"column":8}}]}}},"contracts/8/adapter/PMMAdapter.sol":{"l":{"16":42,"17":42,"25":17,"30":17,"33":17,"34":17,"35":17,"41":17,"43":17,"50":17,"51":17,"52":4,"58":17,"59":17,"60":13,"67":17,"75":17,"79":17,"87":0,"91":0},"path":"/Users/oker/Desktop/Projects/OKX/sor_smartcontract_dev/contracts/8/adapter/PMMAdapter.sol","s":{"1":42,"2":42,"3":17,"4":17,"5":17,"6":17,"7":17,"8":17,"9":17,"10":17,"11":17,"12":4,"13":17,"14":17,"15":13,"16":17,"17":17,"18":17,"19":0,"20":0},"b":{"1":[4,13],"2":[13,4],"3":[17,0],"4":[0,0]},"f":{"1":42,"2":17,"3":17,"4":0},"fnMap":{"1":{"name":"constructor","line":15,"loc":{"start":{"line":15,"column":4},"end":{"line":18,"column":4}}},"2":{"name":"_pmmSwap","line":20,"loc":{"start":{"line":20,"column":4},"end":{"line":68,"column":4}}},"3":{"name":"sellBase","line":70,"loc":{"start":{"line":70,"column":4},"end":{"line":80,"column":4}}},"4":{"name":"sellQuote","line":82,"loc":{"start":{"line":82,"column":4},"end":{"line":92,"column":4}}}},"statementMap":{"1":{"start":{"line":16,"column":8},"end":{"line":16,"column":33}},"2":{"start":{"line":17,"column":8},"end":{"line":17,"column":29}},"3":{"start":{"line":25,"column":8},"end":{"line":25,"column":716}},"4":{"start":{"line":30,"column":8},"end":{"line":30,"column":79}},"5":{"start":{"line":33,"column":8},"end":{"line":33,"column":71}},"6":{"start":{"line":34,"column":8},"end":{"line":34,"column":73}},"7":{"start":{"line":35,"column":8},"end":{"line":35,"column":1105}},"8":{"start":{"line":41,"column":8},"end":{"line":41,"column":76}},"9":{"start":{"line":43,"column":8},"end":{"line":43,"column":1315}},"10":{"start":{"line":50,"column":8},"end":{"line":50,"column":76}},"11":{"start":{"line":51,"column":8},"end":{"line":51,"column":1533}},"12":{"start":{"line":52,"column":12},"end":{"line":52,"column":1568}},"13":{"start":{"line":58,"column":8},"end":{"line":58,"column":72}},"14":{"start":{"line":59,"column":8},"end":{"line":59,"column":1825}},"15":{"start":{"line":60,"column":12},"end":{"line":60,"column":1858}},"16":{"start":{"line":67,"column":8},"end":{"line":67,"column":21}},"17":{"start":{"line":75,"column":8},"end":{"line":75,"column":2207}},"18":{"start":{"line":79,"column":8},"end":{"line":79,"column":43}},"19":{"start":{"line":87,"column":8},"end":{"line":87,"column":2516}},"20":{"start":{"line":91,"column":8},"end":{"line":91,"column":43}}},"branchMap":{"1":{"line":51,"type":"if","locations":[{"start":{"line":51,"column":8},"end":{"line":51,"column":8}},{"start":{"line":51,"column":8},"end":{"line":51,"column":8}}]},"2":{"line":59,"type":"if","locations":[{"start":{"line":59,"column":8},"end":{"line":59,"column":8}},{"start":{"line":59,"column":8},"end":{"line":59,"column":8}}]},"3":{"line":75,"type":"if","locations":[{"start":{"line":75,"column":8},"end":{"line":75,"column":8}},{"start":{"line":75,"column":8},"end":{"line":75,"column":8}}]},"4":{"line":87,"type":"if","locations":[{"start":{"line":87,"column":8},"end":{"line":87,"column":8}},{"start":{"line":87,"column":8},"end":{"line":87,"column":8}}]}}},"contracts/8/adapter/UniAdapter.sol":{"l":{"18":12,"19":12,"20":12,"25":12,"26":12,"28":12,"29":12,"30":12,"31":12,"32":12,"41":14,"42":14,"43":14,"48":14,"49":14,"51":14,"52":14,"53":14,"54":14,"55":14},"path":"/Users/oker/Desktop/Projects/OKX/sor_smartcontract_dev/contracts/8/adapter/UniAdapter.sol","s":{"1":12,"2":12,"3":12,"4":12,"5":12,"6":12,"7":12,"8":12,"9":12,"10":12,"11":14,"12":14,"13":14,"14":14,"15":14,"16":14,"17":14,"18":14,"19":14,"20":14},"b":{"1":[12,0],"2":[14,0]},"f":{"1":12,"2":14},"fnMap":{"1":{"name":"sellBase","line":13,"loc":{"start":{"line":13,"column":4},"end":{"line":33,"column":4}}},"2":{"name":"sellQuote","line":36,"loc":{"start":{"line":36,"column":4},"end":{"line":56,"column":4}}}},"statementMap":{"1":{"start":{"line":18,"column":8},"end":{"line":18,"column":47}},"2":{"start":{"line":19,"column":8},"end":{"line":19,"column":76}},"3":{"start":{"line":20,"column":8},"end":{"line":20,"column":602}},"4":{"start":{"line":25,"column":8},"end":{"line":25,"column":60}},"5":{"start":{"line":26,"column":8},"end":{"line":26,"column":53}},"6":{"start":{"line":28,"column":8},"end":{"line":28,"column":60}},"7":{"start":{"line":29,"column":8},"end":{"line":29,"column":62}},"8":{"start":{"line":30,"column":8},"end":{"line":30,"column":70}},"9":{"start":{"line":31,"column":8},"end":{"line":31,"column":60}},"10":{"start":{"line":32,"column":8},"end":{"line":32,"column":63}},"11":{"start":{"line":41,"column":8},"end":{"line":41,"column":48}},"12":{"start":{"line":42,"column":8},"end":{"line":42,"column":76}},"13":{"start":{"line":43,"column":8},"end":{"line":43,"column":1444}},"14":{"start":{"line":48,"column":8},"end":{"line":48,"column":61}},"15":{"start":{"line":49,"column":8},"end":{"line":49,"column":54}},"16":{"start":{"line":51,"column":8},"end":{"line":51,"column":62}},"17":{"start":{"line":52,"column":8},"end":{"line":52,"column":63}},"18":{"start":{"line":53,"column":8},"end":{"line":53,"column":71}},"19":{"start":{"line":54,"column":8},"end":{"line":54,"column":59}},"20":{"start":{"line":55,"column":8},"end":{"line":55,"column":62}}},"branchMap":{"1":{"line":20,"type":"if","locations":[{"start":{"line":20,"column":8},"end":{"line":20,"column":8}},{"start":{"line":20,"column":8},"end":{"line":20,"column":8}}]},"2":{"line":43,"type":"if","locations":[{"start":{"line":43,"column":8},"end":{"line":43,"column":8}},{"start":{"line":43,"column":8},"end":{"line":43,"column":8}}]}}},"contracts/8/adapter/UniV3Adapter.sol":{"l":{"22":0,"31":0,"36":0,"37":0,"39":0,"59":0,"63":0,"71":0,"75":0,"84":0,"85":0,"90":0,"93":0,"94":0,"96":0,"97":0,"111":0,"113":0,"114":0,"117":0,"120":0},"path":"/Users/oker/Desktop/Projects/OKX/sor_smartcontract_dev/contracts/8/adapter/UniV3Adapter.sol","s":{"1":0,"2":0,"3":0,"4":0,"5":0,"6":0,"7":0,"8":0,"9":0,"10":0,"11":0,"12":0,"13":0,"14":0,"15":0,"16":0,"17":0,"18":0,"19":0,"20":0,"21":0,"22":0},"b":{"1":[0,0],"2":[0,0],"3":[0,0],"4":[0,0]},"f":{"1":0,"2":0,"3":0,"4":0,"5":0,"6":0},"fnMap":{"1":{"name":"constructor","line":21,"loc":{"start":{"line":21,"column":4},"end":{"line":23,"column":4}}},"2":{"name":"_uniV3Swap","line":25,"loc":{"start":{"line":25,"column":4},"end":{"line":52,"column":4}}},"3":{"name":"sellBase","line":54,"loc":{"start":{"line":54,"column":4},"end":{"line":64,"column":4}}},"4":{"name":"sellQuote","line":66,"loc":{"start":{"line":66,"column":4},"end":{"line":76,"column":4}}},"5":{"name":"uniswapV3SwapCallback","line":79,"loc":{"start":{"line":79,"column":4},"end":{"line":99,"column":4}}},"6":{"name":"pay","line":105,"loc":{"start":{"line":105,"column":4},"end":{"line":122,"column":4}}}},"statementMap":{"1":{"start":{"line":22,"column":8},"end":{"line":22,"column":18}},"2":{"start":{"line":31,"column":8},"end":{"line":31,"column":905}},"3":{"start":{"line":36,"column":8},"end":{"line":36,"column":71}},"4":{"start":{"line":37,"column":8},"end":{"line":37,"column":45}},"5":{"start":{"line":39,"column":8},"end":{"line":39,"column":1155}},"6":{"start":{"line":59,"column":8},"end":{"line":59,"column":1640}},"7":{"start":{"line":63,"column":8},"end":{"line":63,"column":42}},"8":{"start":{"line":71,"column":8},"end":{"line":71,"column":1935}},"9":{"start":{"line":75,"column":8},"end":{"line":75,"column":42}},"10":{"start":{"line":84,"column":8},"end":{"line":84,"column":52}},"11":{"start":{"line":85,"column":8},"end":{"line":85,"column":2401}},"12":{"start":{"line":90,"column":8},"end":{"line":90,"column":2579}},"13":{"start":{"line":93,"column":8},"end":{"line":93,"column":2715}},"14":{"start":{"line":94,"column":12},"end":{"line":94,"column":63}},"15":{"start":{"line":96,"column":12},"end":{"line":96,"column":29}},"16":{"start":{"line":97,"column":12},"end":{"line":97,"column":63}},"17":{"start":{"line":111,"column":8},"end":{"line":111,"column":3311}},"18":{"start":{"line":113,"column":12},"end":{"line":113,"column":46}},"19":{"start":{"line":114,"column":12},"end":{"line":114,"column":49}},"20":{"start":{"line":115,"column":15},"end":{"line":115,"column":3547}},"21":{"start":{"line":117,"column":12},"end":{"line":117,"column":66}},"22":{"start":{"line":120,"column":12},"end":{"line":120,"column":77}}},"branchMap":{"1":{"line":84,"type":"if","locations":[{"start":{"line":84,"column":8},"end":{"line":84,"column":8}},{"start":{"line":84,"column":8},"end":{"line":84,"column":8}}]},"2":{"line":93,"type":"if","locations":[{"start":{"line":93,"column":8},"end":{"line":93,"column":8}},{"start":{"line":93,"column":8},"end":{"line":93,"column":8}}]},"3":{"line":111,"type":"if","locations":[{"start":{"line":111,"column":8},"end":{"line":111,"column":8}},{"start":{"line":111,"column":8},"end":{"line":111,"column":8}}]},"4":{"line":115,"type":"if","locations":[{"start":{"line":115,"column":15},"end":{"line":115,"column":15}},{"start":{"line":115,"column":15},"end":{"line":115,"column":15}}]}}},"contracts/8/DexRouter.sol":{"l":{"50":2,"51":2,"76":2,"77":2,"85":0,"88":0,"89":0,"90":0,"91":0,"92":0,"93":0,"98":0,"99":0,"100":0,"101":0,"103":0,"104":0,"105":0,"107":0,"109":0,"118":0,"119":0,"122":0,"123":0,"124":0,"125":0,"126":0,"131":0,"132":0,"133":0,"134":0,"138":0,"139":0,"140":0,"141":0,"142":0,"147":0,"157":4,"158":0,"159":0,"160":0,"161":0,"165":4,"170":2,"171":0,"172":0,"173":0,"174":0,"176":0,"177":0,"178":0,"181":2,"182":2,"183":2,"193":2,"194":2,"195":2,"196":2,"198":0,"200":2,"205":2,"206":0,"207":0,"217":0,"220":2,"221":0,"222":0,"232":0,"235":2,"236":2,"238":2,"239":2,"240":2,"241":2,"242":2,"243":2,"244":2,"254":2,"258":2,"264":2,"270":0,"276":2,"282":0,"292":2,"294":2,"298":0,"300":0,"314":2,"315":2,"316":2,"317":2,"318":2,"320":2,"322":2,"323":2,"324":2,"326":2,"333":2,"334":2,"335":2,"336":2,"337":2,"338":2,"339":2,"340":2,"345":0,"347":0,"351":0,"352":0,"355":0,"356":0,"358":0,"368":0,"369":0},"path":"/Users/oker/Desktop/Projects/OKX/sor_smartcontract_dev/contracts/8/DexRouter.sol","s":{"1":2,"2":2,"3":2,"4":0,"5":0,"6":0,"7":0,"8":0,"9":0,"10":0,"11":0,"12":0,"13":0,"14":0,"15":0,"16":0,"17":0,"18":0,"19":0,"20":0,"21":0,"22":0,"23":0,"24":0,"25":0,"26":0,"27":0,"28":0,"29":0,"30":0,"31":0,"32":0,"33":0,"34":0,"35":4,"36":0,"37":0,"38":0,"39":0,"40":4,"41":2,"42":0,"43":0,"44":0,"45":0,"46":0,"47":0,"48":0,"49":2,"50":2,"51":2,"52":2,"53":2,"54":2,"55":2,"56":0,"57":2,"58":0,"59":0,"60":0,"61":2,"62":0,"63":0,"64":0,"65":2,"66":2,"67":2,"68":2,"69":2,"70":2,"71":2,"72":2,"73":2,"74":2,"75":2,"76":2,"77":0,"78":0,"79":2,"80":2,"81":2,"82":2,"83":2,"84":2,"85":2,"86":2,"87":2,"88":2,"89":2,"90":2,"91":2,"92":2,"93":2,"94":2,"95":2,"96":0,"97":0,"98":0,"99":0,"100":0,"101":0,"102":0,"103":0,"104":0},"b":{"1":[2,0],"2":[0,0],"3":[0,0],"4":[0,0],"5":[0,0],"6":[0,0],"7":[0,0],"8":[0,0],"9":[0,4],"10":[0,0],"11":[0,0],"12":[0,2],"13":[0,0],"14":[0,0],"15":[2,0],"16":[0,2],"17":[0,2],"18":[0,2],"19":[2,0],"20":[2,0],"21":[2,0],"22":[2,0],"23":[2,0],"24":[0,0]},"f":{"1":2,"2":2,"3":0,"4":0,"5":4,"6":2,"7":2,"8":2,"9":2,"10":0,"11":2,"12":0,"13":2,"14":0,"15":2,"16":0},"fnMap":{"1":{"name":"initialize","line":49,"loc":{"start":{"line":49,"column":2},"end":{"line":52,"column":2}}},"2":{"name":"isExpired","line":75,"loc":{"start":{"line":75,"column":2},"end":{"line":78,"column":2}}},"3":{"name":"_exeForks","line":84,"loc":{"start":{"line":84,"column":2},"end":{"line":111,"column":2}}},"4":{"name":"_exeHop","line":113,"loc":{"start":{"line":113,"column":2},"end":{"line":149,"column":2}}},"5":{"name":"_deposit","line":151,"loc":{"start":{"line":151,"column":2},"end":{"line":167,"column":2}}},"6":{"name":"_transferTokenToUser","line":169,"loc":{"start":{"line":169,"column":2},"end":{"line":186,"column":2}}},"7":{"name":"_tryPmmSwap","line":188,"loc":{"start":{"line":188,"column":2},"end":{"line":255,"column":2}}},"8":{"name":"bytes32ToAddress","line":257,"loc":{"start":{"line":257,"column":2},"end":{"line":261,"column":2}}},"9":{"name":"isReplace","line":263,"loc":{"start":{"line":263,"column":2},"end":{"line":267,"column":2}}},"10":{"name":"isHopReplace","line":269,"loc":{"start":{"line":269,"column":2},"end":{"line":273,"column":2}}},"11":{"name":"getPmmIIndex","line":275,"loc":{"start":{"line":275,"column":2},"end":{"line":279,"column":2}}},"12":{"name":"getPmmJIndex","line":281,"loc":{"start":{"line":281,"column":2},"end":{"line":285,"column":2}}},"13":{"name":"setApproveProxy","line":291,"loc":{"start":{"line":291,"column":2},"end":{"line":295,"column":2}}},"14":{"name":"setWNativeRelayer","line":297,"loc":{"start":{"line":297,"column":2},"end":{"line":301,"column":2}}},"15":{"name":"smartSwap","line":312,"loc":{"start":{"line":307,"column":2},"end":{"line":359,"column":2}}},"16":{"name":"smartSwapWithPermit","line":367,"loc":{"start":{"line":361,"column":2},"end":{"line":370,"column":2}}}},"statementMap":{"1":{"start":{"line":50,"column":4},"end":{"line":50,"column":19}},"2":{"start":{"line":51,"column":4},"end":{"line":51,"column":27}},"3":{"start":{"line":76,"column":4},"end":{"line":76,"column":57}},"4":{"start":{"line":85,"column":4},"end":{"line":85,"column":56}},"5":{"start":{"line":88,"column":4},"end":{"line":88,"column":2767}},"6":{"start":{"line":89,"column":6},"end":{"line":89,"column":48}},"7":{"start":{"line":90,"column":6},"end":{"line":90,"column":25}},"8":{"start":{"line":91,"column":6},"end":{"line":91,"column":19}},"9":{"start":{"line":92,"column":6},"end":{"line":92,"column":20}},"10":{"start":{"line":98,"column":6},"end":{"line":98,"column":67}},"11":{"start":{"line":99,"column":6},"end":{"line":99,"column":63}},"12":{"start":{"line":100,"column":6},"end":{"line":100,"column":71}},"13":{"start":{"line":101,"column":6},"end":{"line":101,"column":77}},"14":{"start":{"line":103,"column":6},"end":{"line":103,"column":74}},"15":{"start":{"line":104,"column":6},"end":{"line":104,"column":3534}},"16":{"start":{"line":105,"column":8},"end":{"line":105,"column":93}},"17":{"start":{"line":107,"column":8},"end":{"line":107,"column":92}},"18":{"start":{"line":109,"column":6},"end":{"line":109,"column":62}},"19":{"start":{"line":118,"column":4},"end":{"line":118,"column":21}},"20":{"start":{"line":119,"column":4},"end":{"line":119,"column":18}},"21":{"start":{"line":122,"column":4},"end":{"line":122,"column":4069}},"22":{"start":{"line":123,"column":6},"end":{"line":123,"column":52}},"23":{"start":{"line":124,"column":6},"end":{"line":124,"column":47}},"24":{"start":{"line":125,"column":6},"end":{"line":125,"column":4218}},"25":{"start":{"line":126,"column":8},"end":{"line":126,"column":14}},"26":{"start":{"line":131,"column":4},"end":{"line":131,"column":4338}},"27":{"start":{"line":132,"column":6},"end":{"line":132,"column":4390}},"28":{"start":{"line":133,"column":8},"end":{"line":133,"column":54}},"29":{"start":{"line":134,"column":8},"end":{"line":134,"column":72}},"30":{"start":{"line":138,"column":6},"end":{"line":138,"column":4594}},"31":{"start":{"line":139,"column":8},"end":{"line":139,"column":54}},"32":{"start":{"line":140,"column":8},"end":{"line":140,"column":49}},"33":{"start":{"line":141,"column":8},"end":{"line":141,"column":4752}},"34":{"start":{"line":147,"column":6},"end":{"line":147,"column":36}},"35":{"start":{"line":157,"column":4},"end":{"line":157,"column":5045}},"36":{"start":{"line":158,"column":6},"end":{"line":158,"column":5096}},"37":{"start":{"line":159,"column":8},"end":{"line":159,"column":64}},"38":{"start":{"line":160,"column":8},"end":{"line":160,"column":5191}},"39":{"start":{"line":161,"column":10},"end":{"line":161,"column":76}},"40":{"start":{"line":165,"column":6},"end":{"line":165,"column":69}},"41":{"start":{"line":170,"column":4},"end":{"line":170,"column":5469}},"42":{"start":{"line":171,"column":6},"end":{"line":171,"column":80}},"43":{"start":{"line":172,"column":6},"end":{"line":172,"column":5590}},"44":{"start":{"line":173,"column":8},"end":{"line":173,"column":71}},"45":{"start":{"line":174,"column":8},"end":{"line":174,"column":56}},"46":{"start":{"line":176,"column":6},"end":{"line":176,"column":44}},"47":{"start":{"line":177,"column":6},"end":{"line":177,"column":5802}},"48":{"start":{"line":178,"column":8},"end":{"line":178,"column":43}},"49":{"start":{"line":181,"column":6},"end":{"line":181,"column":58}},"50":{"start":{"line":182,"column":6},"end":{"line":182,"column":5953}},"51":{"start":{"line":183,"column":8},"end":{"line":183,"column":61}},"52":{"start":{"line":193,"column":4},"end":{"line":193,"column":22}},"53":{"start":{"line":194,"column":4},"end":{"line":194,"column":20}},"54":{"start":{"line":195,"column":4},"end":{"line":195,"column":49}},"55":{"start":{"line":196,"column":4},"end":{"line":196,"column":6317}},"56":{"start":{"line":198,"column":6},"end":{"line":198,"column":40}},"57":{"start":{"line":205,"column":4},"end":{"line":205,"column":6591}},"58":{"start":{"line":206,"column":6},"end":{"line":206,"column":65}},"59":{"start":{"line":207,"column":6},"end":{"line":207,"column":6709}},"60":{"start":{"line":217,"column":6},"end":{"line":217,"column":22}},"61":{"start":{"line":220,"column":4},"end":{"line":220,"column":6944}},"62":{"start":{"line":221,"column":6},"end":{"line":221,"column":65}},"63":{"start":{"line":222,"column":6},"end":{"line":222,"column":7074}},"64":{"start":{"line":232,"column":6},"end":{"line":232,"column":22}},"65":{"start":{"line":235,"column":4},"end":{"line":235,"column":69}},"66":{"start":{"line":236,"column":4},"end":{"line":236,"column":72}},"67":{"start":{"line":238,"column":4},"end":{"line":238,"column":64}},"68":{"start":{"line":239,"column":4},"end":{"line":239,"column":50}},"69":{"start":{"line":240,"column":4},"end":{"line":240,"column":79}},"70":{"start":{"line":241,"column":4},"end":{"line":241,"column":91}},"71":{"start":{"line":242,"column":4},"end":{"line":242,"column":86}},"72":{"start":{"line":243,"column":4},"end":{"line":243,"column":60}},"73":{"start":{"line":244,"column":4},"end":{"line":244,"column":7964}},"74":{"start":{"line":254,"column":4},"end":{"line":254,"column":20}},"75":{"start":{"line":292,"column":4},"end":{"line":292,"column":33}},"76":{"start":{"line":294,"column":4},"end":{"line":294,"column":45}},"77":{"start":{"line":298,"column":4},"end":{"line":298,"column":27}},"78":{"start":{"line":300,"column":4},"end":{"line":300,"column":39}},"79":{"start":{"line":314,"column":4},"end":{"line":314,"column":53}},"80":{"start":{"line":315,"column":4},"end":{"line":315,"column":86}},"81":{"start":{"line":316,"column":4},"end":{"line":316,"column":79}},"82":{"start":{"line":317,"column":4},"end":{"line":317,"column":81}},"83":{"start":{"line":318,"column":4},"end":{"line":318,"column":94}},"84":{"start":{"line":322,"column":6},"end":{"line":322,"column":30}},"85":{"start":{"line":323,"column":6},"end":{"line":323,"column":10311}},"86":{"start":{"line":324,"column":8},"end":{"line":324,"column":43}},"87":{"start":{"line":326,"column":6},"end":{"line":326,"column":10424}},"88":{"start":{"line":333,"column":4},"end":{"line":333,"column":10625}},"89":{"start":{"line":334,"column":6},"end":{"line":334,"column":63}},"90":{"start":{"line":335,"column":6},"end":{"line":335,"column":10743}},"91":{"start":{"line":336,"column":8},"end":{"line":336,"column":53}},"92":{"start":{"line":337,"column":8},"end":{"line":337,"column":100}},"93":{"start":{"line":338,"column":8},"end":{"line":338,"column":102}},"94":{"start":{"line":339,"column":8},"end":{"line":339,"column":132}},"95":{"start":{"line":340,"column":8},"end":{"line":340,"column":27}},"96":{"start":{"line":345,"column":4},"end":{"line":345,"column":11312}},"97":{"start":{"line":347,"column":6},"end":{"line":347,"column":53}},"98":{"start":{"line":351,"column":4},"end":{"line":351,"column":45}},"99":{"start":{"line":352,"column":4},"end":{"line":352,"column":49}},"100":{"start":{"line":355,"column":4},"end":{"line":355,"column":96}},"101":{"start":{"line":356,"column":4},"end":{"line":356,"column":98}},"102":{"start":{"line":358,"column":4},"end":{"line":358,"column":128}},"103":{"start":{"line":368,"column":4},"end":{"line":368,"column":59}},"104":{"start":{"line":369,"column":4},"end":{"line":369,"column":68}}},"branchMap":{"1":{"line":76,"type":"if","locations":[{"start":{"line":76,"column":4},"end":{"line":76,"column":4}},{"start":{"line":76,"column":4},"end":{"line":76,"column":4}}]},"2":{"line":98,"type":"if","locations":[{"start":{"line":98,"column":6},"end":{"line":98,"column":6}},{"start":{"line":98,"column":6},"end":{"line":98,"column":6}}]},"3":{"line":104,"type":"if","locations":[{"start":{"line":104,"column":6},"end":{"line":104,"column":6}},{"start":{"line":104,"column":6},"end":{"line":104,"column":6}}]},"4":{"line":122,"type":"if","locations":[{"start":{"line":122,"column":4},"end":{"line":122,"column":4}},{"start":{"line":122,"column":4},"end":{"line":122,"column":4}}]},"5":{"line":125,"type":"if","locations":[{"start":{"line":125,"column":6},"end":{"line":125,"column":6}},{"start":{"line":125,"column":6},"end":{"line":125,"column":6}}]},"6":{"line":132,"type":"if","locations":[{"start":{"line":132,"column":6},"end":{"line":132,"column":6}},{"start":{"line":132,"column":6},"end":{"line":132,"column":6}}]},"7":{"line":138,"type":"if","locations":[{"start":{"line":138,"column":6},"end":{"line":138,"column":6}},{"start":{"line":138,"column":6},"end":{"line":138,"column":6}}]},"8":{"line":141,"type":"if","locations":[{"start":{"line":141,"column":8},"end":{"line":141,"column":8}},{"start":{"line":141,"column":8},"end":{"line":141,"column":8}}]},"9":{"line":157,"type":"if","locations":[{"start":{"line":157,"column":4},"end":{"line":157,"column":4}},{"start":{"line":157,"column":4},"end":{"line":157,"column":4}}]},"10":{"line":158,"type":"if","locations":[{"start":{"line":158,"column":6},"end":{"line":158,"column":6}},{"start":{"line":158,"column":6},"end":{"line":158,"column":6}}]},"11":{"line":160,"type":"if","locations":[{"start":{"line":160,"column":8},"end":{"line":160,"column":8}},{"start":{"line":160,"column":8},"end":{"line":160,"column":8}}]},"12":{"line":170,"type":"if","locations":[{"start":{"line":170,"column":4},"end":{"line":170,"column":4}},{"start":{"line":170,"column":4},"end":{"line":170,"column":4}}]},"13":{"line":172,"type":"if","locations":[{"start":{"line":172,"column":6},"end":{"line":172,"column":6}},{"start":{"line":172,"column":6},"end":{"line":172,"column":6}}]},"14":{"line":177,"type":"if","locations":[{"start":{"line":177,"column":6},"end":{"line":177,"column":6}},{"start":{"line":177,"column":6},"end":{"line":177,"column":6}}]},"15":{"line":182,"type":"if","locations":[{"start":{"line":182,"column":6},"end":{"line":182,"column":6}},{"start":{"line":182,"column":6},"end":{"line":182,"column":6}}]},"16":{"line":196,"type":"if","locations":[{"start":{"line":196,"column":4},"end":{"line":196,"column":4}},{"start":{"line":196,"column":4},"end":{"line":196,"column":4}}]},"17":{"line":205,"type":"if","locations":[{"start":{"line":205,"column":4},"end":{"line":205,"column":4}},{"start":{"line":205,"column":4},"end":{"line":205,"column":4}}]},"18":{"line":220,"type":"if","locations":[{"start":{"line":220,"column":4},"end":{"line":220,"column":4}},{"start":{"line":220,"column":4},"end":{"line":220,"column":4}}]},"19":{"line":315,"type":"if","locations":[{"start":{"line":315,"column":4},"end":{"line":315,"column":4}},{"start":{"line":315,"column":4},"end":{"line":315,"column":4}}]},"20":{"line":326,"type":"if","locations":[{"start":{"line":326,"column":6},"end":{"line":326,"column":6}},{"start":{"line":326,"column":6},"end":{"line":326,"column":6}}]},"21":{"line":333,"type":"if","locations":[{"start":{"line":333,"column":4},"end":{"line":333,"column":4}},{"start":{"line":333,"column":4},"end":{"line":333,"column":4}}]},"22":{"line":335,"type":"if","locations":[{"start":{"line":335,"column":6},"end":{"line":335,"column":6}},{"start":{"line":335,"column":6},"end":{"line":335,"column":6}}]},"23":{"line":338,"type":"if","locations":[{"start":{"line":338,"column":8},"end":{"line":338,"column":8}},{"start":{"line":338,"column":8},"end":{"line":338,"column":8}}]},"24":{"line":356,"type":"if","locations":[{"start":{"line":356,"column":4},"end":{"line":356,"column":4}},{"start":{"line":356,"column":4},"end":{"line":356,"column":4}}]}}},"contracts/8/interfaces/IAdapter.sol":{"l":{},"path":"/Users/oker/Desktop/Projects/OKX/sor_smartcontract_dev/contracts/8/interfaces/IAdapter.sol","s":{},"b":{},"f":{},"fnMap":{},"statementMap":{},"branchMap":{}},"contracts/8/interfaces/IAdapterWithResult.sol":{"l":{},"path":"/Users/oker/Desktop/Projects/OKX/sor_smartcontract_dev/contracts/8/interfaces/IAdapterWithResult.sol","s":{},"b":{},"f":{},"fnMap":{},"statementMap":{},"branchMap":{}},"contracts/8/interfaces/IApprove.sol":{"l":{},"path":"/Users/oker/Desktop/Projects/OKX/sor_smartcontract_dev/contracts/8/interfaces/IApprove.sol","s":{},"b":{},"f":{},"fnMap":{},"statementMap":{},"branchMap":{}},"contracts/8/interfaces/IApproveProxy.sol":{"l":{},"path":"/Users/oker/Desktop/Projects/OKX/sor_smartcontract_dev/contracts/8/interfaces/IApproveProxy.sol","s":{},"b":{},"f":{},"fnMap":{},"statementMap":{},"branchMap":{}},"contracts/8/interfaces/IBalancer.sol":{"l":{},"path":"/Users/oker/Desktop/Projects/OKX/sor_smartcontract_dev/contracts/8/interfaces/IBalancer.sol","s":{},"b":{},"f":{},"fnMap":{},"statementMap":{},"branchMap":{}},"contracts/8/interfaces/IBalancerV2Vault.sol":{"l":{},"path":"/Users/oker/Desktop/Projects/OKX/sor_smartcontract_dev/contracts/8/interfaces/IBalancerV2Vault.sol","s":{},"b":{},"f":{},"fnMap":{},"statementMap":{},"branchMap":{}},"contracts/8/interfaces/IBancorNetwork.sol":{"l":{},"path":"/Users/oker/Desktop/Projects/OKX/sor_smartcontract_dev/contracts/8/interfaces/IBancorNetwork.sol","s":{},"b":{},"f":{},"fnMap":{},"statementMap":{},"branchMap":{}},"contracts/8/interfaces/IBiswapPair.sol":{"l":{},"path":"/Users/oker/Desktop/Projects/OKX/sor_smartcontract_dev/contracts/8/interfaces/IBiswapPair.sol","s":{},"b":{},"f":{},"fnMap":{},"statementMap":{},"branchMap":{}},"contracts/8/interfaces/ICurve.sol":{"l":{},"path":"/Users/oker/Desktop/Projects/OKX/sor_smartcontract_dev/contracts/8/interfaces/ICurve.sol","s":{},"b":{},"f":{},"fnMap":{},"statementMap":{},"branchMap":{}},"contracts/8/interfaces/ICurveV2.sol":{"l":{},"path":"/Users/oker/Desktop/Projects/OKX/sor_smartcontract_dev/contracts/8/interfaces/ICurveV2.sol","s":{},"b":{},"f":{},"fnMap":{},"statementMap":{},"branchMap":{}},"contracts/8/interfaces/IDaiLikePermit.sol":{"l":{},"path":"/Users/oker/Desktop/Projects/OKX/sor_smartcontract_dev/contracts/8/interfaces/IDaiLikePermit.sol","s":{},"b":{},"f":{},"fnMap":{},"statementMap":{},"branchMap":{}},"contracts/8/interfaces/IDexAggProxy.sol":{"l":{},"path":"/Users/oker/Desktop/Projects/OKX/sor_smartcontract_dev/contracts/8/interfaces/IDexAggProxy.sol","s":{},"b":{},"f":{},"fnMap":{},"statementMap":{},"branchMap":{}},"contracts/8/interfaces/IDODOV2.sol":{"l":{},"path":"/Users/oker/Desktop/Projects/OKX/sor_smartcontract_dev/contracts/8/interfaces/IDODOV2.sol","s":{},"b":{},"f":{},"fnMap":{},"statementMap":{},"branchMap":{}},"contracts/8/interfaces/IERC20.sol":{"l":{},"path":"/Users/oker/Desktop/Projects/OKX/sor_smartcontract_dev/contracts/8/interfaces/IERC20.sol","s":{},"b":{},"f":{},"fnMap":{},"statementMap":{},"branchMap":{}},"contracts/8/interfaces/IERC20Permit.sol":{"l":{},"path":"/Users/oker/Desktop/Projects/OKX/sor_smartcontract_dev/contracts/8/interfaces/IERC20Permit.sol","s":{},"b":{},"f":{},"fnMap":{},"statementMap":{},"branchMap":{}},"contracts/8/interfaces/IKyber.sol":{"l":{},"path":"/Users/oker/Desktop/Projects/OKX/sor_smartcontract_dev/contracts/8/interfaces/IKyber.sol","s":{},"b":{},"f":{},"fnMap":{},"statementMap":{},"branchMap":{}},"contracts/8/interfaces/IMarketMaker.sol":{"l":{},"path":"/Users/oker/Desktop/Projects/OKX/sor_smartcontract_dev/contracts/8/interfaces/IMarketMaker.sol","s":{},"b":{},"f":{},"fnMap":{},"statementMap":{},"branchMap":{}},"contracts/8/interfaces/IUni.sol":{"l":{},"path":"/Users/oker/Desktop/Projects/OKX/sor_smartcontract_dev/contracts/8/interfaces/IUni.sol","s":{},"b":{},"f":{},"fnMap":{},"statementMap":{},"branchMap":{}},"contracts/8/interfaces/IUniswapV2Callee.sol":{"l":{},"path":"/Users/oker/Desktop/Projects/OKX/sor_smartcontract_dev/contracts/8/interfaces/IUniswapV2Callee.sol","s":{},"b":{},"f":{},"fnMap":{},"statementMap":{},"branchMap":{}},"contracts/8/interfaces/IUniswapV2ERC20.sol":{"l":{},"path":"/Users/oker/Desktop/Projects/OKX/sor_smartcontract_dev/contracts/8/interfaces/IUniswapV2ERC20.sol","s":{},"b":{},"f":{},"fnMap":{},"statementMap":{},"branchMap":{}},"contracts/8/interfaces/IUniswapV2Factory.sol":{"l":{},"path":"/Users/oker/Desktop/Projects/OKX/sor_smartcontract_dev/contracts/8/interfaces/IUniswapV2Factory.sol","s":{},"b":{},"f":{},"fnMap":{},"statementMap":{},"branchMap":{}},"contracts/8/interfaces/IUniswapV2Pair.sol":{"l":{},"path":"/Users/oker/Desktop/Projects/OKX/sor_smartcontract_dev/contracts/8/interfaces/IUniswapV2Pair.sol","s":{},"b":{},"f":{},"fnMap":{},"statementMap":{},"branchMap":{}},"contracts/8/interfaces/IUniswapV3SwapCallback.sol":{"l":{},"path":"/Users/oker/Desktop/Projects/OKX/sor_smartcontract_dev/contracts/8/interfaces/IUniswapV3SwapCallback.sol","s":{},"b":{},"f":{},"fnMap":{},"statementMap":{},"branchMap":{}},"contracts/8/interfaces/IUniV3.sol":{"l":{},"path":"/Users/oker/Desktop/Projects/OKX/sor_smartcontract_dev/contracts/8/interfaces/IUniV3.sol","s":{},"b":{},"f":{},"fnMap":{},"statementMap":{},"branchMap":{}},"contracts/8/interfaces/IUnswapRouter02.sol":{"l":{},"path":"/Users/oker/Desktop/Projects/OKX/sor_smartcontract_dev/contracts/8/interfaces/IUnswapRouter02.sol","s":{},"b":{},"f":{},"fnMap":{},"statementMap":{},"branchMap":{}},"contracts/8/interfaces/IWETH.sol":{"l":{},"path":"/Users/oker/Desktop/Projects/OKX/sor_smartcontract_dev/contracts/8/interfaces/IWETH.sol","s":{},"b":{},"f":{},"fnMap":{},"statementMap":{},"branchMap":{}},"contracts/8/interfaces/IWNativeRelayer.sol":{"l":{},"path":"/Users/oker/Desktop/Projects/OKX/sor_smartcontract_dev/contracts/8/interfaces/IWNativeRelayer.sol","s":{},"b":{},"f":{},"fnMap":{},"statementMap":{},"branchMap":{}},"contracts/8/interfaces/pancake/IPancakePair.sol":{"l":{},"path":"/Users/oker/Desktop/Projects/OKX/sor_smartcontract_dev/contracts/8/interfaces/pancake/IPancakePair.sol","s":{},"b":{},"f":{},"fnMap":{},"statementMap":{},"branchMap":{}},"contracts/8/libraries/Address.sol":{"l":{"29":265,"30":265,"32":265,"35":265,"49":0,"71":0,"77":0,"78":0},"path":"/Users/oker/Desktop/Projects/OKX/sor_smartcontract_dev/contracts/8/libraries/Address.sol","s":{"1":265,"2":265,"3":265,"4":0,"5":0,"6":0,"7":0},"b":{"1":[0,0],"2":[0,0]},"f":{"1":265,"2":0,"3":0},"fnMap":{"1":{"name":"isContract","line":25,"loc":{"start":{"line":25,"column":4},"end":{"line":36,"column":4}}},"2":{"name":"toPayable","line":44,"loc":{"start":{"line":44,"column":4},"end":{"line":50,"column":4}}},"3":{"name":"sendValue","line":70,"loc":{"start":{"line":70,"column":4},"end":{"line":82,"column":4}}}},"statementMap":{"1":{"start":{"line":29,"column":8},"end":{"line":29,"column":24}},"2":{"start":{"line":30,"column":8},"end":{"line":30,"column":96}},"3":{"start":{"line":35,"column":8},"end":{"line":35,"column":59}},"4":{"start":{"line":49,"column":8},"end":{"line":49,"column":31}},"5":{"start":{"line":71,"column":8},"end":{"line":71,"column":2740}},"6":{"start":{"line":77,"column":8},"end":{"line":77,"column":60}},"7":{"start":{"line":78,"column":8},"end":{"line":78,"column":2974}}},"branchMap":{"1":{"line":71,"type":"if","locations":[{"start":{"line":71,"column":8},"end":{"line":71,"column":8}},{"start":{"line":71,"column":8},"end":{"line":71,"column":8}}]},"2":{"line":78,"type":"if","locations":[{"start":{"line":78,"column":8},"end":{"line":78,"column":8}},{"start":{"line":78,"column":8},"end":{"line":78,"column":8}}]}}},"contracts/8/libraries/AddressSetLib.sol":{"l":{"15":0,"16":0,"18":0,"19":0,"28":0,"31":0,"32":0,"34":0,"35":0,"38":0,"39":0,"40":0,"41":0,"43":0,"48":0,"49":0,"50":0,"55":0,"56":0,"57":0,"58":0,"59":0,"60":0,"61":0,"63":0,"64":0},"path":"/Users/oker/Desktop/Projects/OKX/sor_smartcontract_dev/contracts/8/libraries/AddressSetLib.sol","s":{"1":0,"2":0,"3":0,"4":0,"5":0,"6":0,"7":0,"8":0,"9":0,"10":0,"11":0,"12":0,"13":0,"14":0,"15":0,"16":0,"17":0,"18":0,"19":0,"20":0,"21":0,"22":0,"23":0,"24":0,"25":0},"b":{"1":[0,0],"2":[0,0],"3":[0,0],"4":[0,0],"5":[0,0],"6":[0,0]},"f":{"1":0,"2":0,"3":0,"4":0},"fnMap":{"1":{"name":"contains","line":10,"loc":{"start":{"line":10,"column":4},"end":{"line":20,"column":4}}},"2":{"name":"getPage","line":22,"loc":{"start":{"line":22,"column":4},"end":{"line":44,"column":4}}},"3":{"name":"add","line":46,"loc":{"start":{"line":46,"column":4},"end":{"line":52,"column":4}}},"4":{"name":"remove","line":54,"loc":{"start":{"line":54,"column":4},"end":{"line":65,"column":4}}}},"statementMap":{"1":{"start":{"line":15,"column":8},"end":{"line":15,"column":326}},"2":{"start":{"line":16,"column":12},"end":{"line":16,"column":24}},"3":{"start":{"line":18,"column":8},"end":{"line":18,"column":46}},"4":{"start":{"line":19,"column":8},"end":{"line":19,"column":57}},"5":{"start":{"line":28,"column":8},"end":{"line":28,"column":43}},"6":{"start":{"line":31,"column":8},"end":{"line":31,"column":957}},"7":{"start":{"line":32,"column":12},"end":{"line":32,"column":41}},"8":{"start":{"line":34,"column":8},"end":{"line":34,"column":1057}},"9":{"start":{"line":35,"column":12},"end":{"line":35,"column":35}},"10":{"start":{"line":38,"column":8},"end":{"line":38,"column":36}},"11":{"start":{"line":39,"column":8},"end":{"line":39,"column":48}},"12":{"start":{"line":40,"column":8},"end":{"line":40,"column":1271}},"13":{"start":{"line":41,"column":12},"end":{"line":41,"column":44}},"14":{"start":{"line":43,"column":8},"end":{"line":43,"column":19}},"15":{"start":{"line":48,"column":8},"end":{"line":48,"column":1518}},"16":{"start":{"line":49,"column":12},"end":{"line":49,"column":53}},"17":{"start":{"line":50,"column":12},"end":{"line":50,"column":37}},"18":{"start":{"line":55,"column":8},"end":{"line":55,"column":61}},"19":{"start":{"line":56,"column":8},"end":{"line":56,"column":44}},"20":{"start":{"line":57,"column":8},"end":{"line":57,"column":51}},"21":{"start":{"line":58,"column":8},"end":{"line":58,"column":1905}},"22":{"start":{"line":59,"column":12},"end":{"line":59,"column":60}},"23":{"start":{"line":60,"column":12},"end":{"line":60,"column":47}},"24":{"start":{"line":61,"column":12},"end":{"line":61,"column":46}},"25":{"start":{"line":63,"column":8},"end":{"line":63,"column":25}}},"branchMap":{"1":{"line":15,"type":"if","locations":[{"start":{"line":15,"column":8},"end":{"line":15,"column":8}},{"start":{"line":15,"column":8},"end":{"line":15,"column":8}}]},"2":{"line":31,"type":"if","locations":[{"start":{"line":31,"column":8},"end":{"line":31,"column":8}},{"start":{"line":31,"column":8},"end":{"line":31,"column":8}}]},"3":{"line":34,"type":"if","locations":[{"start":{"line":34,"column":8},"end":{"line":34,"column":8}},{"start":{"line":34,"column":8},"end":{"line":34,"column":8}}]},"4":{"line":48,"type":"if","locations":[{"start":{"line":48,"column":8},"end":{"line":48,"column":8}},{"start":{"line":48,"column":8},"end":{"line":48,"column":8}}]},"5":{"line":55,"type":"if","locations":[{"start":{"line":55,"column":8},"end":{"line":55,"column":8}},{"start":{"line":55,"column":8},"end":{"line":55,"column":8}}]},"6":{"line":58,"type":"if","locations":[{"start":{"line":58,"column":8},"end":{"line":58,"column":8}},{"start":{"line":58,"column":8},"end":{"line":58,"column":8}}]}}},"contracts/8/libraries/DecimalMath.sol":{"l":{"19":0,"27":0,"35":0,"43":0,"47":0,"51":0},"path":"/Users/oker/Desktop/Projects/OKX/sor_smartcontract_dev/contracts/8/libraries/DecimalMath.sol","s":{"1":0,"2":0,"3":0,"4":0,"5":0,"6":0},"b":{},"f":{"1":0,"2":0,"3":0,"4":0,"5":0,"6":0},"fnMap":{"1":{"name":"mulFloor","line":14,"loc":{"start":{"line":14,"column":4},"end":{"line":20,"column":4}}},"2":{"name":"mulCeil","line":22,"loc":{"start":{"line":22,"column":4},"end":{"line":28,"column":4}}},"3":{"name":"divFloor","line":30,"loc":{"start":{"line":30,"column":4},"end":{"line":36,"column":4}}},"4":{"name":"divCeil","line":38,"loc":{"start":{"line":38,"column":4},"end":{"line":44,"column":4}}},"5":{"name":"reciprocalFloor","line":46,"loc":{"start":{"line":46,"column":4},"end":{"line":48,"column":4}}},"6":{"name":"reciprocalCeil","line":50,"loc":{"start":{"line":50,"column":4},"end":{"line":52,"column":4}}}},"statementMap":{"1":{"start":{"line":19,"column":8},"end":{"line":19,"column":38}},"2":{"start":{"line":27,"column":8},"end":{"line":27,"column":44}},"3":{"start":{"line":35,"column":8},"end":{"line":35,"column":36}},"4":{"start":{"line":43,"column":8},"end":{"line":43,"column":44}},"5":{"start":{"line":47,"column":8},"end":{"line":47,"column":39}},"6":{"start":{"line":51,"column":8},"end":{"line":51,"column":46}}},"branchMap":{}},"contracts/8/libraries/draft-EIP712Upgradable.sol":{"l":{"54":72,"55":72,"56":72,"59":72,"60":72,"61":72,"62":72,"63":72,"64":72,"71":31,"72":31,"74":0,"83":72,"102":31},"path":"/Users/oker/Desktop/Projects/OKX/sor_smartcontract_dev/contracts/8/libraries/draft-EIP712Upgradable.sol","s":{"1":72,"2":72,"3":72,"4":72,"5":72,"6":72,"7":72,"8":72,"9":72,"10":31,"11":31,"12":0,"13":72,"14":31},"b":{"1":[31,0]},"f":{"1":72,"2":31,"3":72,"4":31},"fnMap":{"1":{"name":"_EIP712_init","line":53,"loc":{"start":{"line":53,"column":4},"end":{"line":65,"column":4}}},"2":{"name":"_domainSeparatorV4","line":70,"loc":{"start":{"line":70,"column":4},"end":{"line":76,"column":4}}},"3":{"name":"_buildDomainSeparator","line":78,"loc":{"start":{"line":78,"column":4},"end":{"line":84,"column":4}}},"4":{"name":"_hashTypedDataV4","line":101,"loc":{"start":{"line":101,"column":4},"end":{"line":103,"column":4}}}},"statementMap":{"1":{"start":{"line":54,"column":8},"end":{"line":54,"column":51}},"2":{"start":{"line":55,"column":8},"end":{"line":55,"column":57}},"3":{"start":{"line":56,"column":8},"end":{"line":56,"column":2611}},"4":{"start":{"line":59,"column":8},"end":{"line":59,"column":32}},"5":{"start":{"line":60,"column":8},"end":{"line":60,"column":38}},"6":{"start":{"line":61,"column":8},"end":{"line":61,"column":39}},"7":{"start":{"line":62,"column":8},"end":{"line":62,"column":92}},"8":{"start":{"line":63,"column":8},"end":{"line":63,"column":35}},"9":{"start":{"line":64,"column":8},"end":{"line":64,"column":28}},"10":{"start":{"line":71,"column":8},"end":{"line":71,"column":3195}},"11":{"start":{"line":72,"column":12},"end":{"line":72,"column":43}},"12":{"start":{"line":74,"column":12},"end":{"line":74,"column":83}},"13":{"start":{"line":83,"column":8},"end":{"line":83,"column":99}},"14":{"start":{"line":102,"column":8},"end":{"line":102,"column":70}}},"branchMap":{"1":{"line":71,"type":"if","locations":[{"start":{"line":71,"column":8},"end":{"line":71,"column":8}},{"start":{"line":71,"column":8},"end":{"line":71,"column":8}}]}}},"contracts/8/libraries/ECDSA.sol":{"l":{"24":56,"25":56,"27":0,"29":0,"31":0,"33":0,"61":0,"62":0,"63":0,"64":0,"67":0,"72":0,"74":0,"75":0,"78":0,"82":0,"84":0,"103":0,"104":0,"105":0,"120":56,"121":56,"122":56,"135":56,"136":56,"137":56,"161":56,"162":0,"164":56,"165":0,"169":56,"170":56,"171":0,"174":56,"187":0,"188":0,"189":0,"203":0,"215":0,"228":31},"path":"/Users/oker/Desktop/Projects/OKX/sor_smartcontract_dev/contracts/8/libraries/ECDSA.sol","s":{"1":56,"2":56,"3":0,"4":0,"5":0,"6":0,"7":0,"8":0,"9":0,"10":0,"11":0,"12":0,"13":0,"14":0,"15":0,"16":0,"17":0,"18":0,"19":0,"20":0,"21":0,"22":0,"23":0,"24":56,"25":56,"26":56,"27":56,"28":56,"29":56,"30":56,"31":0,"32":56,"33":0,"34":56,"35":56,"36":0,"37":56,"38":0,"39":0,"40":0,"41":0,"42":0,"43":31},"b":{"1":[56,0],"2":[0,0],"3":[0,0],"4":[0,0],"5":[0,0],"6":[0,0],"7":[0,0],"8":[0,56],"9":[0,56],"10":[0,56]},"f":{"1":56,"2":0,"3":0,"4":56,"5":56,"6":56,"7":0,"8":0,"9":0,"10":31},"fnMap":{"1":{"name":"_throwError","line":23,"loc":{"start":{"line":23,"column":4},"end":{"line":35,"column":4}}},"2":{"name":"tryRecover","line":57,"loc":{"start":{"line":57,"column":4},"end":{"line":86,"column":4}}},"3":{"name":"recover","line":102,"loc":{"start":{"line":102,"column":4},"end":{"line":106,"column":4}}},"4":{"name":"tryRecover","line":115,"loc":{"start":{"line":115,"column":4},"end":{"line":123,"column":4}}},"5":{"name":"recover","line":130,"loc":{"start":{"line":130,"column":4},"end":{"line":138,"column":4}}},"6":{"name":"tryRecover","line":146,"loc":{"start":{"line":146,"column":4},"end":{"line":175,"column":4}}},"7":{"name":"recover","line":181,"loc":{"start":{"line":181,"column":4},"end":{"line":190,"column":4}}},"8":{"name":"toEthSignedMessageHash","line":200,"loc":{"start":{"line":200,"column":4},"end":{"line":204,"column":4}}},"9":{"name":"toEthSignedMessageHash","line":214,"loc":{"start":{"line":214,"column":4},"end":{"line":216,"column":4}}},"10":{"name":"toTypedDataHash","line":227,"loc":{"start":{"line":227,"column":4},"end":{"line":229,"column":4}}}},"statementMap":{"1":{"start":{"line":24,"column":8},"end":{"line":24,"column":620}},"2":{"start":{"line":25,"column":12},"end":{"line":25,"column":18}},"3":{"start":{"line":26,"column":15},"end":{"line":26,"column":716}},"4":{"start":{"line":27,"column":12},"end":{"line":27,"column":45}},"5":{"start":{"line":28,"column":15},"end":{"line":28,"column":825}},"6":{"start":{"line":29,"column":12},"end":{"line":29,"column":52}},"7":{"start":{"line":30,"column":15},"end":{"line":30,"column":947}},"8":{"start":{"line":31,"column":12},"end":{"line":31,"column":55}},"9":{"start":{"line":32,"column":15},"end":{"line":32,"column":1067}},"10":{"start":{"line":33,"column":12},"end":{"line":33,"column":55}},"11":{"start":{"line":61,"column":8},"end":{"line":61,"column":2558}},"12":{"start":{"line":62,"column":12},"end":{"line":62,"column":21}},"13":{"start":{"line":63,"column":12},"end":{"line":63,"column":21}},"14":{"start":{"line":64,"column":12},"end":{"line":64,"column":19}},"15":{"start":{"line":72,"column":12},"end":{"line":72,"column":44}},"16":{"start":{"line":73,"column":15},"end":{"line":73,"column":3040}},"17":{"start":{"line":74,"column":12},"end":{"line":74,"column":21}},"18":{"start":{"line":75,"column":12},"end":{"line":75,"column":22}},"19":{"start":{"line":82,"column":12},"end":{"line":82,"column":42}},"20":{"start":{"line":84,"column":12},"end":{"line":84,"column":68}},"21":{"start":{"line":103,"column":8},"end":{"line":103,"column":77}},"22":{"start":{"line":104,"column":8},"end":{"line":104,"column":25}},"23":{"start":{"line":105,"column":8},"end":{"line":105,"column":24}},"24":{"start":{"line":120,"column":8},"end":{"line":120,"column":100}},"25":{"start":{"line":121,"column":8},"end":{"line":121,"column":50}},"26":{"start":{"line":122,"column":8},"end":{"line":122,"column":40}},"27":{"start":{"line":135,"column":8},"end":{"line":135,"column":73}},"28":{"start":{"line":136,"column":8},"end":{"line":136,"column":25}},"29":{"start":{"line":137,"column":8},"end":{"line":137,"column":24}},"30":{"start":{"line":161,"column":8},"end":{"line":161,"column":6754}},"31":{"start":{"line":162,"column":12},"end":{"line":162,"column":63}},"32":{"start":{"line":164,"column":8},"end":{"line":164,"column":6924}},"33":{"start":{"line":165,"column":12},"end":{"line":165,"column":63}},"34":{"start":{"line":169,"column":8},"end":{"line":169,"column":49}},"35":{"start":{"line":170,"column":8},"end":{"line":170,"column":7169}},"36":{"start":{"line":171,"column":12},"end":{"line":171,"column":62}},"37":{"start":{"line":174,"column":8},"end":{"line":174,"column":45}},"38":{"start":{"line":187,"column":8},"end":{"line":187,"column":75}},"39":{"start":{"line":188,"column":8},"end":{"line":188,"column":25}},"40":{"start":{"line":189,"column":8},"end":{"line":189,"column":24}},"41":{"start":{"line":203,"column":8},"end":{"line":203,"column":84}},"42":{"start":{"line":215,"column":8},"end":{"line":215,"column":107}},"43":{"start":{"line":228,"column":8},"end":{"line":228,"column":83}}},"branchMap":{"1":{"line":24,"type":"if","locations":[{"start":{"line":24,"column":8},"end":{"line":24,"column":8}},{"start":{"line":24,"column":8},"end":{"line":24,"column":8}}]},"2":{"line":26,"type":"if","locations":[{"start":{"line":26,"column":15},"end":{"line":26,"column":15}},{"start":{"line":26,"column":15},"end":{"line":26,"column":15}}]},"3":{"line":28,"type":"if","locations":[{"start":{"line":28,"column":15},"end":{"line":28,"column":15}},{"start":{"line":28,"column":15},"end":{"line":28,"column":15}}]},"4":{"line":30,"type":"if","locations":[{"start":{"line":30,"column":15},"end":{"line":30,"column":15}},{"start":{"line":30,"column":15},"end":{"line":30,"column":15}}]},"5":{"line":32,"type":"if","locations":[{"start":{"line":32,"column":15},"end":{"line":32,"column":15}},{"start":{"line":32,"column":15},"end":{"line":32,"column":15}}]},"6":{"line":61,"type":"if","locations":[{"start":{"line":61,"column":8},"end":{"line":61,"column":8}},{"start":{"line":61,"column":8},"end":{"line":61,"column":8}}]},"7":{"line":73,"type":"if","locations":[{"start":{"line":73,"column":15},"end":{"line":73,"column":15}},{"start":{"line":73,"column":15},"end":{"line":73,"column":15}}]},"8":{"line":161,"type":"if","locations":[{"start":{"line":161,"column":8},"end":{"line":161,"column":8}},{"start":{"line":161,"column":8},"end":{"line":161,"column":8}}]},"9":{"line":164,"type":"if","locations":[{"start":{"line":164,"column":8},"end":{"line":164,"column":8}},{"start":{"line":164,"column":8},"end":{"line":164,"column":8}}]},"10":{"line":170,"type":"if","locations":[{"start":{"line":170,"column":8},"end":{"line":170,"column":8}},{"start":{"line":170,"column":8},"end":{"line":170,"column":8}}]}}},"contracts/8/libraries/Math.sol":{"l":{"7":0,"12":132,"13":132,"14":132,"15":132,"16":10538,"17":10538,"20":0},"path":"/Users/oker/Desktop/Projects/OKX/sor_smartcontract_dev/contracts/8/libraries/Math.sol","s":{"1":0,"2":132,"3":132,"4":132,"5":132,"6":10538,"7":10538,"8":0,"9":0},"b":{"1":[132,0],"2":[0,0]},"f":{"1":0,"2":132},"fnMap":{"1":{"name":"min","line":6,"loc":{"start":{"line":6,"column":4},"end":{"line":8,"column":4}}},"2":{"name":"sqrt","line":11,"loc":{"start":{"line":11,"column":4},"end":{"line":22,"column":4}}}},"statementMap":{"1":{"start":{"line":7,"column":8},"end":{"line":7,"column":24}},"2":{"start":{"line":12,"column":8},"end":{"line":12,"column":394}},"3":{"start":{"line":13,"column":12},"end":{"line":13,"column":16}},"4":{"start":{"line":14,"column":12},"end":{"line":14,"column":33}},"5":{"start":{"line":15,"column":12},"end":{"line":15,"column":477}},"6":{"start":{"line":16,"column":16},"end":{"line":16,"column":20}},"7":{"start":{"line":17,"column":16},"end":{"line":17,"column":34}},"8":{"start":{"line":19,"column":15},"end":{"line":19,"column":578}},"9":{"start":{"line":20,"column":12},"end":{"line":20,"column":16}}},"branchMap":{"1":{"line":12,"type":"if","locations":[{"start":{"line":12,"column":8},"end":{"line":12,"column":8}},{"start":{"line":12,"column":8},"end":{"line":12,"column":8}}]},"2":{"line":19,"type":"if","locations":[{"start":{"line":19,"column":15},"end":{"line":19,"column":15}},{"start":{"line":19,"column":15},"end":{"line":19,"column":15}}]}}},"contracts/8/libraries/RevertReasonParser.sol":{"l":{"21":0,"22":0,"23":0,"29":0,"30":0,"31":0,"33":0,"45":0,"49":0,"53":0,"55":0,"59":0,"66":0,"70":0,"74":0,"75":0,"76":0,"77":0,"78":0,"79":0,"80":0,"82":0},"path":"/Users/oker/Desktop/Projects/OKX/sor_smartcontract_dev/contracts/8/libraries/RevertReasonParser.sol","s":{"1":0,"2":0,"3":0,"4":0,"5":0,"6":0,"7":0,"8":0,"9":0,"10":0,"11":0,"12":0,"13":0,"14":0,"15":0,"16":0,"17":0,"18":0,"19":0,"20":0},"b":{"1":[0,0],"2":[0,0],"3":[0,0],"4":[0,0]},"f":{"1":0,"2":0,"3":0},"fnMap":{"1":{"name":"parse","line":16,"loc":{"start":{"line":16,"column":4},"end":{"line":67,"column":4}}},"2":{"name":"_toHex","line":69,"loc":{"start":{"line":69,"column":4},"end":{"line":71,"column":4}}},"3":{"name":"_toHex","line":73,"loc":{"start":{"line":73,"column":4},"end":{"line":83,"column":4}}}},"statementMap":{"1":{"start":{"line":21,"column":8},"end":{"line":21,"column":814}},"2":{"start":{"line":22,"column":12},"end":{"line":22,"column":27}},"3":{"start":{"line":29,"column":12},"end":{"line":29,"column":1103}},"4":{"start":{"line":30,"column":16},"end":{"line":30,"column":30}},"5":{"start":{"line":31,"column":16},"end":{"line":31,"column":35}},"6":{"start":{"line":45,"column":16},"end":{"line":45,"column":1988}},"7":{"start":{"line":49,"column":16},"end":{"line":49,"column":78}},"8":{"start":{"line":52,"column":17},"end":{"line":52,"column":2286}},"9":{"start":{"line":53,"column":16},"end":{"line":53,"column":28}},"10":{"start":{"line":59,"column":16},"end":{"line":59,"column":2612}},"11":{"start":{"line":66,"column":8},"end":{"line":66,"column":78}},"12":{"start":{"line":70,"column":8},"end":{"line":70,"column":46}},"13":{"start":{"line":74,"column":8},"end":{"line":74,"column":61}},"14":{"start":{"line":75,"column":8},"end":{"line":75,"column":57}},"15":{"start":{"line":76,"column":8},"end":{"line":76,"column":19}},"16":{"start":{"line":77,"column":8},"end":{"line":77,"column":19}},"17":{"start":{"line":78,"column":8},"end":{"line":78,"column":3228}},"18":{"start":{"line":79,"column":12},"end":{"line":79,"column":57}},"19":{"start":{"line":80,"column":12},"end":{"line":80,"column":59}},"20":{"start":{"line":82,"column":8},"end":{"line":82,"column":26}}},"branchMap":{"1":{"line":21,"type":"if","locations":[{"start":{"line":21,"column":8},"end":{"line":21,"column":8}},{"start":{"line":21,"column":8},"end":{"line":21,"column":8}}]},"2":{"line":29,"type":"if","locations":[{"start":{"line":29,"column":12},"end":{"line":29,"column":12}},{"start":{"line":29,"column":12},"end":{"line":29,"column":12}}]},"3":{"line":45,"type":"if","locations":[{"start":{"line":45,"column":16},"end":{"line":45,"column":16}},{"start":{"line":45,"column":16},"end":{"line":45,"column":16}}]},"4":{"line":52,"type":"if","locations":[{"start":{"line":52,"column":17},"end":{"line":52,"column":17}},{"start":{"line":52,"column":17},"end":{"line":52,"column":17}}]}}},"contracts/8/libraries/SafeERC20.sol":{"l":{"26":51,"38":96,"53":118,"57":118,"68":0,"71":0,"86":0,"90":0,"115":265,"118":265,"119":265,"121":264,"124":264},"path":"/Users/oker/Desktop/Projects/OKX/sor_smartcontract_dev/contracts/8/libraries/SafeERC20.sol","s":{"1":51,"2":96,"3":118,"4":118,"5":0,"6":0,"7":0,"8":0,"9":265,"10":265,"11":265,"12":264,"13":264},"b":{"1":[118,0],"2":[265,0],"3":[264,1],"4":[264,0],"5":[264,0]},"f":{"1":51,"2":96,"3":118,"4":0,"5":0,"6":265},"fnMap":{"1":{"name":"safeTransfer","line":21,"loc":{"start":{"line":21,"column":4},"end":{"line":30,"column":4}}},"2":{"name":"safeTransferFrom","line":32,"loc":{"start":{"line":32,"column":4},"end":{"line":42,"column":4}}},"3":{"name":"safeApprove","line":44,"loc":{"start":{"line":44,"column":4},"end":{"line":61,"column":4}}},"4":{"name":"safeIncreaseAllowance","line":63,"loc":{"start":{"line":63,"column":4},"end":{"line":79,"column":4}}},"5":{"name":"safeDecreaseAllowance","line":81,"loc":{"start":{"line":81,"column":4},"end":{"line":98,"column":4}}},"6":{"name":"callOptionalReturn","line":106,"loc":{"start":{"line":106,"column":4},"end":{"line":129,"column":4}}}},"statementMap":{"1":{"start":{"line":26,"column":8},"end":{"line":26,"column":809}},"2":{"start":{"line":38,"column":8},"end":{"line":38,"column":1079}},"3":{"start":{"line":53,"column":8},"end":{"line":53,"column":1607}},"4":{"start":{"line":57,"column":8},"end":{"line":57,"column":1780}},"5":{"start":{"line":68,"column":8},"end":{"line":68,"column":2043}},"6":{"start":{"line":71,"column":8},"end":{"line":71,"column":2147}},"7":{"start":{"line":86,"column":8},"end":{"line":86,"column":2479}},"8":{"start":{"line":90,"column":8},"end":{"line":90,"column":2640}},"9":{"start":{"line":115,"column":8},"end":{"line":115,"column":78}},"10":{"start":{"line":118,"column":8},"end":{"line":118,"column":75}},"11":{"start":{"line":119,"column":8},"end":{"line":119,"column":59}},"12":{"start":{"line":121,"column":8},"end":{"line":121,"column":4090}},"13":{"start":{"line":124,"column":12},"end":{"line":124,"column":4231}}},"branchMap":{"1":{"line":53,"type":"if","locations":[{"start":{"line":53,"column":8},"end":{"line":53,"column":8}},{"start":{"line":53,"column":8},"end":{"line":53,"column":8}}]},"2":{"line":115,"type":"if","locations":[{"start":{"line":115,"column":8},"end":{"line":115,"column":8}},{"start":{"line":115,"column":8},"end":{"line":115,"column":8}}]},"3":{"line":119,"type":"if","locations":[{"start":{"line":119,"column":8},"end":{"line":119,"column":8}},{"start":{"line":119,"column":8},"end":{"line":119,"column":8}}]},"4":{"line":121,"type":"if","locations":[{"start":{"line":121,"column":8},"end":{"line":121,"column":8}},{"start":{"line":121,"column":8},"end":{"line":121,"column":8}}]},"5":{"line":124,"type":"if","locations":[{"start":{"line":124,"column":12},"end":{"line":124,"column":12}},{"start":{"line":124,"column":12},"end":{"line":124,"column":12}}]}}},"contracts/8/libraries/SafeMath.sol":{"l":{"9":0,"13":0,"17":0,"18":0,"20"
[...]
column":4}}},"2":{"name":"withdraw","line":44,"loc":{"start":{"line":44,"column":4},"end":{"line":49,"column":4}}},"3":{"name":"mint","line":52,"loc":{"start":{"line":52,"column":4},"end":{"line":54,"column":4}}},"4":{"name":"totalSupply","line":56,"loc":{"start":{"line":56,"column":4},"end":{"line":58,"column":4}}},"5":{"name":"approve","line":60,"loc":{"start":{"line":60,"column":4},"end":{"line":64,"column":4}}},"6":{"name":"transfer","line":66,"loc":{"start":{"line":66,"column":4},"end":{"line":68,"column":4}}},"7":{"name":"transferFrom","line":70,"loc":{"start":{"line":70,"column":4},"end":{"line":90,"column":4}}}},"statementMap":{"1":{"start":{"line":40,"column":8},"end":{"line":40,"column":41}},"2":{"start":{"line":41,"column":8},"end":{"line":41,"column":43}},"3":{"start":{"line":45,"column":8},"end":{"line":45,"column":44}},"4":{"start":{"line":46,"column":8},"end":{"line":46,"column":35}},"5":{"start":{"line":47,"column":8},"end":{"line":47,"column":40}},"6":{"start":{"line":48,"column":8},"end":{"line":48,"column":40}},"7":{"start":{"line":53,"column":8},"end":{"line":53,"column":28}},"8":{"start":{"line":57,"column":8},"end":{"line":57,"column":36}},"9":{"start":{"line":61,"column":8},"end":{"line":61,"column":39}},"10":{"start":{"line":62,"column":8},"end":{"line":62,"column":43}},"11":{"start":{"line":63,"column":8},"end":{"line":63,"column":19}},"12":{"start":{"line":67,"column":8},"end":{"line":67,"column":49}},"13":{"start":{"line":75,"column":8},"end":{"line":75,"column":37}},"14":{"start":{"line":77,"column":8},"end":{"line":77,"column":2531}},"15":{"start":{"line":80,"column":12},"end":{"line":80,"column":53}},"16":{"start":{"line":81,"column":12},"end":{"line":81,"column":44}},"17":{"start":{"line":84,"column":8},"end":{"line":84,"column":28}},"18":{"start":{"line":85,"column":8},"end":{"line":85,"column":28}},"19":{"start":{"line":87,"column":8},"end":{"line":87,"column":36}},"20":{"start":{"line":89,"column":8},"end":{"line":89,"column":19}}},"branchMap":{"1":{"line":45,"type":"if","locations":[{"start":{"line":45,"column":8},"end":{"line":45,"column":8}},{"start":{"line":45,"column":8},"end":{"line":45,"column":8}}]},"2":{"line":75,"type":"if","locations":[{"start":{"line":75,"column":8},"end":{"line":75,"column":8}},{"start":{"line":75,"column":8},"end":{"line":75,"column":8}}]},"3":{"line":77,"type":"if","locations":[{"start":{"line":77,"column":8},"end":{"line":77,"column":8}},{"start":{"line":77,"column":8},"end":{"line":77,"column":8}}]},"4":{"line":80,"type":"if","locations":[{"start":{"line":80,"column":12},"end":{"line":80,"column":12}},{"start":{"line":80,"column":12},"end":{"line":80,"column":12}}]}}},"contracts/8/TemplateCode.sol":{"l":{"12":0,"13":0},"path":"/Users/oker/Desktop/Projects/OKX/sor_smartcontract_dev/contracts/8/TemplateCode.sol","s":{"1":0,"2":0},"b":{},"f":{"1":0},"fnMap":{"1":{"name":"initialize","line":11,"loc":{"start":{"line":11,"column":2},"end":{"line":14,"column":2}}}},"statementMap":{"1":{"start":{"line":12,"column":4},"end":{"line":12,"column":27}},"2":{"start":{"line":13,"column":4},"end":{"line":13,"column":19}}},"branchMap":{}},"contracts/8/test/SerializeTest.sol":{"l":{"20":0,"21":0,"36":0,"37":0,"41":0,"57":0,"62":0,"84":0,"85":0,"101":0,"123":0,"136":0,"151":0,"153":0,"155":0,"214":0,"228":0,"229":0,"230":0,"231":0,"232":0,"233":0,"237":0,"249":0,"250":0,"251":0,"252":0,"254":0,"256":0,"279":0,"280":0,"282":0,"285":0,"295":0,"327":0,"328":0,"329":0,"330":0,"335":0,"347":0,"348":0,"349":0,"350":0,"351":0,"352":0,"353":0,"354":0,"356":0,"366":0,"369":0,"372":0,"386":0,"396":0,"404":0,"418":0,"419":0,"420":0,"421":0,"422":0,"423":0,"424":0,"425":0,"426":0,"427":0,"428":0,"429":0},"path":"/Users/oker/Desktop/Projects/OKX/sor_smartcontract_dev/contracts/8/test/SerializeTest.sol","s":{"1":0,"2":0,"3":0,"4":0,"5":0,"6":0,"7":0,"8":0,"9":0,"10":0,"11":0,"12":0,"13":0,"14":0,"15":0,"16":0,"17":0,"18":0,"19":0,"20":0,"21":0,"22":0,"23":0,"24":0,"25":0,"26":0,"27":0,"28":0,"29":0,"30":0,"31":0,"32":0,"33":0,"34":0,"35":0,"36":0,"37":0,"38":0,"39":0,"40":0,"41":0,"42":0,"43":0,"44":0,"45":0,"46":0,"47":0,"48":0,"49":0,"50":0,"51":0,"52":0,"53":0,"54":0,"55":0,"56":0,"57":0},"b":{"1":[0,0],"2":[0,0],"3":[0,0],"4":[0,0],"5":[0,0],"6":[0,0],"7":[0,0],"8":[0,0],"9":[0,0]},"f":{"1":0,"2":0,"3":0,"4":0,"5":0,"6":0,"7":0,"8":0,"9":0,"10":0,"11":0,"12":0,"13":0,"14":0,"15":0,"16":0,"17":0},"fnMap":{"1":{"name":"bytesToBytes32","line":15,"loc":{"start":{"line":15,"column":4},"end":{"line":25,"column":4}}},"2":{"name":"bytesToUint256","line":31,"loc":{"start":{"line":31,"column":4},"end":{"line":46,"column":4}}},"3":{"name":"uint256ToBytes","line":52,"loc":{"start":{"line":52,"column":4},"end":{"line":73,"column":4}}},"4":{"name":"bytesToAddress","line":79,"loc":{"start":{"line":79,"column":4},"end":{"line":90,"column":4}}},"5":{"name":"addressToBytes","line":96,"loc":{"start":{"line":96,"column":4},"end":{"line":112,"column":4}}},"6":{"name":"hashLeaf","line":118,"loc":{"start":{"line":118,"column":4},"end":{"line":124,"column":4}}},"7":{"name":"hashChildren","line":131,"loc":{"start":{"line":131,"column":4},"end":{"line":137,"column":4}}},"8":{"name":"slice","line":146,"loc":{"start":{"line":146,"column":4},"end":{"line":215,"column":4}}},"9":{"name":"containMAddresses","line":223,"loc":{"start":{"line":223,"column":4},"end":{"line":238,"column":4}}},"10":{"name":"compressMCPubKey","line":244,"loc":{"start":{"line":244,"column":4},"end":{"line":257,"column":4}}},"11":{"name":"isContract","line":271,"loc":{"start":{"line":271,"column":4},"end":{"line":286,"column":4}}},"12":{"name":"initialize","line":294,"loc":{"start":{"line":294,"column":4},"end":{"line":296,"column":4}}},"13":{"name":"serializeAddress","line":322,"loc":{"start":{"line":322,"column":4},"end":{"line":336,"column":4}}},"14":{"name":"deserializeAddress","line":342,"loc":{"start":{"line":342,"column":4},"end":{"line":357,"column":4}}},"15":{"name":"crossChain","line":359,"loc":{"start":{"line":359,"column":4},"end":{"line":387,"column":4}}},"16":{"name":"serializeBaseParam","line":389,"loc":{"start":{"line":389,"column":4},"end":{"line":405,"column":4}}},"17":{"name":"deserializeBaseParam","line":407,"loc":{"start":{"line":407,"column":4},"end":{"line":430,"column":4}}}},"statementMap":{"1":{"start":{"line":20,"column":8},"end":{"line":20,"column":59}},"2":{"start":{"line":36,"column":8},"end":{"line":36,"column":59}},"3":{"start":{"line":41,"column":8},"end":{"line":41,"column":1346}},"4":{"start":{"line":57,"column":8},"end":{"line":57,"column":1775}},"5":{"start":{"line":84,"column":8},"end":{"line":84,"column":71}},"6":{"start":{"line":123,"column":8},"end":{"line":123,"column":60}},"7":{"start":{"line":136,"column":8},"end":{"line":136,"column":62}},"8":{"start":{"line":151,"column":8},"end":{"line":151,"column":51}},"9":{"start":{"line":153,"column":8},"end":{"line":153,"column":30}},"10":{"start":{"line":214,"column":8},"end":{"line":214,"column":24}},"11":{"start":{"line":228,"column":8},"end":{"line":228,"column":21}},"12":{"start":{"line":229,"column":8},"end":{"line":229,"column":8609}},"13":{"start":{"line":230,"column":12},"end":{"line":230,"column":8673}},"14":{"start":{"line":231,"column":16},"end":{"line":231,"column":8741}},"15":{"start":{"line":237,"column":8},"end":{"line":237,"column":22}},"16":{"start":{"line":249,"column":8},"end":{"line":249,"column":59}},"17":{"start":{"line":250,"column":8},"end":{"line":250,"column":33}},"18":{"start":{"line":251,"column":8},"end":{"line":251,"column":9192}},"19":{"start":{"line":252,"column":12},"end":{"line":252,"column":35}},"20":{"start":{"line":254,"column":12},"end":{"line":254,"column":35}},"21":{"start":{"line":256,"column":8},"end":{"line":256,"column":21}},"22":{"start":{"line":279,"column":8},"end":{"line":279,"column":24}},"23":{"start":{"line":280,"column":8},"end":{"line":280,"column":96}},"24":{"start":{"line":285,"column":8},"end":{"line":285,"column":59}},"25":{"start":{"line":295,"column":8},"end":{"line":295,"column":23}},"26":{"start":{"line":327,"column":8},"end":{"line":327,"column":42}},"27":{"start":{"line":328,"column":8},"end":{"line":328,"column":79}},"28":{"start":{"line":329,"column":8},"end":{"line":329,"column":12075}},"29":{"start":{"line":330,"column":12},"end":{"line":330,"column":12133}},"30":{"start":{"line":335,"column":8},"end":{"line":335,"column":27}},"31":{"start":{"line":347,"column":8},"end":{"line":347,"column":23}},"32":{"start":{"line":348,"column":8},"end":{"line":348,"column":24}},"33":{"start":{"line":349,"column":8},"end":{"line":349,"column":70}},"34":{"start":{"line":350,"column":8},"end":{"line":350,"column":59}},"35":{"start":{"line":351,"column":8},"end":{"line":351,"column":32}},"36":{"start":{"line":352,"column":8},"end":{"line":352,"column":12914}},"37":{"start":{"line":353,"column":12},"end":{"line":353,"column":78}},"38":{"start":{"line":354,"column":12},"end":{"line":354,"column":57}},"39":{"start":{"line":356,"column":8},"end":{"line":356,"column":22}},"40":{"start":{"line":366,"column":8},"end":{"line":366,"column":31}},"41":{"start":{"line":369,"column":8},"end":{"line":369,"column":68}},"42":{"start":{"line":372,"column":8},"end":{"line":372,"column":13682}},"43":{"start":{"line":386,"column":8},"end":{"line":386,"column":23}},"44":{"start":{"line":396,"column":8},"end":{"line":396,"column":14500}},"45":{"start":{"line":404,"column":8},"end":{"line":404,"column":23}},"46":{"start":{"line":418,"column":8},"end":{"line":418,"column":23}},"47":{"start":{"line":419,"column":8},"end":{"line":419,"column":31}},"48":{"start":{"line":420,"column":8},"end":{"line":420,"column":72}},"49":{"start":{"line":421,"column":8},"end":{"line":421,"column":51}},"50":{"start":{"line":422,"column":8},"end":{"line":422,"column":72}},"51":{"start":{"line":423,"column":8},"end":{"line":423,"column":49}},"52":{"start":{"line":424,"column":8},"end":{"line":424,"column":72}},"53":{"start":{"line":425,"column":8},"end":{"line":425,"column":48}},"54":{"start":{"line":426,"column":8},"end":{"line":426,"column":72}},"55":{"start":{"line":427,"column":8},"end":{"line":427,"column":51}},"56":{"start":{"line":428,"column":8},"end":{"line":428,"column":72}},"57":{"start":{"line":429,"column":8},"end":{"line":429,"column":50}}},"branchMap":{"1":{"line":20,"type":"if","locations":[{"start":{"line":20,"column":8},"end":{"line":20,"column":8}},{"start":{"line":20,"column":8},"end":{"line":20,"column":8}}]},"2":{"line":36,"type":"if","locations":[{"start":{"line":36,"column":8},"end":{"line":36,"column":8}},{"start":{"line":36,"column":8},"end":{"line":36,"column":8}}]},"3":{"line":41,"type":"if","locations":[{"start":{"line":41,"column":8},"end":{"line":41,"column":8}},{"start":{"line":41,"column":8},"end":{"line":41,"column":8}}]},"4":{"line":57,"type":"if","locations":[{"start":{"line":57,"column":8},"end":{"line":57,"column":8}},{"start":{"line":57,"column":8},"end":{"line":57,"column":8}}]},"5":{"line":84,"type":"if","locations":[{"start":{"line":84,"column":8},"end":{"line":84,"column":8}},{"start":{"line":84,"column":8},"end":{"line":84,"column":8}}]},"6":{"line":151,"type":"if","locations":[{"start":{"line":151,"column":8},"end":{"line":151,"column":8}},{"start":{"line":151,"column":8},"end":{"line":151,"column":8}}]},"7":{"line":231,"type":"if","locations":[{"start":{"line":231,"column":16},"end":{"line":231,"column":16}},{"start":{"line":231,"column":16},"end":{"line":231,"column":16}}]},"8":{"line":249,"type":"if","locations":[{"start":{"line":249,"column":8},"end":{"line":249,"column":8}},{"start":{"line":249,"column":8},"end":{"line":249,"column":8}}]},"9":{"line":251,"type":"if","locations":[{"start":{"line":251,"column":8},"end":{"line":251,"column":8}},{"start":{"line":251,"column":8},"end":{"line":251,"column":8}}]}}},"contracts/8/TokenApprove.sol":{"l":{"18":24,"19":24,"41":24,"42":24,"55":96,"56":96,"57":96},"path":"/Users/oker/Desktop/Projects/OKX/sor_smartcontract_dev/contracts/8/TokenApprove.sol","s":{"1":24,"2":24,"3":24,"4":24,"5":96,"6":96,"7":96},"b":{"1":[96,0],"2":[96,0]},"f":{"1":24,"2":24,"3":96},"fnMap":{"1":{"name":"initialize","line":17,"loc":{"start":{"line":17,"column":2},"end":{"line":20,"column":2}}},"2":{"name":"setApproveProxy","line":40,"loc":{"start":{"line":40,"column":2},"end":{"line":43,"column":2}}},"3":{"name":"claimTokens","line":49,"loc":{"start":{"line":49,"column":2},"end":{"line":59,"column":2}}}},"statementMap":{"1":{"start":{"line":18,"column":4},"end":{"line":18,"column":19}},"2":{"start":{"line":19,"column":4},"end":{"line":19,"column":41}},"3":{"start":{"line":41,"column":4},"end":{"line":41,"column":62}},"4":{"start":{"line":42,"column":4},"end":{"line":42,"column":44}},"5":{"start":{"line":55,"column":4},"end":{"line":55,"column":78}},"6":{"start":{"line":56,"column":4},"end":{"line":56,"column":1645}},"7":{"start":{"line":57,"column":6},"end":{"line":57,"column":58}}},"branchMap":{"1":{"line":55,"type":"if","locations":[{"start":{"line":55,"column":4},"end":{"line":55,"column":4}},{"start":{"line":55,"column":4},"end":{"line":55,"column":4}}]},"2":{"line":56,"type":"if","locations":[{"start":{"line":56,"column":4},"end":{"line":56,"column":4}},{"start":{"line":56,"column":4},"end":{"line":56,"column":4}}]}}},"contracts/8/TokenApproveProxy.sol":{"l":{"17":24,"37":37,"38":37,"42":0,"43":0,"47":24,"48":24,"61":96,"62":96,"66":0},"path":"/Users/oker/Desktop/Projects/OKX/sor_smartcontract_dev/contracts/8/TokenApproveProxy.sol","s":{"1":24,"2":37,"3":37,"4":0,"5":0,"6":24,"7":24,"8":96,"9":96,"10":0},"b":{"1":[96,0]},"f":{"1":24,"2":37,"3":0,"4":24,"5":96,"6":0},"fnMap":{"1":{"name":"initialize","line":16,"loc":{"start":{"line":16,"column":2},"end":{"line":18,"column":2}}},"2":{"name":"addProxy","line":36,"loc":{"start":{"line":36,"column":2},"end":{"line":39,"column":2}}},"3":{"name":"removeProxy","line":41,"loc":{"start":{"line":41,"column":2},"end":{"line":44,"column":2}}},"4":{"name":"setTokenApprove","line":46,"loc":{"start":{"line":46,"column":2},"end":{"line":49,"column":2}}},"5":{"name":"claimTokens","line":55,"loc":{"start":{"line":55,"column":2},"end":{"line":63,"column":2}}},"6":{"name":"isAllowedProxy","line":65,"loc":{"start":{"line":65,"column":2},"end":{"line":67,"column":2}}}},"statementMap":{"1":{"start":{"line":17,"column":4},"end":{"line":17,"column":19}},"2":{"start":{"line":37,"column":4},"end":{"line":37,"column":35}},"3":{"start":{"line":38,"column":4},"end":{"line":38,"column":31}},"4":{"start":{"line":42,"column":4},"end":{"line":42,"column":36}},"5":{"start":{"line":43,"column":4},"end":{"line":43,"column":34}},"6":{"start":{"line":47,"column":4},"end":{"line":47,"column":31}},"7":{"start":{"line":48,"column":4},"end":{"line":48,"column":43}},"8":{"start":{"line":61,"column":4},"end":{"line":61,"column":73}},"9":{"start":{"line":62,"column":4},"end":{"line":62,"column":67}},"10":{"start":{"line":66,"column":4},"end":{"line":66,"column":33}}},"branchMap":{"1":{"line":61,"type":"if","locations":[{"start":{"line":61,"column":4},"end":{"line":61,"column":4}},{"start":{"line":61,"column":4},"end":{"line":61,"column":4}}]}}},"contracts/8/UnxswapRouter.sol":{"l":{"20":1,"27":0,"28":0,"29":0,"30":0,"32":0,"35":0,"37":0,"39":0,"40":0,"104":0,"105":0,"121":0,"279":0,"280":0,"281":0,"282":0,"286":0,"287":0},"path":"/Users/oker/Desktop/Projects/OKX/sor_smartcontract_dev/contracts/8/UnxswapRouter.sol","s":{"1":0,"2":0,"3":0,"4":0,"5":0,"6":0,"7":0,"8":0,"9":0,"10":0,"11":0,"12":0,"13":0,"14":0,"15":0,"16":0,"17":0},"b":{"1":[1,0],"2":[0,0],"3":[0,0],"4":[0,0],"5":[0,0]},"f":{"1":0,"2":0,"3":0},"fnMap":{"1":{"name":"_permit","line":26,"loc":{"start":{"line":26,"column":2},"end":{"line":43,"column":2}}},"2":{"name":"unxswapWithPermit","line":97,"loc":{"start":{"line":97,"column":2},"end":{"line":106,"column":2}}},"3":{"name":"unxswap","line":114,"loc":{"start":{"line":114,"column":2},"end":{"line":288,"column":2}}}},"statementMap":{"1":{"start":{"line":27,"column":4},"end":{"line":27,"column":746}},"2":{"start":{"line":28,"column":6},"end":{"line":28,"column":18}},"3":{"start":{"line":29,"column":6},"end":{"line":29,"column":25}},"4":{"start":{"line":30,"column":6},"end":{"line":30,"column":826}},"5":{"start":{"line":32,"column":8},"end":{"line":32,"column":93}},"6":{"start":{"line":33,"column":13},"end":{"line":33,"column":1025}},"7":{"start":{"line":35,"column":8},"end":{"line":35,"column":95}},"8":{"start":{"line":37,"column":8},"end":{"line":37,"column":36}},"9":{"start":{"line":39,"column":6},"end":{"line":39,"column":1281}},"10":{"start":{"line":40,"column":8},"end":{"line":40,"column":66}},"11":{"start":{"line":104,"column":4},"end":{"line":104,"column":37}},"12":{"start":{"line":105,"column":4},"end":{"line":105,"column":54}},"13":{"start":{"line":279,"column":4},"end":{"line":279,"column":45}},"14":{"start":{"line":280,"column":4},"end":{"line":280,"column":16}},"15":{"start":{"line":281,"column":4},"end":{"line":281,"column":16}},"16":{"start":{"line":286,"column":4},"end":{"line":286,"column":81}},"17":{"start":{"line":287,"column":4},"end":{"line":287,"column":76}}},"branchMap":{"1":{"line":20,"type":"if","locations":[{"start":{"line":20,"column":4},"end":{"line":20,"column":4}},{"start":{"line":20,"column":4},"end":{"line":20,"column":4}}]},"2":{"line":27,"type":"if","locations":[{"start":{"line":27,"column":4},"end":{"line":27,"column":4}},{"start":{"line":27,"column":4},"end":{"line":27,"column":4}}]},"3":{"line":30,"type":"if","locations":[{"start":{"line":30,"column":6},"end":{"line":30,"column":6}},{"start":{"line":30,"column":6},"end":{"line":30,"column":6}}]},"4":{"line":33,"type":"if","locations":[{"start":{"line":33,"column":13},"end":{"line":33,"column":13}},{"start":{"line":33,"column":13},"end":{"line":33,"column":13}}]},"5":{"line":39,"type":"if","locations":[{"start":{"line":39,"column":6},"end":{"line":39,"column":6}},{"start":{"line":39,"column":6},"end":{"line":39,"column":6}}]}}},"contracts/8/WNativeRelayer.sol":{"l":{"18":11,"19":11,"20":11,"22":11,"26":1,"27":1,"31":10,"32":10,"33":10,"35":10,"40":1,"41":1,"42":1},"path":"/Users/oker/Desktop/Projects/OKX/sor_smartcontract_dev/contracts/8/WNativeRelayer.sol","s":{"1":11,"2":11,"3":11,"4":11,"5":1,"6":10,"7":10,"8":10,"9":10,"10":1,"11":1,"12":1},"b":{"1":[1,0],"2":[1,0]},"f":{"1":11,"2":1,"3":10,"4":1},"fnMap":{"1":{"name":"initialize","line":17,"loc":{"start":{"line":17,"column":2},"end":{"line":23,"column":2}}},"2":{"name":"onlyWhitelistCaller","line":25,"loc":{"start":{"line":25,"column":2},"end":{"line":28,"column":2}}},"3":{"name":"setCallerOk","line":30,"loc":{"start":{"line":30,"column":2},"end":{"line":37,"column":2}}},"4":{"name":"withdraw","line":39,"loc":{"start":{"line":39,"column":2},"end":{"line":43,"column":2}}}},"statementMap":{"1":{"start":{"line":18,"column":4},"end":{"line":18,"column":19}},"2":{"start":{"line":19,"column":4},"end":{"line":19,"column":27}},"3":{"start":{"line":20,"column":4},"end":{"line":20,"column":21}},"4":{"start":{"line":22,"column":4},"end":{"line":22,"column":29}},"5":{"start":{"line":26,"column":4},"end":{"line":26,"column":94}},"6":{"start":{"line":31,"column":4},"end":{"line":31,"column":43}},"7":{"start":{"line":32,"column":4},"end":{"line":32,"column":971}},"8":{"start":{"line":33,"column":6},"end":{"line":33,"column":46}},"9":{"start":{"line":35,"column":6},"end":{"line":35,"column":51}},"10":{"start":{"line":40,"column":4},"end":{"line":40,"column":35}},"11":{"start":{"line":41,"column":4},"end":{"line":41,"column":60}},"12":{"start":{"line":42,"column":4},"end":{"line":42,"column":77}}},"branchMap":{"1":{"line":26,"type":"if","locations":[{"start":{"line":26,"column":4},"end":{"line":26,"column":4}},{"start":{"line":26,"column":4},"end":{"line":26,"column":4}}]},"2":{"line":42,"type":"if","locations":[{"start":{"line":42,"column":4},"end":{"line":42,"column":4}},{"start":{"line":42,"column":4},"end":{"line":42,"column":4}}]}}}}