TN:
SF:/Users/oker/Desktop/Projects/OKX/sor_smartcontract_dev/contracts/8/adapter/ApeAdapter.sol
FN:10,sellBase
FN:33,sellQuote
FNF:2
FNH:0
FNDA:0,sellBase
FNDA:0,sellQuote
DA:15,0
DA:16,0
DA:17,0
DA:22,0
DA:23,0
DA:25,0
DA:26,0
DA:27,0
DA:28,0
DA:29,0
DA:38,0
DA:39,0
DA:40,0
DA:45,0
DA:46,0
DA:48,0
DA:49,0
DA:50,0
DA:51,0
DA:52,0
LF:20
LH:0
BRDA:17,1,0,0
BRDA:17,1,1,0
BRDA:40,2,0,0
BRDA:40,2,1,0
BRF:4
BRH:0
end_of_record
TN:
SF:/Users/oker/Desktop/Projects/OKX/sor_smartcontract_dev/contracts/8/adapter/BakeryAdapter.sol
FN:30,sellBase
FN:53,sellQuote
FNF:2
FNH:0
FNDA:0,sellBase
FNDA:0,sellQuote
DA:35,0
DA:36,0
DA:37,0
DA:42,0
DA:43,0
DA:45,0
DA:46,0
DA:47,0
DA:48,0
DA:49,0
DA:58,0
DA:59,0
DA:60,0
DA:65,0
DA:66,0
DA:68,0
DA:69,0
DA:70,0
DA:71,0
DA:72,0
LF:20
LH:0
BRDA:37,1,0,0
BRDA:37,1,1,0
BRDA:60,2,0,0
BRDA:60,2,1,0
BRF:4
BRH:0
end_of_record
TN:
SF:/Users/oker/Desktop/Projects/OKX/sor_smartcontract_dev/contracts/8/adapter/BalancerAdapter.sol
FN:15,_balancerSwap
FN:66,sellBase
FN:74,sellQuote
FNF:3
FNH:0
FNDA:0,_balancerSwap
FNDA:0,sellBase
FNDA:0,sellQuote
DA:20,0
DA:24,0
DA:26,0
DA:27,0
DA:29,0
DA:30,0
DA:31,0
DA:33,0
DA:34,0
DA:37,0
DA:41,0
DA:46,0
DA:47,0
DA:49,0
DA:57,0
DA:58,0
DA:71,0
DA:79,0
LF:18
LH:0
BRDA:30,1,0,0
BRDA:30,1,1,0
BRDA:33,2,0,0
BRDA:33,2,1,0
BRDA:37,3,0,0
BRDA:37,3,1,0
BRDA:41,4,0,0
BRDA:41,4,1,0
BRDA:57,5,0,0
BRDA:57,5,1,0
BRF:10
BRH:0
end_of_record
TN:
SF:/Users/oker/Desktop/Projects/OKX/sor_smartcontract_dev/contracts/8/adapter/BalancerV2Adapter.sol
FN:18,constructor
FN:23,_balancerV2Swap
FN:87,sellBase
FN:95,sellQuote
FNF:4
FNH:0
FNDA:0,constructor
FNDA:0,_balancerV2Swap
FNDA:0,sellBase
FNDA:0,sellQuote
DA:19,0
DA:20,0
DA:28,0
DA:36,0
DA:37,0
DA:38,0
DA:40,0
DA:43,0
DA:44,0
DA:45,0
DA:46,0
DA:49,0
DA:52,0
DA:54,0
DA:55,0
DA:56,0
DA:59,0
DA:65,0
DA:72,0
DA:77,0
DA:78,0
DA:79,0
DA:92,0
DA:100,0
DA:106,0
DA:107,0
LF:26
LH:0
BRDA:37,1,0,0
BRDA:37,1,1,0
BRDA:77,2,0,0
BRDA:77,2,1,0
BRDA:78,3,0,0
BRDA:78,3,1,0
BRDA:106,4,0,0
BRDA:106,4,1,0
BRF:8
BRH:0
end_of_record
TN:
SF:/Users/oker/Desktop/Projects/OKX/sor_smartcontract_dev/contracts/8/adapter/BancorAdapter.sol
FN:17,constructor
FN:22,_bancorTrade
FN:82,sellBase
FN:90,sellQuote
FNF:4
FNH:0
FNDA:0,constructor
FNDA:0,_bancorTrade
FNDA:0,sellBase
FNDA:0,sellQuote
DA:18,0
DA:19,0
DA:27,0
DA:28,0
DA:32,0
DA:37,0
DA:40,0
DA:41,0
DA:42,0
DA:43,0
DA:44,0
DA:45,0
DA:47,0
DA:49,0
DA:52,0
DA:55,0
DA:64,0
DA:69,0
DA:70,0
DA:71,0
DA:72,0
DA:74,0
DA:87,0
DA:95,0
DA:101,0
DA:102,0
LF:26
LH:0
BRDA:37,1,0,0
BRDA:37,1,1,0
BRDA:42,2,0,0
BRDA:42,2,1,0
BRDA:69,3,0,0
BRDA:69,3,1,0
BRDA:70,4,0,0
BRDA:70,4,1,0
BRDA:101,5,0,0
BRDA:101,5,1,0
BRF:10
BRH:0
end_of_record
TN:
SF:/Users/oker/Desktop/Projects/OKX/sor_smartcontract_dev/contracts/8/adapter/BiAdapter.sol
FN:10,sellBase
FN:35,sellQuote
FNF:2
FNH:0
FNDA:0,sellBase
FNDA:0,sellQuote
DA:15,0
DA:16,0
DA:18,0
DA:23,0
DA:24,0
DA:26,0
DA:28,0
DA:29,0
DA:30,0
DA:31,0
DA:40,0
DA:41,0
DA:43,0
DA:48,0
DA:49,0
DA:51,0
DA:53,0
DA:54,0
DA:55,0
DA:56,0
LF:20
LH:0
BRDA:18,1,0,0
BRDA:18,1,1,0
BRDA:43,2,0,0
BRDA:43,2,1,0
BRF:4
BRH:0
end_of_record
TN:
SF:/Users/oker/Desktop/Projects/OKX/sor_smartcontract_dev/contracts/8/adapter/CurveAdapter.sol
FN:11,_curveSwap
FN:43,sellBase
FN:51,sellQuote
FNF:3
FNH:0
FNDA:0,_curveSwap
FNDA:0,sellBase
FNDA:0,sellQuote
DA:16,0
DA:23,0
DA:25,0
DA:28,0
DA:29,0
DA:31,0
DA:34,0
DA:35,0
DA:48,0
DA:56,0
DA:62,0
DA:63,0
LF:12
LH:0
BRDA:28,1,0,0
BRDA:28,1,1,0
BRDA:34,2,0,0
BRDA:34,2,1,0
BRDA:62,3,0,0
BRDA:62,3,1,0
BRF:6
BRH:0
end_of_record
TN:
SF:/Users/oker/Desktop/Projects/OKX/sor_smartcontract_dev/contracts/8/adapter/CurveV2Adapter.sol
FN:15,constructor
FN:19,_curveSwap
FN:70,sellBase
FN:78,sellQuote
FNF:4
FNH:0
FNDA:0,constructor
FNDA:0,_curveSwap
FNDA:0,sellBase
FNDA:0,sellQuote
DA:16,0
DA:24,0
DA:29,0
DA:30,0
DA:31,0
DA:32,0
DA:33,0
DA:34,0
DA:41,0
DA:42,0
DA:43,0
DA:52,0
DA:57,0
DA:58,0
DA:59,0
DA:60,0
DA:62,0
DA:75,0
DA:83,0
DA:89,0
DA:90,0
LF:21
LH:0
BRDA:31,1,0,0
BRDA:31,1,1,0
BRDA:57,2,0,0
BRDA:57,2,1,0
BRDA:58,3,0,0
BRDA:58,3,1,0
BRDA:89,4,0,0
BRDA:89,4,1,0
BRF:8
BRH:0
end_of_record
TN:
SF:/Users/oker/Desktop/Projects/OKX/sor_smartcontract_dev/contracts/8/adapter/DODOV2Adapter.sol
FN:8,sellBase
FN:16,sellQuote
FNF:2
FNH:0
FNDA:0,sellBase
FNDA:0,sellQuote
DA:13,0
DA:21,0
LF:2
LH:0
BRF:0
BRH:0
end_of_record
TN:
SF:/Users/oker/Desktop/Projects/OKX/sor_smartcontract_dev/contracts/8/adapter/KyberAdapter.sol
FN:15,sellBase
FN:46,sellQuote
FNF:2
FNH:0
FNDA:0,sellBase
FNDA:0,sellQuote
DA:20,0
DA:21,0
DA:28,0
DA:35,0
DA:37,0
DA:39,0
DA:42,0
DA:51,0
DA:52,0
DA:59,0
DA:64,0
DA:66,0
DA:68,0
DA:71,0
LF:14
LH:0
BRDA:28,1,0,0
BRDA:28,1,1,0
BRDA:59,2,0,0
BRDA:59,2,1,0
BRF:4
BRH:0
end_of_record
TN:
SF:/Users/oker/Desktop/Projects/OKX/sor_smartcontract_dev/contracts/8/adapter/PancakeAdapter.sol
FN:10,sellBase
FN:33,sellQuote
FNF:2
FNH:0
FNDA:0,sellBase
FNDA:0,sellQuote
DA:15,0
DA:16,0
DA:17,0
DA:22,0
DA:23,0
DA:25,0
DA:26,0
DA:27,0
DA:28,0
DA:29,0
DA:38,0
DA:39,0
DA:40,0
DA:45,0
DA:46,0
DA:48,0
DA:49,0
DA:50,0
DA:51,0
DA:52,0
LF:20
LH:0
BRDA:17,1,0,0
BRDA:17,1,1,0
BRDA:40,2,0,0
BRDA:40,2,1,0
BRF:4
BRH:0
end_of_record
TN:
SF:/Users/oker/Desktop/Projects/OKX/sor_smartcontract_dev/contracts/8/adapter/PMMAdapter.sol
FN:15,constructor
FN:20,_pmmSwap
FN:70,sellBase
FN:82,sellQuote
FNF:4
FNH:0
FNDA:0,constructor
FNDA:0,_pmmSwap
FNDA:0,sellBase
FNDA:0,sellQuote
DA:16,0
DA:17,0
DA:25,0
DA:30,0
DA:33,0
DA:34,0
DA:35,0
DA:41,0
DA:43,0
DA:50,0
DA:51,0
DA:52,0
DA:58,0
DA:59,0
DA:60,0
DA:67,0
DA:75,0
DA:79,0
DA:87,0
DA:91,0
LF:20
LH:0
BRDA:51,1,0,0
BRDA:51,1,1,0
BRDA:59,2,0,0
BRDA:59,2,1,0
BRDA:75,3,0,0
BRDA:75,3,1,0
BRDA:87,4,0,0
BRDA:87,4,1,0
BRF:8
BRH:0
end_of_record
TN:
SF:/Users/oker/Desktop/Projects/OKX/sor_smartcontract_dev/contracts/8/adapter/UniAdapter.sol
FN:13,sellBase
FN:36,sellQuote
FNF:2
FNH:0
FNDA:0,sellBase
FNDA:0,sellQuote
DA:18,0
DA:19,0
DA:20,0
DA:25,0
DA:26,0
DA:28,0
DA:29,0
DA:30,0
DA:31,0
DA:32,0
DA:41,0
DA:42,0
DA:43,0
DA:48,0
DA:49,0
DA:51,0
DA:52,0
DA:53,0
DA:54,0
DA:55,0
LF:20
LH:0
BRDA:20,1,0,0
BRDA:20,1,1,0
BRDA:43,2,0,0
BRDA:43,2,1,0
BRF:4
BRH:0
end_of_record
TN:
SF:/Users/oker/Desktop/Projects/OKX/sor_smartcontract_dev/contracts/8/adapter/UniV3Adapter.sol
FN:21,constructor
FN:25,_uniV3Swap
FN:54,sellBase
FN:66,sellQuote
FN:79,uniswapV3SwapCallback
FN:105,pay
FNF:6
FNH:0
FNDA:0,constructor
FNDA:0,_uniV3Swap
FNDA:0,sellBase
FNDA:0,sellQuote
FNDA:0,uniswapV3SwapCallback
FNDA:0,pay
DA:22,0
DA:31,0
DA:36,0
DA:37,0
DA:39,0
DA:59,0
DA:63,0
DA:71,0
DA:75,0
DA:84,0
DA:85,0
DA:90,0
DA:93,0
DA:94,0
DA:96,0
DA:97,0
DA:111,0
DA:113,0
DA:114,0
DA:117,0
DA:120,0
LF:21
LH:0
BRDA:84,1,0,0
BRDA:84,1,1,0
BRDA:93,2,0,0
BRDA:93,2,1,0
BRDA:111,3,0,0
BRDA:111,3,1,0
BRDA:115,4,0,0
BRDA:115,4,1,0
BRF:8
BRH:0
end_of_record
TN:
SF:/Users/oker/Desktop/Projects/OKX/sor_smartcontract_dev/contracts/8/DexRouter.sol
FN:49,initialize
FN:75,isExpired
FN:84,_exeForks
FN:113,_exeHop
FN:151,_deposit
FN:169,_transferTokenToUser
FN:188,_tryPmmSwap
FN:257,bytes32ToAddress
FN:263,isReplace
FN:269,isHopReplace
FN:275,getPmmIIndex
FN:281,getPmmJIndex
FN:291,setApproveProxy
FN:297,setWNativeRelayer
FN:312,smartSwap
FN:367,smartSwapWithPermit
FNF:16
FNH:0
FNDA:0,initialize
FNDA:0,isExpired
FNDA:0,_exeForks
FNDA:0,_exeHop
FNDA:0,_deposit
FNDA:0,_transferTokenToUser
FNDA:0,_tryPmmSwap
FNDA:0,bytes32ToAddress
FNDA:0,isReplace
FNDA:0,isHopReplace
FNDA:0,getPmmIIndex
FNDA:0,getPmmJIndex
FNDA:0,setApproveProxy
FNDA:0,setWNativeRelayer
FNDA:0,smartSwap
FNDA:0,smartSwapWithPermit
DA:50,0
DA:51,0
DA:76,0
DA:77,0
DA:85,0
DA:88,0
DA:89,0
DA:90,0
DA:91,0
DA:92,0
DA:93,0
DA:98,0
DA:99,0
DA:100,0
DA:101,0
DA:103,0
DA:104,0
DA:105,0
DA:107,0
DA:109,0
DA:118,0
DA:119,0
DA:122,0
DA:123,0
DA:124,0
DA:125,0
DA:126,0
DA:131,0
DA:132,0
DA:133,0
DA:134,0
DA:138,0
DA:139,0
DA:140,0
DA:141,0
DA:142,0
DA:147,0
DA:157,0
DA:158,0
DA:159,0
DA:160,0
DA:161,0
DA:165,0
DA:170,0
DA:171,0
DA:172,0
DA:173,0
DA:174,0
DA:176,0
DA:177,0
DA:178,0
DA:181,0
DA:182,0
DA:183,0
DA:193,0
DA:194,0
DA:195,0
DA:196,0
DA:198,0
DA:200,0
DA:205,0
DA:206,0
DA:207,0
DA:217,0
DA:220,0
DA:221,0
DA:222,0
DA:232,0
DA:235,0
DA:236,0
DA:238,0
DA:239,0
DA:240,0
DA:241,0
DA:242,0
DA:243,0
DA:244,0
DA:254,0
DA:258,0
DA:264,0
DA:270,0
DA:276,0
DA:282,0
DA:292,0
DA:294,0
DA:298,0
DA:300,0
DA:314,0
DA:315,0
DA:316,0
DA:317,0
DA:318,0
DA:320,0
DA:322,0
DA:323,0
DA:324,0
DA:326,0
DA:333,0
DA:334,0
DA:335,0
DA:336,0
DA:337,0
DA:338,0
DA:339,0
DA:340,0
DA:345,0
DA:347,0
DA:351,0
DA:352,0
DA:355,0
DA:356,0
DA:358,0
DA:368,0
DA:369,0
LF:114
LH:0
BRDA:76,1,0,0
BRDA:76,1,1,0
BRDA:98,2,0,0
BRDA:98,2,1,0
BRDA:104,3,0,0
BRDA:104,3,1,0
BRDA:122,4,0,0
BRDA:122,4,1,0
BRDA:125,5,0,0
BRDA:125,5,1,0
BRDA:132,6,0,0
BRDA:132,6,1,0
BRDA:138,7,0,0
BRDA:138,7,1,0
BRDA:141,8,0,0
BRDA:141,8,1,0
BRDA:157,9,0,0
BRDA:157,9,1,0
BRDA:158,10,0,0
BRDA:158,10,1,0
BRDA:160,11,0,0
BRDA:160,11,1,0
BRDA:170,12,0,0
BRDA:170,12,1,0
BRDA:172,13,0,0
BRDA:172,13,1,0
BRDA:177,14,0,0
BRDA:177,14,1,0
BRDA:182,15,0,0
BRDA:182,15,1,0
BRDA:196,16,0,0
BRDA:196,16,1,0
BRDA:205,17,0,0
BRDA:205,17,1,0
BRDA:220,18,0,0
BRDA:220,18,1,0
BRDA:315,19,0,0
BRDA:315,19,1,0
BRDA:326,20,0,0
BRDA:326,20,1,0
BRDA:333,21,0,0
BRDA:333,21,1,0
BRDA:335,22,0,0
BRDA:335,22,1,0
BRDA:338,23,0,0
BRDA:338,23,1,0
BRDA:356,24,0,0
BRDA:356,24,1,0
BRF:48
BRH:0
end_of_record
TN:
SF:/Users/oker/Desktop/Projects/OKX/sor_smartcontract_dev/contracts/8/interfaces/IAdapter.sol
FNF:0
FNH:0
LF:0
LH:0
BRF:0
BRH:0
end_of_record
TN:
SF:/Users/oker/Desktop/Projects/OKX/sor_smartcontract_dev/contracts/8/interfaces/IAdapterWithResult.sol
FNF:0
FNH:0
LF:0
LH:0
BRF:0
BRH:0
end_of_record
TN:
SF:/Users/oker/Desktop/Projects/OKX/sor_smartcontract_dev/contracts/8/interfaces/IApprove.sol
FNF:0
FNH:0
LF:0
LH:0
BRF:0
BRH:0
end_of_record
TN:
SF:/Users/oker/Desktop/Projects/OKX/sor_smartcontract_dev/contracts/8/interfaces/IApproveProxy.sol
FNF:0
FNH:0
LF:0
LH:0
BRF:0
BRH:0
end_of_record
TN:
SF:/Users/oker/Desktop/Projects/OKX/sor_smartcontract_dev/contracts/8/interfaces/IBalancer.sol
FNF:0
FNH:0
LF:0
LH:0
BRF:0
BRH:0
end_of_record
TN:
SF:/Users/oker/Desktop/Projects/OKX/sor_smartcontract_dev/contracts/8/interfaces/IBalancerV2Vault.sol
FNF:0
FNH:0
LF:0
LH:0
BRF:0
BRH:0
end_of_record
TN:
SF:/Users/oker/Desktop/Projects/OKX/sor_smartcontract_dev/contracts/8/interfaces/IBancorNetwork.sol
FNF:0
FNH:0
LF:0
LH:0
BRF:0
BRH:0
end_of_record
TN:
SF:/Users/oker/Desktop/Projects/OKX/sor_smartcontract_dev/contracts/8/interfaces/IBiswapPair.sol
FNF:0
FNH:0
LF:0
LH:0
BRF:0
BRH:0
end_of_record
TN:
SF:/Users/oker/Desktop/Projects/OKX/sor_smartcontract_dev/contracts/8/interfaces/ICurve.sol
FNF:0
FNH:0
LF:0
LH:0
BRF:0
BRH:0
end_of_record
TN:
SF:/Users/oker/Desktop/Projects/OKX/sor_smartcontract_dev/contracts/8/interfaces/ICurveV2.sol
FNF:0
FNH:0
LF:0
LH:0
BRF:0
BRH:0
end_of_record
TN:
SF:/Users/oker/Desktop/Projects/OKX/sor_smartcontract_dev/contracts/8/interfaces/IDaiLikePermit.sol
FNF:0
FNH:0
LF:0
LH:0
BRF:0
BRH:0
end_of_record
TN:
SF:/Users/oker/Desktop/Projects/OKX/sor_smartcontract_dev/contracts/8/interfaces/IDexAggProxy.sol
FNF:0
FNH:0
LF:0
LH:0
BRF:0
BRH:0
end_of_record
TN:
SF:/Users/oker/Desktop/Projects/OKX/sor_smartcontract_dev/contracts/8/interfaces/IDODOV2.sol
FNF:0
FNH:0
LF:0
LH:0
BRF:0
BRH:0
end_of_record
TN:
SF:/Users/oker/Desktop/Projects/OKX/sor_smartcontract_dev/contracts/8/interfaces/IERC20.sol
FNF:0
FNH:0
LF:0
LH:0
BRF:0
BRH:0
end_of_record
TN:
SF:/Users/oker/Desktop/Projects/OKX/sor_smartcontract_dev/contracts/8/interfaces/IERC20Permit.sol
FNF:0
FNH:0
LF:0
LH:0
BRF:0
BRH:0
end_of_record
TN:
SF:/Users/oker/Desktop/Projects/OKX/sor_smartcontract_dev/contracts/8/interfaces/IKyber.sol
FNF:0
FNH:0
LF:0
LH:0
BRF:0
BRH:0
end_of_record
TN:
SF:/Users/oker/Desktop/Projects/OKX/sor_smartcontract_dev/contracts/8/interfaces/IMarketMaker.sol
FNF:0
FNH:0
LF:0
LH:0
BRF:0
BRH:0
end_of_record
TN:
SF:/Users/oker/Desktop/Projects/OKX/sor_smartcontract_dev/contracts/8/interfaces/IUni.sol
FNF:0
FNH:0
LF:0
LH:0
BRF:0
BRH:0
end_of_record
TN:
SF:/Users/oker/Desktop/Projects/OKX/sor_smartcontract_dev/contracts/8/interfaces/IUniswapV2Callee.sol
FNF:0
FNH:0
LF:0
LH:0
BRF:0
BRH:0
end_of_record
TN:
SF:/Users/oker/Desktop/Projects/OKX/sor_smartcontract_dev/contracts/8/interfaces/IUniswapV2ERC20.sol
FNF:0
FNH:0
LF:0
LH:0
BRF:0
BRH:0
end_of_record
TN:
SF:/Users/oker/Desktop/Projects/OKX/sor_smartcontract_dev/contracts/8/interfaces/IUniswapV2Factory.sol
FNF:0
FNH:0
LF:0
LH:0
BRF:0
BRH:0
end_of_record
TN:
SF:/Users/oker/Desktop/Projects/OKX/sor_smartcontract_dev/contracts/8/interfaces/IUniswapV2Pair.sol
FNF:0
FNH:0
LF:0
LH:0
BRF:0
BRH:0
end_of_record
TN:
SF:/Users/oker/Desktop/Projects/OKX/sor_smartcontract_dev/contracts/8/interfaces/IUniswapV3SwapCallback.sol
FNF:0
FNH:0
LF:0
LH:0
BRF:0
BRH:0
end_of_record
TN:
SF:/Users/oker/Desktop/Projects/OKX/sor_smartcontract_dev/contracts/8/interfaces/IUniV3.sol
FNF:0
FNH:0
LF:0
LH:0
BRF:0
BRH:0
end_of_record
TN:
SF:/Users/oker/Desktop/Projects/OKX/sor_smartcontract_dev/contracts/8/interfaces/IUnswapRouter02.sol
FNF:0
FNH:0
LF:0
LH:0
BRF:0
BRH:0
end_of_record
TN:
SF:/Users/oker/Desktop/Projects/OKX/sor_smartcontract_dev/contracts/8/interfaces/IWETH.sol
FNF:0
FNH:0
LF:0
LH:0
BRF:0
BRH:0
end_of_record
TN:
SF:/Users/oker/Desktop/Projects/OKX/sor_smartcontract_dev/contracts/8/interfaces/IWNativeRelayer.sol
FNF:0
FNH:0
LF:0
LH:0
BRF:0
BRH:0
end_of_record
TN:
SF:/Users/oker/Desktop/Projects/OKX/sor_smartcontract_dev/contracts/8/interfaces/pancake/IPancakePair.sol
FNF:0
FNH:0
LF:0
LH:0
BRF:0
BRH:0
end_of_record
TN:
SF:/Users/oker/Desktop/Projects/OKX/sor_smartcontract_dev/contracts/8/libraries/Address.sol
FN:25,isContract
FN:44,toPayable
FN:70,sendValue
FNF:3
FNH:0
FNDA:0,isContract
FNDA:0,toPayable
FNDA:0,sendValue
DA:29,0
DA:30,0
DA:32,0
DA:35,0
DA:49,0
DA:71,0
DA:77,0
DA:78,0
LF:8
LH:0
BRDA:71,1,0,0
BRDA:71,1,1,0
BRDA:78,2,0,0
BRDA:78,2,1,0
BRF:4
BRH:0
end_of_record
TN:
SF:/Users/oker/Desktop/Projects/OKX/sor_smartcontract_dev/contracts/8/libraries/AddressSetLib.sol
FN:10,contains
FN:22,getPage
FN:46,add
FN:54,remove
FNF:4
FNH:0
FNDA:0,contains
FNDA:0,getPage
FNDA:0,add
FNDA:0,remove
DA:15,0
DA:16,0
DA:18,0
DA:19,0
DA:28,0
DA:31,0
DA:32,0
DA:34,0
DA:35,0
DA:38,0
DA:39,0
DA:40,0
DA:41,0
DA:43,0
DA:48,0
DA:49,0
DA:50,0
DA:55,0
DA:56,0
DA:57,0
DA:58,0
DA:59,0
DA:60,0
DA:61,0
DA:63,0
DA:64,0
LF:26
LH:0
BRDA:15,1,0,0
BRDA:15,1,1,0
BRDA:31,2,0,0
BRDA:31,2,1,0
BRDA:34,3,0,0
BRDA:34,3,1,0
BRDA:48,4,0,0
BRDA:48,4,1,0
BRDA:55,5,0,0
BRDA:55,5,1,0
BRDA:58,6,0,0
BRDA:58,6,1,0
BRF:12
BRH:0
end_of_record
TN:
SF:/Users/oker/Desktop/Projects/OKX/sor_smartcontract_dev/contracts/8/libraries/DecimalMath.sol
FN:14,mulFloor
FN:22,mulCeil
FN:30,divFloor
FN:38,divCeil
FN:46,reciprocalFloor
FN:50,reciprocalCeil
FNF:6
FNH:0
FNDA:0,mulFloor
FNDA:0,mulCeil
FNDA:0,divFloor
FNDA:0,divCeil
FNDA:0,reciprocalFloor
FNDA:0,reciprocalCeil
DA:19,0
DA:27,0
DA:35,0
DA:43,0
DA:47,0
DA:51,0
LF:6
LH:0
BRF:0
BRH:0
end_of_record
TN:
SF:/Users/oker/Desktop/Projects/OKX/sor_smartcontract_dev/contracts/8/libraries/draft-EIP712Upgradable.sol
FN:53,_EIP712_init
FN:70,_domainSeparatorV4
FN:78,_buildDomainSeparator
FN:101,_hashTypedDataV4
FNF:4
FNH:0
FNDA:0,_EIP712_init
FNDA:0,_domainSeparatorV4
FNDA:0,_buildDomainSeparator
FNDA:0,_hashTypedDataV4
DA:54,0
DA:55,0
DA:56,0
DA:59,0
DA:60,0
DA:61,0
DA:62,0
DA:63,0
DA:64,0
DA:71,0
DA:72,0
DA:74,0
DA:83,0
DA:102,0
LF:14
LH:0
BRDA:71,1,0,0
BRDA:71,1,1,0
BRF:2
BRH:0
end_of_record
TN:
SF:/Users/oker/Desktop/Projects/OKX/sor_smartcontract_dev/contracts/8/libraries/ECDSA.sol
FN:23,_throwError
FN:57,tryRecover
FN:102,recover
FN:115,tryRecover
FN:130,recover
FN:146,tryRecover
FN:181,recover
FN:200,toEthSignedMessageHash
FN:214,toEthSignedMessageHash
FN:227,toTypedDataHash
FNF:10
FNH:0
FNDA:0,_throwError
FNDA:0,tryRecover
FNDA:0,recover
FNDA:0,tryRecover
FNDA:0,recover
FNDA:0,tryRecover
FNDA:0,recover
FNDA:0,toEthSignedMessageHash
FNDA:0,toEthSignedMessageHash
FNDA:0,toTypedDataHash
DA:24,0
DA:25,0
DA:27,0
DA:29,0
DA:31,0
DA:33,0
DA:61,0
DA:62,0
DA:63,0
DA:64,0
DA:67,0
DA:72,0
DA:74,0
DA:75,0
DA:78,0
DA:82,0
DA:84,0
DA:103,0
DA:104,0
DA:105,0
DA:120,0
DA:121,0
DA:122,0
DA:135,0
DA:136,0
DA:137,0
DA:161,0
DA:162,0
DA:164,0
DA:165,0
DA:169,0
DA:170,0
DA:171,0
DA:174,0
DA:187,0
DA:188,0
DA:189,0
DA:203,0
DA:215,0
DA:228,0
LF:40
LH:0
BRDA:24,1,0,0
BRDA:24,1,1,0
BRDA:26,2,0,0
BRDA:26,2,1,0
BRDA:28,3,0,0
BRDA:28,3,1,0
BRDA:30,4,0,0
BRDA:30,4,1,0
BRDA:32,5,0,0
BRDA:32,5,1,0
BRDA:61,6,0,0
BRDA:61,6,1,0
BRDA:73,7,0,0
BRDA:73,7,1,0
BRDA:161,8,0,0
BRDA:161,8,1,0
BRDA:164,9,0,0
BRDA:164,9,1,0
BRDA:170,10,0,0
BRDA:170,10,1,0
BRF:20
BRH:0
end_of_record
TN:
SF:/Users/oker/Desktop/Projects/OKX/sor_smartcontract_dev/contracts/8/libraries/Math.sol
FN:6,min
FN:11,sqrt
FNF:2
FNH:0
FNDA:0,min
FNDA:0,sqrt
DA:7,0
DA:12,0
DA:13,0
DA:14,0
DA:15,0
DA:16,0
DA:17,0
DA:20,0
LF:8
LH:0
BRDA:12,1,0,0
BRDA:12,1,1,0
BRDA:19,2,0,0
BRDA:19,2,1,0
BRF:4
BRH:0
end_of_record
TN:
SF:/Users/oker/Desktop/Projects/OKX/sor_smartcontract_dev/contracts/8/libraries/RevertReasonParser.sol
FN:16,parse
FN:69,_toHex
FN:73,_toHex
FNF:3
FNH:0
FNDA:0,parse
FNDA:0,_toHex
FNDA:0,_toHex
DA:21,0
DA:22,0
DA:23,0
DA:29,0
DA:30,0
DA:31,0
DA:33,0
DA:45,0
DA:49,0
DA:53,0
DA:55,0
DA:59,0
DA:66,0
DA:70,0
DA:74,0
DA:75,0
DA:76,0
DA:77,0
DA:78,0
DA:79,0
DA:80,0
DA:82,0
LF:22
LH:0
BRDA:21,1,0,0
BRDA:21,1,1,0
BRDA:29,2,0,0
BRDA:29,2,1,0
BRDA:45,3,0,0
BRDA:45,3,1,0
BRDA:52,4,0,0
BRDA:52,4,1,0
BRF:8
BRH:0
end_of_record
TN:
SF:/Users/oker/Desktop/Projects/OKX/sor_smartcontract_dev/contracts/8/libraries/SafeERC20.sol
FN:21,safeTransfer
FN:32,safeTransferFrom
FN:44,safeApprove
FN:63,safeIncreaseAllowance
FN:81,safeDecreaseAllowance
FN:106,callOptionalReturn
FNF:6
FNH:0
FNDA:0,safeTransfer
FNDA:0,safeTransferFrom
FNDA:0,safeApprove
FNDA:0,safeIncreaseAllowance
FNDA:0,safeDecreaseAllowance
FNDA:0,callOptionalReturn
DA:26,0
DA:38,0
DA:53,0
DA:57,0
DA:68,0
DA:71,0
DA:86,0
DA:90,0
DA:115,0
DA:118,0
DA:119,0
DA:121,0
DA:124,0
LF:13
LH:0
BRDA:53,1,0,0
BRDA:53,1,1,0
BRDA:115,2,0,0
BRDA:115,2,1,0
BRDA:119,3,0,0
BRDA:119,3,1,0
BRDA:121,4,0,0
BRDA:121,4,1,0
BRDA:124,5,0,0
BRDA:124,5,1,0
BRF:10
BRH:0
end_of_record
TN:
SF:/Users/oker/Desktop/Projects/OKX/sor_smartcontract_dev/contracts/8/libraries/SafeMath.sol
FN:8,wad
FN:12,ray
FN:16,add
FN:23,sub
FN:27,sub
FN:38,mul
FN:52,div
FN:56,div
FN:69,mod
FN:73,mod
FN:82,min
FN:86,max
FN:90,sqrt
FN:103,wmul
FN:107,wmulRound
FN:111,rmul
FN:115,rmulRound
FN:119,wdiv
FN:123,wdivRound
FN:127,rdiv
FN:131,rdivRound
FN:135,wpow
FN:147,rpow
FN:159,divCeil
FNF:24
FNH:0
FNDA:0,wad
FNDA:0,ray
FNDA:0,add
FNDA:0,sub
FNDA:0,sub
FNDA:0,mul
FNDA:0,div
FNDA:0,div
FNDA:0,mod
FNDA:0,mod
FNDA:0,min
FNDA:0,max
FNDA:0,sqrt
FNDA:0,wmul
FNDA:0,wmulRound
FNDA:0,rmul
FNDA:0,rmulRound
FNDA:0,wdiv
FNDA:0,wdivRound
FNDA:0,rdiv
FNDA:0,rdivRound
FNDA:0,wpow
FNDA:0,rpow
FNDA:0,divCeil
DA:9,0
DA:13,0
DA:17,0
DA:18,0
DA:20,0
DA:24,0
DA:32,0
DA:33,0
DA:35,0
DA:42,0
DA:43,0
DA:46,0
DA:47,0
DA:49,0
DA:53,0
DA:62,0
DA:63,0
DA:66,0
DA:70,0
DA:78,0
DA:79,0
DA:83,0
DA:87,0
DA:91,0
DA:92,0
DA:93,0
DA:94,0
DA:95,0
DA:96,0
DA:99,0
DA:104,0
DA:108,0
DA:112,0
DA:116,0
DA:120,0
DA:124,0
DA:128,0
DA:132,0
DA:136,0
DA:137,0
DA:138,0
DA:139,0
DA:141,0
DA:142,0
DA:144,0
DA:148,0
DA:149,0
DA:150,0
DA:151,0
DA:153,0
DA:154,0
DA:156,0
DA:160,0
DA:161,0
DA:162,0
DA:163,0
DA:165,0
LF:57
LH:0
BRDA:18,1,0,0
BRDA:18,1,1,0
BRDA:32,2,0,0
BRDA:32,2,1,0
BRDA:42,3,0,0
BRDA:42,3,1,0
BRDA:47,4,0,0
BRDA:47,4,1,0
BRDA:62,5,0,0
BRDA:62,5,1,0
BRDA:78,6,0,0
BRDA:78,6,1,0
BRDA:91,7,0,0
BRDA:91,7,1,0
BRDA:98,8,0,0
BRDA:98,8,1,0
BRDA:138,9,0,0
BRDA:138,9,1,0
BRDA:150,10,0,0
BRDA:150,10,1,0
BRDA:162,11,0,0
BRDA:162,11,1,0
BRF:22
BRH:0
end_of_record
TN:
SF:/Users/oker/Desktop/Projects/OKX/sor_smartcontract_dev/contracts/8/libraries/SafeToken.sol
FN:9,myBalance
FN:13,balanceOf
FN:21,safeApprove
FN:36,safeTransfer
FN:51,safeTransferFrom
FN:67,safeTransferETH
FNF:6
FNH:0
FNDA:0,myBalance
FNDA:0,balanceOf
FNDA:0,safeApprove
FNDA:0,safeTransfer
FNDA:0,safeTransferFrom
FNDA:0,safeTransferETH
DA:10,0
DA:18,0
DA:27,0
DA:30,0
DA:42,0
DA:45,0
DA:58,0
DA:61,0
DA:69,0
DA:70,0
LF:10
LH:0
BRDA:30,1,0,0
BRDA:30,1,1,0
BRDA:45,2,0,0
BRDA:45,2,1,0
BRDA:61,3,0,0
BRDA:61,3,1,0
BRDA:70,4,0,0
BRDA:70,4,1,0
BRF:8
BRH:0
end_of_record
TN:
SF:/Users/oker/Desktop/Projects/OKX/sor_smartcontract_dev/contracts/8/libraries/Strings.sol
FN:15,toString
FN:40,toHexString
FN:56,toHexString
FNF:3
FNH:0
FNDA:0,toString
FNDA:0,toHexString
FNDA:0,toHexString
DA:19,0
DA:20,0
DA:22,0
DA:23,0
DA:24,0
DA:25,0
DA:26,0
DA:28,0
DA:29,0
DA:30,0
DA:31,0
DA:32,0
DA:34,0
DA:41,0
DA:42,0
DA:44,0
DA:45,0
DA:46,0
DA:47,0
DA:48,0
DA:50,0
DA:57,0
DA:58,0
DA:59,0
DA:60,0
DA:61,0
DA:62,0
DA:64,0
DA:65,0
LF:29
LH:0
BRDA:19,1,0,0
BRDA:19,1,1,0
BRDA:41,2,0,0
BRDA:41,2,1,0
BRDA:64,3,0,0
BRDA:64,3,1,0
BRF:6
BRH:0
end_of_record
TN:
SF:/Users/oker/Desktop/Projects/OKX/sor_smartcontract_dev/contracts/8/libraries/TickMath.sol
FN:24,getSqrtRatioAtTick
FN:91,getTickAtSqrtRatio
FNF:2
FNH:0
FNDA:0,getSqrtRatioAtTick
FNDA:0,getTickAtSqrtRatio
DA:29,0
DA:32,0
DA:34,0
DA:37,0
DA:38,0
DA:39,0
DA:40,0
DA:41,0
DA:42,0
DA:43,0
DA:44,0
DA:45,0
DA:46,0
DA:47,0
DA:48,0
DA:49,0
DA:50,0
DA:51,0
DA:52,0
DA:53,0
DA:54,0
DA:55,0
DA:56,0
DA:57,0
DA:58,0
DA:59,0
DA:60,0
DA:61,0
DA:62,0
DA:63,0
DA:64,0
DA:65,0
DA:66,0
DA:67,0
DA:68,0
DA:69,0
DA:70,0
DA:71,0
DA:72,0
DA:73,0
DA:74,0
DA:76,0
DA:81,0
DA:97,0
DA:101,0
DA:103,0
DA:104,0
DA:106,0
DA:111,0
DA:116,0
DA:121,0
DA:126,0
DA:131,0
DA:136,0
DA:141,0
DA:146,0
DA:149,0
DA:151,0
DA:157,0
DA:163,0
DA:169,0
DA:175,0
DA:181,0
DA:187,0
DA:193,0
DA:199,0
DA:205,0
DA:211,0
DA:217,0
DA:223,0
DA:229,0
DA:235,0
DA:237,0
DA:240,0
DA:244,0
LF:75
LH:0
BRDA:32,1,0,0
BRDA:32,1,1,0
BRDA:37,2,0,0
BRDA:37,2,1,0
BRDA:39,3,0,0
BRDA:39,3,1,0
BRDA:41,4,0,0
BRDA:41,4,1,0
BRDA:43,5,0,0
BRDA:43,5,1,0
BRDA:45,6,0,0
BRDA:45,6,1,0
BRDA:47,7,0,0
BRDA:47,7,1,0
BRDA:49,8,0,0
BRDA:49,8,1,0
BRDA:51,9,0,0
BRDA:51,9,1,0
BRDA:53,10,0,0
BRDA:53,10,1,0
BRDA:55,11,0,0
BRDA:55,11,1,0
BRDA:57,12,0,0
BRDA:57,12,1,0
BRDA:59,13,0,0
BRDA:59,13,1,0
BRDA:61,14,0,0
BRDA:61,14,1,0
BRDA:63,15,0,0
BRDA:63,15,1,0
BRDA:65,16,0,0
BRDA:65,16,1,0
BRDA:67,17,0,0
BRDA:67,17,1,0
BRDA:69,18,0,0
BRDA:69,18,1,0
BRDA:71,19,0,0
BRDA:71,19,1,0
BRDA:73,20,0,0
BRDA:73,20,1,0
BRDA:76,21,0,0
BRDA:76,21,1,0
BRDA:97,22,0,0
BRDA:97,22,1,0
BRDA:146,23,0,0
BRDA:146,23,1,0
BRF:46
BRH:0
end_of_record
TN:
SF:/Users/oker/Desktop/Projects/OKX/sor_smartcontract_dev/contracts/8/libraries/UniversalERC20.sol
FN:15,universalTransfer
FN:29,universalTransferFrom
FN:40,universalApproveMax
FN:54,universalBalanceOf
FN:66,tokenBalanceOf
FN:74,isETH
FNF:6
FNH:0
FNDA:0,universalTransfer
FNDA:0,universalTransferFrom
FNDA:0,universalApproveMax
FNDA:0,universalBalanceOf
FNDA:0,tokenBalanceOf
FNDA:0,isETH
DA:20,0
DA:21,0
DA:22,0
DA:24,0
DA:35,0
DA:36,0
DA:45,0
DA:46,0
DA:47,0
DA:48,0
DA:50,0
DA:59,0
DA:60,0
DA:62,0
DA:71,0
DA:75,0
LF:16
LH:0
BRDA:20,1,0,0
BRDA:20,1,1,0
BRDA:21,2,0,0
BRDA:21,2,1,0
BRDA:35,3,0,0
BRDA:35,3,1,0
BRDA:46,4,0,0
BRDA:46,4,1,0
BRDA:47,5,0,0
BRDA:47,5,1,0
BRDA:59,6,0,0
BRDA:59,6,1,0
BRF:12
BRH:0
end_of_record
TN:
SF:/Users/oker/Desktop/Projects/OKX/sor_smartcontract_dev/contracts/8/libraries/UQ112x112.sol
FN:12,encode
FN:17,uqdiv
FNF:2
FNH:0
FNDA:0,encode
FNDA:0,uqdiv
DA:13,0
DA:18,0
LF:2
LH:0
BRF:0
BRH:0
end_of_record
TN:
SF:/Users/oker/Desktop/Projects/OKX/sor_smartcontract_dev/contracts/8/libraries/ZeroCopySink.sol
FN:9,WriteBool
FN:32,WriteByte
FN:40,WriteUint8
FN:56,WriteUint16
FN:81,WriteUint32
FN:105,WriteUint64
FN:130,WriteUint255
FN:160,WriteVarBytes
FN:173,WriteVarUint
FNF:9
FNH:0
FNDA:0,WriteBool
FNDA:0,WriteByte
FNDA:0,WriteUint8
FNDA:0,WriteUint16
FNDA:0,WriteUint32
FNDA:0,WriteUint64
FNDA:0,WriteUint255
FNDA:0,WriteVarBytes
FNDA:0,WriteVarUint
DA:10,0
DA:11,0
DA:25,0
DA:33,0
DA:41,0
DA:42,0
DA:49,0
DA:57,0
DA:59,0
DA:74,0
DA:82,0
DA:83,0
DA:98,0
DA:106,0
DA:108,0
DA:123,0
DA:131,0
DA:136,0
DA:138,0
DA:153,0
DA:165,0
DA:166,0
DA:174,0
DA:175,0
DA:177,0
DA:179,0
DA:181,0
LF:27
LH:0
BRDA:131,1,0,0
BRDA:131,1,1,0
BRDA:174,2,0,0
BRDA:174,2,1,0
BRDA:176,3,0,0
BRDA:176,3,1,0
BRDA:178,4,0,0
BRDA:178,4,1,0
BRF:8
BRH:0
end_of_record
TN:
SF:/Users/oker/Desktop/Projects/OKX/sor_smartcontract_dev/contracts/8/libraries/ZeroCopySource.sol
FN:10,NextBool
FN:40,NextByte
FN:61,NextUint8
FN:86,NextUint16
FN:113,NextUint32
FN:147,NextUint64
FN:182,NextUint255
FN:222,NextVarBytes
FN:297,NextHash
FN:318,NextBytes20
FN:339,NextVarUint
FNF:11
FNH:0
FNDA:0,NextBool
FNDA:0,NextByte
FNDA:0,NextUint8
FNDA:0,NextUint16
FNDA:0,NextUint32
FNDA:0,NextUint64
FNDA:0,NextUint255
FNDA:0,NextVarBytes
FNDA:0,NextHash
FNDA:0,NextBytes20
FNDA:0,NextVarUint
DA:15,0
DA:20,0
DA:21,0
DA:24,0
DA:25,0
DA:26,0
DA:28,0
DA:30,0
DA:32,0
DA:45,0
DA:49,0
DA:50,0
DA:53,0
DA:66,0
DA:70,0
DA:71,0
DA:78,0
DA:91,0
DA:96,0
DA:97,0
DA:105,0
DA:118,0
DA:122,0
DA:123,0
DA:139,0
DA:152,0
DA:156,0
DA:157,0
DA:173,0
DA:187,0
DA:191,0
DA:192,0
DA:208,0
DA:213,0
DA:227,0
DA:228,0
DA:229,0
DA:233,0
DA:234,0
DA:289,0
DA:302,0
DA:306,0
DA:307,0
DA:310,0
DA:323,0
DA:327,0
DA:328,0
DA:331,0
DA:344,0
DA:345,0
DA:347,0
DA:348,0
DA:350,0
DA:351,0
DA:355,0
DA:358,0
DA:359,0
DA:363,0
DA:366,0
DA:367,0
DA:368,0
DA:371,0
DA:372,0
DA:373,0
LF:64
LH:0
BRDA:15,1,0,0
BRDA:15,1,1,0
BRDA:25,2,0,0
BRDA:25,2,1,0
BRDA:27,3,0,0
BRDA:27,3,1,0
BRDA:45,4,0,0
BRDA:45,4,1,0
BRDA:66,5,0,0
BRDA:66,5,1,0
BRDA:91,6,0,0
BRDA:91,6,1,0
BRDA:118,7,0,0
BRDA:118,7,1,0
BRDA:152,8,0,0
BRDA:152,8,1,0
BRDA:187,9,0,0
BRDA:187,9,1,0
BRDA:208,10,0,0
BRDA:208,10,1,0
BRDA:229,11,0,0
BRDA:229,11,1,0
BRDA:302,12,0,0
BRDA:302,12,1,0
BRDA:323,13,0,0
BRDA:323,13,1,0
BRDA:348,14,0,0
BRDA:348,14,1,0
BRDA:351,15,0,0
BRDA:351,15,1,0
BRDA:356,16,0,0
BRDA:356,16,1,0
BRDA:359,17,0,0
BRDA:359,17,1,0
BRDA:364,18,0,0
BRDA:364,18,1,0
BRDA:367,19,0,0
BRDA:367,19,1,0
BRDA:372,20,0,0
BRDA:372,20,1,0
BRF:40
BRH:0
end_of_record
TN:
SF:/Users/oker/Desktop/Projects/OKX/sor_smartcontract_dev/contracts/8/MarketMaker.sol
FN:111,initialize
FN:133,onlyPMMAdapter
FN:140,addPmmAdapter
FN:148,removePmmAdapter
FN:156,feeConfig
FN:165,setApproveProxy
FN:170,setBackEnd
FN:175,setCancelerGuardian
FN:180,setCanceler
FN:189,setUniV2Factory
FN:196,setOperator
FN:201,cancelQuotes
FN:209,queryOrderStatus
FN:221,swap
FN:274,hashOrder
FN:301,validateSigBatch
FN:331,validateOperatorSig
FN:338,validateBackEndSig
FN:345,updateOrder
FN:384,_getProtectedAmount
FN:407,_getProtectedAmountFromUniV2
FN:425,_getProtectedAmountFromUniV3
FN:444,getSourceDetails
FN:453,getDefaultSource
FNF:24
FNH:0
FNDA:0,initialize
FNDA:0,onlyPMMAdapter
FNDA:0,addPmmAdapter
FNDA:0,removePmmAdapter
FNDA:0,feeConfig
FNDA:0,setApproveProxy
FNDA:0,setBackEnd
FNDA:0,setCancelerGuardian
FNDA:0,setCanceler
FNDA:0,setUniV2Factory
FNDA:0,setOperator
FNDA:0,cancelQuotes
FNDA:0,queryOrderStatus
FNDA:0,swap
FNDA:0,hashOrder
FNDA:0,validateSigBatch
FNDA:0,validateOperatorSig
FNDA:0,validateBackEndSig
FNDA:0,updateOrder
FNDA:0,_getProtectedAmount
FNDA:0,_getProtectedAmountFromUniV2
FNDA:0,_getProtectedAmountFromUniV3
FNDA:0,getSourceDetails
FNDA:0,getDefaultSource
DA:112,0
DA:113,0
DA:114,0
DA:115,0
DA:116,0
DA:117,0
DA:124,0
DA:125,0
DA:126,0
DA:127,0
DA:128,0
DA:134,0
DA:135,0
DA:141,0
DA:142,0
DA:143,0
DA:145,0
DA:149,0
DA:150,0
DA:151,0
DA:153,0
DA:157,0
DA:158,0
DA:159,0
DA:160,0
DA:162,0
DA:166,0
DA:167,0
DA:171,0
DA:172,0
DA:176,0
DA:177,0
DA:181,0
DA:182,0
DA:183,0
DA:184,0
DA:186,0
DA:190,0
DA:191,0
DA:197,0
DA:198,0
DA:202,0
DA:203,0
DA:204,0
DA:206,0
DA:210,0
DA:211,0
DA:212,0
DA:213,0
DA:215,0
DA:222,0
DA:223,0
DA:224,0
DA:225,0
DA:227,0
DA:228,0
DA:229,0
DA:233,0
DA:234,0
DA:235,0
DA:236,0
DA:237,0
DA:240,0
DA:241,0
DA:242,0
DA:243,0
DA:246,0
DA:247,0
DA:248,0
DA:252,0
DA:253,0
DA:254,0
DA:255,0
DA:256,0
DA:258,0
DA:260,0
DA:263,0
DA:265,0
DA:275,0
DA:306,0
DA:307,0
DA:308,0
DA:309,0
DA:310,0
DA:317,0
DA:319,0
DA:320,0
DA:323,0
DA:324,0
DA:325,0
DA:328,0
DA:332,0
DA:333,0
DA:335,0
DA:339,0
DA:340,0
DA:342,0
DA:349,0
DA:350,0
DA:353,0
DA:354,0
DA:357,0
DA:359,0
DA:360,0
DA:364,0
DA:365,0
DA:366,0
DA:370,0
DA:372,0
DA:374,0
DA:375,0
DA:377,0
DA:379,0
DA:390,0
DA:391,0
DA:392,0
DA:393,0
DA:394,0
DA:396,0
DA:398,0
DA:399,0
DA:401,0
DA:412,0
DA:413,0
DA:414,0
DA:416,0
DA:417,0
DA:419,0
DA:430,0
DA:431,0
DA:432,0
DA:434,0
DA:436,0
DA:439,0
DA:445,0
DA:454,0
DA:455,0
DA:456,0
DA:457,0
DA:459,0
DA:460,0
LF:141
LH:0
BRDA:114,1,0,0
BRDA:114,1,1,0
BRDA:115,2,0,0
BRDA:115,2,1,0
BRDA:116,3,0,0
BRDA:116,3,1,0
BRDA:117,4,0,0
BRDA:117,4,1,0
BRDA:134,5,0,0
BRDA:134,5,1,0
BRDA:141,6,0,0
BRDA:141,6,1,0
BRDA:142,7,0,0
BRDA:142,7,1,0
BRDA:149,8,0,0
BRDA:149,8,1,0
BRDA:150,9,0,0
BRDA:150,9,1,0
BRDA:157,10,0,0
BRDA:157,10,1,0
BRDA:158,11,0,0
BRDA:158,11,1,0
BRDA:181,12,0,0
BRDA:181,12,1,0
BRDA:182,13,0,0
BRDA:182,13,1,0
BRDA:202,14,0,0
BRDA:202,14,1,0
BRDA:224,15,0,0
BRDA:224,15,1,0
BRDA:228,16,0,0
BRDA:228,16,1,0
BRDA:241,17,0,0
BRDA:241,17,1,0
BRDA:247,18,0,0
BRDA:247,18,1,0
BRDA:253,19,0,0
BRDA:253,19,1,0
BRDA:319,20,0,0
BRDA:319,20,1,0
BRDA:324,21,0,0
BRDA:324,21,1,0
BRDA:332,22,0,0
BRDA:332,22,1,0
BRDA:339,23,0,0
BRDA:339,23,1,0
BRDA:349,24,0,0
BRDA:349,24,1,0
BRDA:353,25,0,0
BRDA:353,25,1,0
BRDA:359,26,0,0
BRDA:359,26,1,0
BRDA:364,27,0,0
BRDA:364,27,1,0
BRDA:370,28,0,0
BRDA:370,28,1,0
BRDA:374,29,0,0
BRDA:374,29,1,0
BRDA:393,30,0,0
BRDA:393,30,1,0
BRDA:398,31,0,0
BRDA:398,31,1,0
BRDA:400,32,0,0
BRDA:400,32,1,0
BRDA:413,33,0,0
BRDA:413,33,1,0
BRDA:416,34,0,0
BRDA:416,34,1,0
BRDA:431,35,0,0
BRDA:431,35,1,0
BRDA:434,36,0,0
BRDA:434,36,1,0
BRDA:456,37,0,0
BRDA:456,37,1,0
BRF:74
BRH:0
end_of_record
TN:
SF:/Users/oker/Desktop/Projects/OKX/sor_smartcontract_dev/contracts/8/mock/ERC20Permit.sol
FN:27,constructor
FN:37,permit
FN:115,nonces
FN:119,_updateDomainSeparator
FN:141,_domainSeparator
FN:151,_chainID
FN:160,_recover
FNF:7
FNH:0
FNDA:0,constructor
FNDA:0,permit
FNDA:0,nonces
FNDA:0,_updateDomainSeparator
FNDA:0,_domainSeparator
FNDA:0,_chainID
FNDA:0,_recover
DA:28,0
DA:46,0
DA:60,0
DA:61,0
DA:63,0
DA:81,0
DA:88,0
DA:90,0
DA:104,0
DA:106,0
DA:108,0
DA:109,0
DA:116,0
DA:120,0
DA:123,0
DA:135,0
DA:137,0
DA:142,0
DA:144,0
DA:145,0
DA:148,0
DA:152,0
DA:153,0
DA:157,0
DA:175,0
DA:179,0
DA:182,0
DA:183,0
DA:187,0
DA:188,0
DA:190,0
LF:31
LH:0
BRDA:46,1,0,0
BRDA:46,1,1,0
BRDA:106,2,0,0
BRDA:106,2,1,0
BRDA:144,3,0,0
BRDA:144,3,1,0
BRDA:175,4,0,0
BRDA:175,4,1,0
BRDA:182,5,0,0
BRDA:182,5,1,0
BRDA:188,6,0,0
BRDA:188,6,1,0
BRF:12
BRH:0
end_of_record
TN:
SF:/Users/oker/Desktop/Projects/OKX/sor_smartcontract_dev/contracts/8/mock/ERC20PermitMock.sol
FN:11,constructor
FNF:1
FNH:0
FNDA:0,constructor
DA:12,0
LF:1
LH:0
BRF:0
BRH:0
end_of_record
TN:
SF:/Users/oker/Desktop/Projects/OKX/sor_smartcontract_dev/contracts/8/mock/IERC2612Permit.sol
FNF:0
FNH:0
LF:0
LH:0
BRF:0
BRH:0
end_of_record
TN:
SF:/Users/oker/Desktop/Projects/OKX/sor_smartcontract_dev/contracts/8/mock/MockBancor.sol
FN:8,reserveBalance
FN:14,conversionFee
FN:18,setConversionFee
FNF:3
FNH:0
FNDA:0,reserveBalance
FNDA:0,conversionFee
FNDA:0,setConversionFee
DA:11,0
DA:15,0
LF:2
LH:0
BRF:0
BRH:0
end_of_record
TN:
SF:/Users/oker/Desktop/Projects/OKX/sor_smartcontract_dev/contracts/8/mock/MockDexRouterForLocalPMMTest.sol
FN:61,initialize
FN:89,isExpired
FN:98,_exeForks
FN:144,_exeHop
FN:187,_deposit
FN:209,_transferTokenToUser
FN:235,_tryPmmSwap
FN:312,bytes32ToAddress
FN:322,isReplace
FN:328,isHopReplace
FN:334,getPmmIIndex
FN:340,getPmmJIndex
FN:350,setApproveProxy
FN:369,smartSwap
FNF:14
FNH:0
FNDA:0,initialize
FNDA:0,isExpired
FNDA:0,_exeForks
FNDA:0,_exeHop
FNDA:0,_deposit
FNDA:0,_transferTokenToUser
FNDA:0,_tryPmmSwap
FNDA:0,bytes32ToAddress
FNDA:0,isReplace
FNDA:0,isHopReplace
FNDA:0,getPmmIIndex
FNDA:0,getPmmJIndex
FNDA:0,setApproveProxy
FNDA:0,smartSwap
DA:63,0
DA:64,0
DA:65,0
DA:66,0
DA:90,0
DA:91,0
DA:99,0
DA:102,0
DA:103,0
DA:104,0
DA:105,0
DA:106,0
DA:107,0
DA:112,0
DA:113,0
DA:114,0
DA:115,0
DA:121,0
DA:127,0
DA:128,0
DA:134,0
DA:140,0
DA:149,0
DA:150,0
DA:153,0
DA:154,0
DA:155,0
DA:156,0
DA:157,0
DA:162,0
DA:163,0
DA:164,0
DA:165,0
DA:171,0
DA:172,0
DA:173,0
DA:174,0
DA:178,0
DA:183,0
DA:193,0
DA:194,0
DA:195,0
DA:196,0
DA:197,0
DA:205,0
DA:210,0
DA:211,0
DA:214,0
DA:215,0
DA:219,0
DA:223,0
DA:224,0
DA:225,0
DA:228,0
DA:229,0
DA:230,0
DA:240,0
DA:241,0
DA:242,0
DA:243,0
DA:245,0
DA:247,0
DA:252,0
DA:253,0
DA:254,0
DA:264,0
DA:267,0
DA:268,0
DA:269,0
DA:279,0
DA:282,0
DA:283,0
DA:285,0
DA:286,0
DA:287,0
DA:290,0
DA:295,0
DA:298,0
DA:299,0
DA:309,0
DA:317,0
DA:323,0
DA:329,0
DA:335,0
DA:341,0
DA:351,0
DA:353,0
DA:373,0
DA:377,0
DA:378,0
DA:381,0
DA:384,0
DA:392,0
DA:394,0
DA:395,0
DA:396,0
DA:398,0
DA:405,0
DA:406,0
DA:407,0
DA:414,0
DA:415,0
DA:418,0
DA:422,0
DA:429,0
DA:434,0
DA:436,0
DA:440,0
DA:441,0
DA:444,0
DA:447,0
DA:452,0
LF:112
LH:0
BRDA:90,1,0,0
BRDA:90,1,1,0
BRDA:112,2,0,0
BRDA:112,2,1,0
BRDA:127,3,0,0
BRDA:127,3,1,0
BRDA:153,4,0,0
BRDA:153,4,1,0
BRDA:156,5,0,0
BRDA:156,5,1,0
BRDA:163,6,0,0
BRDA:163,6,1,0
BRDA:171,7,0,0
BRDA:171,7,1,0
BRDA:174,8,0,0
BRDA:174,8,1,0
BRDA:193,9,0,0
BRDA:193,9,1,0
BRDA:194,10,0,0
BRDA:194,10,1,0
BRDA:196,11,0,0
BRDA:196,11,1,0
BRDA:210,12,0,0
BRDA:210,12,1,0
BRDA:214,13,0,0
BRDA:214,13,1,0
BRDA:224,14,0,0
BRDA:224,14,1,0
BRDA:229,15,0,0
BRDA:229,15,1,0
BRDA:243,16,0,0
BRDA:243,16,1,0
BRDA:252,17,0,0
BRDA:252,17,1,0
BRDA:267,18,0,0
BRDA:267,18,1,0
BRDA:373,19,0,0
BRDA:373,19,1,0
BRDA:398,20,0,0
BRDA:398,20,1,0
BRDA:405,21,0,0
BRDA:405,21,1,0
BRDA:407,22,0,0
BRDA:407,22,1,0
BRDA:418,23,0,0
BRDA:418,23,1,0
BRDA:447,24,0,0
BRDA:447,24,1,0
BRF:48
BRH:0
end_of_record
TN:
SF:/Users/oker/Desktop/Projects/OKX/sor_smartcontract_dev/contracts/8/mock/MockERC20.sol
FN:11,constructor
FNF:1
FNH:0
FNDA:0,constructor
DA:12,0
LF:1
LH:0
BRF:0
BRH:0
end_of_record
TN:
SF:/Users/oker/Desktop/Projects/OKX/sor_smartcontract_dev/contracts/8/mock/MockUniV2/UniswapRouter.sol
FN:19,ensure
FN:24,constructor
FN:34,_addLiquidity
FN:76,addLiquidity
FN:103,addLiquidityETH
FN:129,removeLiquidity
FN:146,removeLiquidityETH
FN:161,removeLiquidityWithPermit
FN:180,removeLiquidityETHWithPermit
FN:206,removeLiquidityETHSupportingFeeOnTransferTokens
FN:213,removeLiquidityETHWithPermitSupportingFeeOnTransferTokens
FN:240,_swap
FN:261,swapExactTokensForTokens
FN:274,swapTokensForExactTokens
FN:286,swapExactETHForTokens
FN:301,swapTokensForExactETH
FN:317,swapExactTokensForETH
FN:332,swapETHForExactTokens
FN:345,_swapSupportingFeeOnTransferTokens
FN:373,swapExactTokensForTokensSupportingFeeOnTransferTokens
FN:431,quote
FN:439,getAmountOut
FN:447,getAmountIn
FN:455,getAmountsOut
FN:465,getAmountsIn
FNF:25
FNH:0
FNDA:0,ensure
FNDA:0,constructor
FNDA:0,_addLiquidity
FNDA:0,addLiquidity
FNDA:0,addLiquidityETH
FNDA:0,removeLiquidity
FNDA:0,removeLiquidityETH
FNDA:0,removeLiquidityWithPermit
FNDA:0,removeLiquidityETHWithPermit
FNDA:0,removeLiquidityETHSupportingFeeOnTransferTokens
FNDA:0,removeLiquidityETHWithPermitSupportingFeeOnTransferTokens
FNDA:0,_swap
FNDA:0,swapExactTokensForTokens
FNDA:0,swapTokensForExactTokens
FNDA:0,swapExactETHForTokens
FNDA:0,swapTokensForExactETH
FNDA:0,swapExactTokensForETH
FNDA:0,swapETHForExactTokens
FNDA:0,_swapSupportingFeeOnTransferTokens
FNDA:0,swapExactTokensForTokensSupportingFeeOnTransferTokens
FNDA:0,quote
FNDA:0,getAmountOut
FNDA:0,getAmountIn
FNDA:0,getAmountsOut
FNDA:0,getAmountsIn
DA:20,0
DA:21,0
DA:25,0
DA:26,0
DA:30,0
DA:43,0
DA:44,0
DA:46,0
DA:47,0
DA:48,0
DA:50,0
DA:51,0
DA:52,0
DA:53,0
DA:55,0
DA:56,0
DA:57,0
DA:58,0
DA:83,0
DA:84,0
DA:86,0
DA:87,0
DA:88,0
DA:110,0
DA:111,0
DA:112,0
DA:113,0
DA:114,0
DA:115,0
DA:117,0
DA:130,0
DA:131,0
DA:132,0
DA:133,0
DA:134,0
DA:135,0
DA:136,0
DA:147,0
DA:156,0
DA:157,0
DA:158,0
DA:174,0
DA:175,0
DA:176,0
DA:177,0
DA:192,0
DA:193,0
DA:194,0
DA:195,0
DA:207,0
DA:208,0
DA:209,0
DA:210,0
DA:225,0
DA:226,0
DA:227,0
DA:228,0
DA:245,0
DA:246,0
DA:247,0
DA:248,0
DA:249,0
DA:250,0
DA:251,0
DA:262,0
DA:263,0
DA:264,0
DA:265,0
DA:275,0
DA:276,0
DA:277,0
DA:278,0
DA:287,0
DA:288,0
DA:289,0
DA:290,0
DA:291,0
DA:292,0
DA:302,0
DA:303,0
DA:304,0
DA:305,0
DA:306,0
DA:307,0
DA:308,0
DA:318,0
DA:319,0
DA:320,0
DA:321,0
DA:322,0
DA:323,0
DA:324,0
DA:333,0
DA:334,0
DA:335,0
DA:336,0
DA:337,0
DA:338,0
DA:340,0
DA:346,0
DA:347,0
DA:348,0
DA:349,0
DA:350,0
DA:351,0
DA:352,0
DA:354,0
DA:355,0
DA:356,0
DA:357,0
DA:359,0
DA:362,0
DA:363,0
DA:374,0
DA:375,0
DA:376,0
DA:377,0
DA:436,0
DA:444,0
DA:452,0
DA:462,0
DA:472,0
LF:122
LH:0
BRDA:20,1,0,0
BRDA:20,1,1,0
BRDA:43,2,0,0
BRDA:43,2,1,0
BRDA:47,3,0,0
BRDA:47,3,1,0
BRDA:51,4,0,0
BRDA:51,4,1,0
BRDA:52,5,0,0
BRDA:52,5,1,0
BRDA:57,6,0,0
BRDA:57,6,1,0
BRDA:117,7,0,0
BRDA:117,7,1,0
BRDA:135,8,0,0
BRDA:135,8,1,0
BRDA:136,9,0,0
BRDA:136,9,1,0
BRDA:263,10,0,0
BRDA:263,10,1,0
BRDA:276,11,0,0
BRDA:276,11,1,0
BRDA:287,12,0,0
BRDA:287,12,1,0
BRDA:289,13,0,0
BRDA:289,13,1,0
BRDA:302,14,0,0
BRDA:302,14,1,0
BRDA:304,15,0,0
BRDA:304,15,1,0
BRDA:318,16,0,0
BRDA:318,16,1,0
BRDA:320,17,0,0
BRDA:320,17,1,0
BRDA:333,18,0,0
BRDA:333,18,1,0
BRDA:335,19,0,0
BRDA:335,19,1,0
BRDA:340,20,0,0
BRDA:340,20,1,0
BRDA:377,21,0,0
BRDA:377,21,1,0
BRF:42
BRH:0
end_of_record
TN:
SF:/Users/oker/Desktop/Projects/OKX/sor_smartcontract_dev/contracts/8/mock/MockUniV2/UniswapV2ERC20.sol
FN:24,constructor
FN:40,_mint
FN:46,_burn
FN:52,_approve
FN:61,_transfer
FN:71,approve
FN:76,transfer
FN:81,transferFrom
FN:93,permit
FNF:9
FNH:0
FNDA:0,constructor
FNDA:0,_mint
FNDA:0,_burn
FNDA:0,_approve
FNDA:0,_transfer
FNDA:0,approve
FNDA:0,transfer
FNDA:0,transferFrom
FNDA:0,permit
DA:25,0
DA:26,0
DA:29,0
DA:41,0
DA:42,0
DA:43,0
DA:47,0
DA:48,0
DA:49,0
DA:57,0
DA:58,0
DA:66,0
DA:67,0
DA:68,0
DA:72,0
DA:73,0
DA:77,0
DA:78,0
DA:86,0
DA:87,0
DA:89,0
DA:90,0
DA:102,0
DA:103,0
DA:110,0
DA:111,0
DA:112,0
LF:27
LH:0
BRDA:86,1,0,0
BRDA:86,1,1,0
BRDA:102,2,0,0
BRDA:102,2,1,0
BRDA:111,3,0,0
BRDA:111,3,1,0
BRF:6
BRH:0
end_of_record
TN:
SF:/Users/oker/Desktop/Projects/OKX/sor_smartcontract_dev/contracts/8/mock/MockUniV2/UniswapV2Factory.sol
FN:15,constructor
FN:19,allPairsLength
FN:23,createPair
FN:40,setFeeTo
FN:45,setFeeToSetter
FNF:5
FNH:0
FNDA:0,constructor
FNDA:0,allPairsLength
FNDA:0,createPair
FNDA:0,setFeeTo
FNDA:0,setFeeToSetter
DA:16,0
DA:20,0
DA:24,0
DA:25,0
DA:26,0
DA:27,0
DA:28,0
DA:29,0
DA:30,0
DA:33,0
DA:34,0
DA:35,0
DA:36,0
DA:37,0
DA:41,0
DA:42,0
DA:46,0
DA:47,0
LF:18
LH:0
BRDA:24,1,0,0
BRDA:24,1,1,0
BRDA:26,2,0,0
BRDA:26,2,1,0
BRDA:27,3,0,0
BRDA:27,3,1,0
BRDA:41,4,0,0
BRDA:41,4,1,0
BRDA:46,5,0,0
BRDA:46,5,1,0
BRF:10
BRH:0
end_of_record
TN:
SF:/Users/oker/Desktop/Projects/OKX/sor_smartcontract_dev/contracts/8/mock/MockUniV2/UniswapV2Library.sol
FN:12,sortTokens
FN:19,pairFor
FN:28,getReserves
FN:40,quote
FN:51,getAmountOut
FN:65,getAmountIn
FN:78,getAmountsOut
FN:93,getAmountsIn
FNF:8
FNH:0
FNDA:0,sortTokens
FNDA:0,pairFor
FNDA:0,getReserves
FNDA:0,quote
FNDA:0,getAmountOut
FNDA:0,getAmountIn
FNDA:0,getAmountsOut
FNDA:0,getAmountsIn
DA:13,0
DA:14,0
DA:15,0
DA:24,0
DA:33,0
DA:34,0
DA:35,0
DA:36,0
DA:45,0
DA:46,0
DA:47,0
DA:56,0
DA:57,0
DA:58,0
DA:59,0
DA:60,0
DA:61,0
DA:70,0
DA:71,0
DA:72,0
DA:73,0
DA:74,0
DA:83,0
DA:84,0
DA:85,0
DA:86,0
DA:87,0
DA:88,0
DA:98,0
DA:99,0
DA:100,0
DA:101,0
DA:102,0
DA:103,0
LF:34
LH:0
BRDA:13,1,0,0
BRDA:13,1,1,0
BRDA:15,2,0,0
BRDA:15,2,1,0
BRDA:45,3,0,0
BRDA:45,3,1,0
BRDA:46,4,0,0
BRDA:46,4,1,0
BRDA:56,5,0,0
BRDA:56,5,1,0
BRDA:57,6,0,0
BRDA:57,6,1,0
BRDA:70,7,0,0
BRDA:70,7,1,0
BRDA:71,8,0,0
BRDA:71,8,1,0
BRDA:83,9,0,0
BRDA:83,9,1,0
BRDA:98,10,0,0
BRDA:98,10,1,0
BRF:20
BRH:0
end_of_record
TN:
SF:/Users/oker/Desktop/Projects/OKX/sor_smartcontract_dev/contracts/8/mock/MockUniV2/UniswapV2Pair.sol
FN:31,lock
FN:38,getReserves
FN:52,_safeTransfer
FN:73,constructor
FN:78,initialize
FN:85,_update
FN:106,_mintFee
FN:127,mint
FN:151,burn
FN:181,swap
FN:213,skim
FN:221,sync
FNF:12
FNH:0
FNDA:0,lock
FNDA:0,getReserves
FNDA:0,_safeTransfer
FNDA:0,constructor
FNDA:0,initialize
FNDA:0,_update
FNDA:0,_mintFee
FNDA:0,mint
FNDA:0,burn
FNDA:0,swap
FNDA:0,skim
FNDA:0,sync
DA:32,0
DA:33,0
DA:34,0
DA:35,0
DA:47,0
DA:48,0
DA:49,0
DA:57,0
DA:58,0
DA:74,0
DA:79,0
DA:80,0
DA:81,0
DA:91,0
DA:92,0
DA:93,0
DA:94,0
DA:96,0
DA:97,0
DA:99,0
DA:100,0
DA:101,0
DA:102,0
DA:107,0
DA:108,0
DA:109,0
DA:110,0
DA:111,0
DA:112,0
DA:113,0
DA:114,0
DA:115,0
DA:116,0
DA:117,0
DA:118,0
DA:122,0
DA:128,0
DA:129,0
DA:130,0
DA:131,0
DA:132,0
DA:134,0
DA:135,0
DA:136,0
DA:137,0
DA:138,0
DA:140,0
DA:142,0
DA:143,0
DA:145,0
DA:146,0
DA:147,0
DA:152,0
DA:153,0
DA:154,0
DA:155,0
DA:156,0
DA:157,0
DA:159,0
DA:160,0
DA:161,0
DA:162,0
DA:163,0
DA:164,0
DA:165,0
DA:166,0
DA:167,0
DA:168,0
DA:170,0
DA:171,0
DA:172,0
DA:182,0
DA:183,0
DA:184,0
DA:185,0
DA:186,0
DA:187,0
DA:189,0
DA:190,0
DA:191,0
DA:192,0
DA:193,0
DA:194,0
DA:195,0
DA:196,0
DA:198,0
DA:199,0
DA:200,0
DA:201,0
DA:203,0
DA:204,0
DA:205,0
DA:208,0
DA:209,0
DA:214,0
DA:215,0
DA:216,0
DA:217,0
DA:222,0
LF:99
LH:0
BRDA:32,1,0,0
BRDA:32,1,1,0
BRDA:58,2,0,0
BRDA:58,2,1,0
BRDA:79,3,0,0
BRDA:79,3,1,0
BRDA:91,4,0,0
BRDA:91,4,1,0
BRDA:94,5,0,0
BRDA:94,5,1,0
BRDA:110,6,0,0
BRDA:110,6,1,0
BRDA:111,7,0,0
BRDA:111,7,1,0
BRDA:114,8,0,0
BRDA:114,8,1,0
BRDA:118,9,0,0
BRDA:118,9,1,0
BRDA:121,10,0,0
BRDA:121,10,1,0
BRDA:136,11,0,0
BRDA:136,11,1,0
BRDA:142,12,0,0
BRDA:142,12,1,0
BRDA:146,13,0,0
BRDA:146,13,1,0
BRDA:163,14,0,0
BRDA:163,14,1,0
BRDA:171,15,0,0
BRDA:171,15,1,0
BRDA:182,16,0,0
BRDA:182,16,1,0
BRDA:184,17,0,0
BRDA:184,17,1,0
BRDA:191,18,0,0
BRDA:191,18,1,0
BRDA:192,19,0,0
BRDA:192,19,1,0
BRDA:193,20,0,0
BRDA:193,20,1,0
BRDA:194,21,0,0
BRDA:194,21,1,0
BRDA:200,22,0,0
BRDA:200,22,1,0
BRDA:205,23,0,0
BRDA:205,23,1,0
BRF:46
BRH:0
end_of_record
TN:
SF:/Users/oker/Desktop/Projects/OKX/sor_smartcontract_dev/contracts/8/mock/WETH9.sol
FN:39,deposit
FN:44,withdraw
FN:52,mint
FN:56,totalSupply
FN:60,approve
FN:66,transfer
FN:70,transferFrom
FNF:7
FNH:0
FNDA:0,deposit
FNDA:0,withdraw
FNDA:0,mint
FNDA:0,totalSupply
FNDA:0,approve
FNDA:0,transfer
FNDA:0,transferFrom
DA:36,0
DA:40,0
DA:41,0
DA:45,0
DA:46,0
DA:47,0
DA:48,0
DA:53,0
DA:57,0
DA:61,0
DA:62,0
DA:63,0
DA:67,0
DA:75,0
DA:77,0
DA:80,0
DA:81,0
DA:84,0
DA:85,0
DA:87,0
DA:89,0
LF:21
LH:0
BRDA:45,1,0,0
BRDA:45,1,1,0
BRDA:75,2,0,0
BRDA:75,2,1,0
BRDA:77,3,0,0
BRDA:77,3,1,0
BRDA:80,4,0,0
BRDA:80,4,1,0
BRF:8
BRH:0
end_of_record
TN:
SF:/Users/oker/Desktop/Projects/OKX/sor_smartcontract_dev/contracts/8/TemplateCode.sol
FN:11,initialize
FNF:1
FNH:0
FNDA:0,initialize
DA:12,0
DA:13,0
LF:2
LH:0
BRF:0
BRH:0
end_of_record
TN:
SF:/Users/oker/Desktop/Projects/OKX/sor_smartcontract_dev/contracts/8/test/SerializeTest.sol
FN:15,bytesToBytes32
FN:31,bytesToUint256
FN:52,uint256ToBytes
FN:79,bytesToAddress
FN:96,addressToBytes
FN:118,hashLeaf
FN:131,hashChildren
FN:146,slice
FN:223,containMAddresses
FN:244,compressMCPubKey
FN:271,isContract
FN:294,initialize
FN:322,serializeAddress
FN:342,deserializeAddress
FN:359,crossChain
FN:389,serializeBaseParam
FN:407,deserializeBaseParam
FNF:17
FNH:0
FNDA:0,bytesToBytes32
FNDA:0,bytesToUint256
FNDA:0,uint256ToBytes
FNDA:0,bytesToAddress
FNDA:0,addressToBytes
FNDA:0,hashLeaf
FNDA:0,hashChildren
FNDA:0,slice
FNDA:0,containMAddresses
FNDA:0,compressMCPubKey
FNDA:0,isContract
FNDA:0,initialize
FNDA:0,serializeAddress
FNDA:0,deserializeAddress
FNDA:0,crossChain
FNDA:0,serializeBaseParam
FNDA:0,deserializeBaseParam
DA:20,0
DA:21,0
DA:36,0
DA:37,0
DA:41,0
DA:57,0
DA:62,0
DA:84,0
DA:85,0
DA:101,0
DA:123,0
DA:136,0
DA:151,0
DA:153,0
DA:155,0
DA:214,0
DA:228,0
DA:229,0
DA:230,0
DA:231,0
DA:232,0
DA:233,0
DA:237,0
DA:249,0
DA:250,0
DA:251,0
DA:252,0
DA:254,0
DA:256,0
DA:279,0
DA:280,0
DA:282,0
DA:285,0
DA:295,0
DA:327,0
DA:328,0
DA:329,0
DA:330,0
DA:335,0
DA:347,0
DA:348,0
DA:349,0
DA:350,0
DA:351,0
DA:352,0
DA:353,0
DA:354,0
DA:356,0
DA:366,0
DA:369,0
DA:372,0
DA:386,0
DA:396,0
DA:404,0
DA:418,0
DA:419,0
DA:420,0
DA:421,0
DA:422,0
DA:423,0
DA:424,0
DA:425,0
DA:426,0
DA:427,0
DA:428,0
DA:429,0
LF:66
LH:0
BRDA:20,1,0,0
BRDA:20,1,1,0
BRDA:36,2,0,0
BRDA:36,2,1,0
BRDA:41,3,0,0
BRDA:41,3,1,0
BRDA:57,4,0,0
BRDA:57,4,1,0
BRDA:84,5,0,0
BRDA:84,5,1,0
BRDA:151,6,0,0
BRDA:151,6,1,0
BRDA:231,7,0,0
BRDA:231,7,1,0
BRDA:249,8,0,0
BRDA:249,8,1,0
BRDA:251,9,0,0
BRDA:251,9,1,0
BRF:18
BRH:0
end_of_record
TN:
SF:/Users/oker/Desktop/Projects/OKX/sor_smartcontract_dev/contracts/8/TokenApprove.sol
FN:17,initialize
FN:40,setApproveProxy
FN:49,claimTokens
FNF:3
FNH:0
FNDA:0,initialize
FNDA:0,setApproveProxy
FNDA:0,claimTokens
DA:18,0
DA:19,0
DA:41,0
DA:42,0
DA:55,0
DA:56,0
DA:57,0
LF:7
LH:0
BRDA:55,1,0,0
BRDA:55,1,1,0
BRDA:56,2,0,0
BRDA:56,2,1,0
BRF:4
BRH:0
end_of_record
TN:
SF:/Users/oker/Desktop/Projects/OKX/sor_smartcontract_dev/contracts/8/TokenApproveProxy.sol
FN:16,initialize
FN:36,addProxy
FN:41,removeProxy
FN:46,setTokenApprove
FN:55,claimTokens
FN:65,isAllowedProxy
FNF:6
FNH:0
FNDA:0,initialize
FNDA:0,addProxy
FNDA:0,removeProxy
FNDA:0,setTokenApprove
FNDA:0,claimTokens
FNDA:0,isAllowedProxy
DA:17,0
DA:37,0
DA:38,0
DA:42,0
DA:43,0
DA:47,0
DA:48,0
DA:61,0
DA:62,0
DA:66,0
LF:10
LH:0
BRDA:61,1,0,0
BRDA:61,1,1,0
BRF:2
BRH:0
end_of_record
TN:
SF:/Users/oker/Desktop/Projects/OKX/sor_smartcontract_dev/contracts/8/UnxswapRouter.sol
FN:26,_permit
FN:97,unxswapWithPermit
FN:114,unxswap
FNF:3
FNH:0
FNDA:0,_permit
FNDA:0,unxswapWithPermit
FNDA:0,unxswap
DA:20,0
DA:27,0
DA:28,0
DA:29,0
DA:30,0
DA:32,0
DA:35,0
DA:37,0
DA:39,0
DA:40,0
DA:104,0
DA:105,0
DA:121,0
DA:279,0
DA:280,0
DA:281,0
DA:282,0
DA:286,0
DA:287,0
LF:19
LH:0
BRDA:20,1,0,0
BRDA:20,1,1,0
BRDA:27,2,0,0
BRDA:27,2,1,0
BRDA:30,3,0,0
BRDA:30,3,1,0
BRDA:33,4,0,0
BRDA:33,4,1,0
BRDA:39,5,0,0
BRDA:39,5,1,0
BRF:10
BRH:0
end_of_record
TN:
SF:/Users/oker/Desktop/Projects/OKX/sor_smartcontract_dev/contracts/8/WNativeRelayer.sol
FN:17,initialize
FN:25,onlyWhitelistCaller
FN:30,setCallerOk
FN:39,withdraw
FNF:4
FNH:0
FNDA:0,initialize
FNDA:0,onlyWhitelistCaller
FNDA:0,setCallerOk
FNDA:0,withdraw
DA:18,0
DA:19,0
DA:20,0
DA:22,0
DA:26,0
DA:27,0
DA:31,0
DA:32,0
DA:33,0
DA:35,0
DA:40,0
DA:41,0
DA:42,0
LF:13
LH:0
BRDA:26,1,0,0
BRDA:26,1,1,0
BRDA:42,2,0,0
BRDA:42,2,1,0
BRF:4
BRH:0
end_of_record
